#
# A fatal error has been detected by the Java Runtime Environment:
#
#  EXCEPTION_ACCESS_VIOLATION (0xc0000005) at pc=0x00007ffecf0b8a90, pid=10800, tid=10696
#
# JRE version: OpenJDK Runtime Environment Temurin-17.0.1+12 (17.0.1+12) (build 17.0.1+12)
# Java VM: OpenJDK 64-Bit Server VM Temurin-17.0.1+12 (17.0.1+12, mixed mode, tiered, compressed oops, compressed class ptrs, parallel gc, windows-amd64)
# Problematic frame:
# V  [jvm.dll+0x2e8a90]
#
# No core dump will be written. Minidumps are not enabled by default on client versions of Windows
#
# If you would like to submit a bug report, please visit:
#   https://github.com/adoptium/adoptium-support/issues
#

---------------  S U M M A R Y ------------

Command Line: --add-modules=ALL-SYSTEM --add-opens=java.base/java.util=ALL-UNNAMED --add-opens=java.base/java.lang=ALL-UNNAMED -Declipse.application=org.eclipse.jdt.ls.core.id1 -Dosgi.bundles.defaultStartLevel=4 -Declipse.product=org.eclipse.jdt.ls.core.product -Djava.import.generatesMetadataFilesAtProjectRoot=false -Dfile.encoding=utf8 -DwatchParentProcess=false -XX:+UseParallelGC -XX:GCTimeRatio=4 -XX:AdaptiveSizePolicyWeight=90 -Dsun.zip.disableMemoryMapping=true -Xmx1G -Xms100m -XX:+HeapDumpOnOutOfMemoryError -XX:HeapDumpPath=c:\Users\ajsan\AppData\Roaming\Code\User\workspaceStorage\26f2ebb4d7ad0a7771a0877a0f146e7e\redhat.java c:\Users\ajsan\.vscode\extensions\redhat.java-1.2.0\server\plugins\org.eclipse.equinox.launcher_1.6.400.v20210924-0641.jar -configuration c:\Users\ajsan\AppData\Roaming\Code\User\globalStorage\redhat.java\1.2.0\config_win -data c:\Users\ajsan\AppData\Roaming\Code\User\workspaceStorage\26f2ebb4d7ad0a7771a0877a0f146e7e\redhat.java\jdt_ws

Host: Intel(R) Core(TM) i5-9600K CPU @ 3.70GHz, 6 cores, 14G,  Windows 10 , 64 bit Build 19041 (10.0.19041.1348)
Time: Thu Dec 23 15:54:02 2021 Hora oficial do Brasil elapsed time: 10612.919547 seconds (0d 2h 56m 52s)

---------------  T H R E A D  ---------------

Current thread (0x00000250ee1a7a90):  GCTaskThread "GC Thread#3" [stack: 0x0000005826100000,0x0000005826200000] [id=10696]

Stack: [0x0000005826100000,0x0000005826200000],  sp=0x00000058261ff980,  free space=1022k
Native frames: (J=compiled Java code, j=interpreted, Vv=VM code, C=native code)
V  [jvm.dll+0x2e8a90]
V  [jvm.dll+0x6b49d8]
V  [jvm.dll+0x6b4e3f]
V  [jvm.dll+0x85b53b]
V  [jvm.dll+0x85b586]
V  [jvm.dll+0x7de51a]
V  [jvm.dll+0x673305]
C  [ucrtbase.dll+0x21bb2]
C  [KERNEL32.DLL+0x17034]
C  [ntdll.dll+0x52651]


siginfo: EXCEPTION_ACCESS_VIOLATION (0xc0000005), reading address 0xffffffffffffffff


Register to memory mapping:

RIP=0x00007ffecf0b8a90 jvm.dll
RAX=0x002a9d9800000ed0 is an unknown value
RBX=0x0000000000000002 is an unknown value
RCX=0x0000000000003074 is an unknown value
RDX=0x00000000ffffffff is an unallocated location in the heap
RSP=0x00000058261ff980 points into unknown readable memory: 0x0000000000000002 | 02 00 00 00 00 00 00 00
RBP=0x0000000000000004 is an unknown value
RSI=0x00000250eb8f71e0 points into unknown readable memory: 0x0000000000000000 | 00 00 00 00 00 00 00 00
RDI=0x00000250eb8044a0 points into unknown readable memory: 0x00007ffecf71e1c8 | c8 e1 71 cf fe 7f 00 00
R8 =0x0 is NULL
R9 =0x0000000000000004 is an unknown value
R10=0x00000000000021a4 is an unknown value
R11=0x00000250eb8f64e0 points into unknown readable memory: 0x0000000000000000 | 00 00 00 00 00 00 00 00
R12=0x0 is NULL
R13=0x00000250edaa1300 points into unknown readable memory: 0x646a003100000002 | 02 00 00 00 31 00 6a 64
R14=0x0000000000000020 is an unknown value
R15=0x00000058261ffa00 points into unknown readable memory: 0x00000000cda8e6b5 | b5 e6 a8 cd 00 00 00 00


Registers:
RAX=0x002a9d9800000ed0, RBX=0x0000000000000002, RCX=0x0000000000003074, RDX=0x00000000ffffffff
RSP=0x00000058261ff980, RBP=0x0000000000000004, RSI=0x00000250eb8f71e0, RDI=0x00000250eb8044a0
R8 =0x0000000000000000, R9 =0x0000000000000004, R10=0x00000000000021a4, R11=0x00000250eb8f64e0
R12=0x0000000000000000, R13=0x00000250edaa1300, R14=0x0000000000000020, R15=0x00000058261ffa00
RIP=0x00007ffecf0b8a90, EFLAGS=0x0000000000010202

Top of Stack: (sp=0x00000058261ff980)
0x00000058261ff980:   0000000000000002 00000250edaa1300
0x00000058261ff990:   00000058250ff4b8 0000000000000002
0x00000058261ff9a0:   0000000000000005 0000000000000002
0x00000058261ff9b0:   00000058250ff510 00007ffecf4849d8
0x00000058261ff9c0:   00000250eb8f6480 00000250eb8f6480
0x00000058261ff9d0:   0000000000000000 002a9d9800000ed0
0x00000058261ff9e0:   00000058250ff3b0 00007ffecf484e3f
0x00000058261ff9f0:   0000000000000000 00000058261ffa89
0x00000058261ffa00:   00000000cda8e6b5 00000058250ff4f0
0x00000058261ffa10:   00000250eb8f6480 0000000000000002
0x00000058261ffa20:   0000025000000006 00007ffecf8e27c0
0x00000058261ffa30:   0000000200000002 00000250eb8f6480
0x00000058261ffa40:   00007ffecf77e0b8 00000250eb8f6480
0x00000058261ffa50:   00000058250ff3b0 00000250edb117e0
0x00000058261ffa60:   00000000000003d8 00000250edb117f0
0x00000058261ffa70:   00000250edb11bc8 00007ffecf77e228 

Instructions: (pc=0x00007ffecf0b8a90)
0x00007ffecf0b8990:   b8 5f 0b 4e 83 41 f7 e8 41 03 d0 c1 fa 10 8b c2
0x00007ffecf0b89a0:   c1 e8 1f 03 d0 41 69 c0 a7 41 00 00 69 ca ff ff
0x00007ffecf0b89b0:   ff 7f 2b c1 85 c0 8d 88 ff ff ff 7f 0f 4e c1 33
0x00007ffecf0b89c0:   d2 41 89 83 04 02 00 00 f7 77 08 eb b3 41 8b c1
0x00007ffecf0b89d0:   4c 8d 34 c5 00 00 00 00 48 8b 47 10 49 8b 0c 06
0x00007ffecf0b89e0:   8b 81 00 01 00 00 44 8b 91 80 00 00 00 44 2b d0
0x00007ffecf0b89f0:   8b c2 41 81 e2 ff ff 01 00 41 81 fa ff ff 01 00
0x00007ffecf0b8a00:   45 0f 44 d4 48 8d 34 c5 00 00 00 00 48 8b 47 10
0x00007ffecf0b8a10:   48 8b 0c 06 8b 81 00 01 00 00 44 8b 81 80 00 00
0x00007ffecf0b8a20:   00 44 2b c0 32 c0 41 81 e0 ff ff 01 00 41 81 f8
0x00007ffecf0b8a30:   ff ff 01 00 45 0f 44 c4 45 3b c2 76 21 48 8b 47
0x00007ffecf0b8a40:   10 48 8b 34 06 48 8b 86 00 01 00 00 48 89 44 24
0x00007ffecf0b8a50:   40 8b 8e 80 00 00 00 48 8b 44 24 40 eb 2b 45 85
0x00007ffecf0b8a60:   d2 0f 84 8d 00 00 00 48 8b 47 10 41 8b d1 49 8b
0x00007ffecf0b8a70:   34 06 48 8b 86 00 01 00 00 48 89 44 24 58 8b 8e
0x00007ffecf0b8a80:   80 00 00 00 48 8b 44 24 58 2b c8 81 e1 ff ff 01
0x00007ffecf0b8a90:   00 81 f9 ff ff 01 00 41 0f 44 cc 85 c9 75 13 ba
0x00007ffecf0b8aa0:   ff ff ff ff 32 c0 41 89 93 00 02 00 00 e9 cc 00
0x00007ffecf0b8ab0:   00 00 48 8b 8e 80 01 00 00 4c 8b c8 44 8b c0 4e
0x00007ffecf0b8ac0:   8b 04 c1 8d 48 01 81 e1 ff ff 01 00 4d 89 07 45
0x00007ffecf0b8ad0:   8b c4 41 0f 94 c0 49 c1 e9 20 45 03 c8 49 c1 e1
0x00007ffecf0b8ae0:   20 4c 0b c9 f0 4c 0f b1 8e 00 01 00 00 0f 94 c0
0x00007ffecf0b8af0:   84 c0 75 05 ba ff ff ff ff 41 89 93 00 02 00 00
0x00007ffecf0b8b00:   eb 7c 75 7e 48 8b 47 10 8d 4b ff 83 e1 01 4c 8b
0x00007ffecf0b8b10:   14 c8 49 8b 82 00 01 00 00 48 89 04 24 41 8b 8a
0x00007ffecf0b8b20:   80 00 00 00 48 8b 04 24 2b c8 81 e1 ff ff 01 00
0x00007ffecf0b8b30:   81 f9 ff ff 01 00 41 0f 44 cc 85 c9 75 04 32 c0
0x00007ffecf0b8b40:   eb 3c 49 8b 8a 80 01 00 00 4c 8b c0 8b d0 48 8b
0x00007ffecf0b8b50:   14 d1 8d 48 01 81 e1 ff ff 01 00 49 89 17 41 8b
0x00007ffecf0b8b60:   d4 0f 94 c2 49 c1 e8 20 44 03 c2 49 c1 e0 20 4c
0x00007ffecf0b8b70:   0b c1 f0 4d 0f b1 82 00 01 00 00 0f 94 c0 84 c0
0x00007ffecf0b8b80:   75 29 8b 4f 08 ff c5 8d 04 09 3b e8 0f 82 80 fd 


Stack slot to memory mapping:
stack at sp + 0 slots: 0x0000000000000002 is an unknown value
stack at sp + 1 slots: 0x00000250edaa1300 points into unknown readable memory: 0x646a003100000002 | 02 00 00 00 31 00 6a 64
stack at sp + 2 slots: 0x00000058250ff4b8 points into unknown readable memory: 0x00000250d5b5cf60 | 60 cf b5 d5 50 02 00 00
stack at sp + 3 slots: 0x0000000000000002 is an unknown value
stack at sp + 4 slots: 0x0000000000000005 is an unknown value
stack at sp + 5 slots: 0x0000000000000002 is an unknown value
stack at sp + 6 slots: 0x00000058250ff510 points into unknown readable memory: 0x0000000000000006 | 06 00 00 00 00 00 00 00
stack at sp + 7 slots: 0x00007ffecf4849d8 jvm.dll


---------------  P R O C E S S  ---------------

Threads class SMR info:
_java_thread_list=0x00000250f1470c70, length=40, elements={
0x00000250d5b6dc00, 0x00000250eb91b500, 0x00000250eb91e6a0, 0x00000250ed958190,
0x00000250ed958f10, 0x00000250ed95b2e0, 0x00000250ed95ee00, 0x00000250eb93f0f0,
0x00000250eb9431c0, 0x00000250eb944a00, 0x00000250d5c2ea50, 0x00000250edb725d0,
0x00000250ee10adc0, 0x00000250ee1ac530, 0x00000250ee1a8a30, 0x00000250ee20eaa0,
0x00000250ef4e9660, 0x00000250ef6aab60, 0x00000250ef386880, 0x00000250ef387220,
0x00000250f2d8b940, 0x00000250f2d8c7b0, 0x00000250f2d8e490, 0x00000250f16703a0,
0x00000250f209a330, 0x00000250f1675f10, 0x00000250f1671bb0, 0x00000250f1672080,
0x00000250f1673890, 0x00000250f16763e0, 0x00000250f166f060, 0x00000250edaf3390,
0x00000250edaf5540, 0x00000250f16733c0, 0x00000250edfb3790, 0x00000250f2d8d620,
0x00000250f2d8dfc0, 0x00000250f2d8b470, 0x00000250edaf2050, 0x00000250edaf46d0
}

Java Threads: ( => current thread )
  0x00000250d5b6dc00 JavaThread "main" [_thread_blocked, id=10436, stack(0x0000005824e00000,0x0000005824f00000)]
  0x00000250eb91b500 JavaThread "Reference Handler" daemon [_thread_blocked, id=10772, stack(0x0000005825100000,0x0000005825200000)]
  0x00000250eb91e6a0 JavaThread "Finalizer" daemon [_thread_blocked, id=9304, stack(0x0000005825200000,0x0000005825300000)]
  0x00000250ed958190 JavaThread "Signal Dispatcher" daemon [_thread_blocked, id=692, stack(0x0000005825300000,0x0000005825400000)]
  0x00000250ed958f10 JavaThread "Attach Listener" daemon [_thread_blocked, id=10644, stack(0x0000005825400000,0x0000005825500000)]
  0x00000250ed95b2e0 JavaThread "Service Thread" daemon [_thread_blocked, id=2336, stack(0x0000005825500000,0x0000005825600000)]
  0x00000250ed95ee00 JavaThread "Monitor Deflation Thread" daemon [_thread_blocked, id=9956, stack(0x0000005825600000,0x0000005825700000)]
  0x00000250eb93f0f0 JavaThread "C2 CompilerThread0" daemon [_thread_blocked, id=10648, stack(0x0000005825700000,0x0000005825800000)]
  0x00000250eb9431c0 JavaThread "C1 CompilerThread0" daemon [_thread_blocked, id=7248, stack(0x0000005825800000,0x0000005825900000)]
  0x00000250eb944a00 JavaThread "Sweeper thread" daemon [_thread_blocked, id=6628, stack(0x0000005825900000,0x0000005825a00000)]
  0x00000250d5c2ea50 JavaThread "Common-Cleaner" daemon [_thread_blocked, id=11088, stack(0x0000005825a00000,0x0000005825b00000)]
  0x00000250edb725d0 JavaThread "Notification Thread" daemon [_thread_blocked, id=10840, stack(0x0000005825c00000,0x0000005825d00000)]
  0x00000250ee10adc0 JavaThread "Active Thread: Equinox Container: 10f10b6c-87b1-4af1-8498-aa73d2a3b2f5" [_thread_blocked, id=1916, stack(0x0000005825e00000,0x0000005825f00000)]
  0x00000250ee1ac530 JavaThread "Framework Event Dispatcher: Equinox Container: 10f10b6c-87b1-4af1-8498-aa73d2a3b2f5" daemon [_thread_blocked, id=10716, stack(0x0000005825b00000,0x0000005825c00000)]
  0x00000250ee1a8a30 JavaThread "Start Level: Equinox Container: 10f10b6c-87b1-4af1-8498-aa73d2a3b2f5" daemon [_thread_blocked, id=10712, stack(0x0000005826400000,0x0000005826500000)]
  0x00000250ee20eaa0 JavaThread "SCR Component Actor" daemon [_thread_blocked, id=9252, stack(0x0000005826500000,0x0000005826600000)]
  0x00000250ef4e9660 JavaThread "Bundle File Closer" daemon [_thread_blocked, id=10704, stack(0x0000005826700000,0x0000005826800000)]
  0x00000250ef6aab60 JavaThread "Worker-JM" [_thread_blocked, id=8940, stack(0x0000005826800000,0x0000005826900000)]
  0x00000250ef386880 JavaThread "Java indexing" daemon [_thread_blocked, id=2608, stack(0x0000005826b00000,0x0000005826c00000)]
  0x00000250ef387220 JavaThread "pool-2-thread-1" [_thread_in_native, id=11084, stack(0x0000005826d00000,0x0000005826e00000)]
  0x00000250f2d8b940 JavaThread "Java Debug Server" daemon [_thread_in_native, id=10580, stack(0x0000005827400000,0x0000005827500000)]
  0x00000250f2d8c7b0 JavaThread "RxSchedulerPurge-1" daemon [_thread_blocked, id=9696, stack(0x0000005827600000,0x0000005827700000)]
  0x00000250f2d8e490 JavaThread "RxCachedWorkerPoolEvictor-1" daemon [_thread_blocked, id=10308, stack(0x0000005827700000,0x0000005827800000)]
  0x00000250f16703a0 JavaThread "ForkJoinPool.commonPool-worker-67" daemon [_thread_blocked, id=2288, stack(0x0000005826a00000,0x0000005826b00000)]
  0x00000250f209a330 JavaThread "ForkJoinPool.commonPool-worker-68" daemon [_thread_blocked, id=14240, stack(0x0000005828200000,0x0000005828300000)]
  0x00000250f1675f10 JavaThread "pool-3-thread-5" [_thread_in_native, id=4032, stack(0x0000005827100000,0x0000005827200000)]
  0x00000250f1671bb0 JavaThread "RxNewThreadScheduler-19" daemon [_thread_blocked, id=4088, stack(0x0000005827300000,0x0000005827400000)]
  0x00000250f1672080 JavaThread "Thread-19" daemon [_thread_in_native, id=12864, stack(0x0000005827800000,0x0000005827900000)]
  0x00000250f1673890 JavaThread "Debuggee Stdout Handler" daemon [_thread_in_native, id=13112, stack(0x0000005827900000,0x0000005827a00000)]
  0x00000250f16763e0 JavaThread "Debuggee Stderr Handler" daemon [_thread_in_native, id=7244, stack(0x0000005827a00000,0x0000005827b00000)]
  0x00000250f166f060 JavaThread "RxNewThreadScheduler-20" daemon [_thread_blocked, id=10956, stack(0x0000005827b00000,0x0000005827c00000)]
  0x00000250edaf3390 JavaThread "ForkJoinPool.commonPool-worker-75" daemon [_thread_blocked, id=5412, stack(0x0000005824c00000,0x0000005824d00000)]
  0x00000250edaf5540 JavaThread "Worker-90" [_thread_blocked, id=8816, stack(0x0000005826e00000,0x0000005826f00000)]
  0x00000250f16733c0 JavaThread "ForkJoinPool.commonPool-worker-77" daemon [_thread_blocked, id=11876, stack(0x0000005827200000,0x0000005827300000)]
  0x00000250edfb3790 JavaThread "ForkJoinPool.commonPool-worker-78" daemon [_thread_blocked, id=12924, stack(0x0000005827d00000,0x0000005827e00000)]
  0x00000250f2d8d620 JavaThread "Worker-91" [_thread_blocked, id=13236, stack(0x0000005824d00000,0x0000005824e00000)]
  0x00000250f2d8dfc0 JavaThread "Worker-93" [_thread_blocked, id=5004, stack(0x0000005824b00000,0x0000005824c00000)]
  0x00000250f2d8b470 JavaThread "Worker-94" [_thread_blocked, id=4024, stack(0x0000005826600000,0x0000005826700000)]
  0x00000250edaf2050 JavaThread "ForkJoinPool.commonPool-worker-79" daemon [_thread_blocked, id=7372, stack(0x0000005826900000,0x0000005826a00000)]
  0x00000250edaf46d0 JavaThread "pool-72-thread-1" [_thread_blocked, id=13496, stack(0x0000005826c00000,0x0000005826d00000)]

Other Threads:
  0x00000250eb7db2e0 VMThread "VM Thread" [stack: 0x0000005825000000,0x0000005825100000] [id=10804]
  0x00000250edb72aa0 WatcherThread [stack: 0x0000005825d00000,0x0000005825e00000] [id=11016]
  0x00000250d5b86c90 GCTaskThread "GC Thread#0" [stack: 0x0000005824f00000,0x0000005825000000] [id=10620]
  0x00000250ee1acb90 GCTaskThread "GC Thread#1" [stack: 0x0000005825f00000,0x0000005826000000] [id=10700]
  0x00000250edbf9110 GCTaskThread "GC Thread#2" [stack: 0x0000005826000000,0x0000005826100000] [id=10608]
=>0x00000250ee1a7a90 GCTaskThread "GC Thread#3" [stack: 0x0000005826100000,0x0000005826200000] [id=10696]
  0x00000250ee1a7d40 GCTaskThread "GC Thread#4" [stack: 0x0000005826200000,0x0000005826300000] [id=10724]
  0x00000250ee1a7ff0 GCTaskThread "GC Thread#5" [stack: 0x0000005826300000,0x0000005826400000] [id=6640]

Threads with active compile tasks:

VM state: at safepoint (normal execution)

VM Mutex/Monitor currently owned by a thread:  ([mutex/lock_event])
[0x00000250d5b678a0] Threads_lock - owner thread: 0x00000250eb7db2e0
[0x00000250d5b6a180] Heap_lock - owner thread: 0x00000250f16733c0

Heap address: 0x00000000c0000000, size: 1024 MB, Compressed Oops mode: 32-bit

CDS archive(s) not mapped
Compressed class space mapped at: 0x0000000100000000-0x0000000140000000, reserved size: 1073741824
Narrow klass base: 0x0000000000000000, Narrow klass shift: 3, Narrow klass range: 0x140000000

GC Precious Log:
 CPUs: 6 total, 6 available
 Memory: 15290M
 Large Page Support: Disabled
 NUMA Support: Disabled
 Compressed Oops: Enabled (32-bit)
 Alignments: Space 512K, Generation 512K, Heap 2M
 Heap Min Capacity: 100M
 Heap Initial Capacity: 100M
 Heap Max Capacity: 1G
 Pre-touch: Disabled
 Parallel Workers: 6

Heap:
 PSYoungGen      total 16384K, used 16363K [0x00000000eab00000, 0x00000000ec300000, 0x0000000100000000)
  eden space 12288K, 100% used [0x00000000eab00000,0x00000000eb700000,0x00000000eb700000)
  from space 4096K, 99% used [0x00000000ebc00000,0x00000000ebffadc8,0x00000000ec000000)
  to   space 5120K, 11% used [0x00000000eb700000,0x00000000eb793790,0x00000000ebc00000)
 ParOldGen       total 232448K, used 226302K [0x00000000c0000000, 0x00000000ce300000, 0x00000000eab00000)
  object space 232448K, 97% used [0x00000000c0000000,0x00000000cdcff830,0x00000000ce300000)
 Metaspace       used 90946K, committed 91968K, reserved 1138688K
  class space    used 8772K, committed 9280K, reserved 1048576K

Card table byte_map: [0x00000250e91c0000,0x00000250e93d0000] _byte_map_base: 0x00000250e8bc0000

Marking Bits: (ParMarkBitMap*) 0x00007ffecf952a60
 Begin Bits: [0x00000250e9530000, 0x00000250ea530000)
 End Bits:   [0x00000250ea530000, 0x00000250eb530000)

Polling page: 0x00000250d5c50000

Metaspace:

Usage:
  Non-class:     80.25 MB used.
      Class:      8.57 MB used.
       Both:     88.82 MB used.

Virtual space:
  Non-class space:       88.00 MB reserved,      80.75 MB ( 92%) committed,  11 nodes.
      Class space:        1.00 GB reserved,       9.06 MB ( <1%) committed,  1 nodes.
             Both:        1.09 GB reserved,      89.81 MB (  8%) committed. 

Chunk freelists:
   Non-Class:  3.09 MB
       Class:  3.00 MB
        Both:  6.09 MB

MaxMetaspaceSize: unlimited
CompressedClassSpaceSize: 1.00 GB
Initial GC threshold: 21.00 MB
Current GC threshold: 149.62 MB
CDS: off
MetaspaceReclaimPolicy: balanced
 - commit_granule_bytes: 65536.
 - commit_granule_words: 8192.
 - virtual_space_node_default_size: 1048576.
 - enlarge_chunks_in_place: 1.
 - new_chunks_are_fully_committed: 0.
 - uncommit_free_chunks: 1.
 - use_allocation_guard: 0.
 - handle_deallocations: 1.


Internal statistics:

num_allocs_failed_limit: 6.
num_arena_births: 898.
num_arena_deaths: 280.
num_vsnodes_births: 12.
num_vsnodes_deaths: 0.
num_space_committed: 1438.
num_space_uncommitted: 1.
num_chunks_returned_to_freelist: 390.
num_chunks_taken_from_freelist: 4614.
num_chunk_merges: 146.
num_chunk_splits: 2842.
num_chunks_enlarged: 1701.
num_purges: 16.
num_inconsistent_stats: 0.

CodeHeap 'non-profiled nmethods': size=120000Kb used=29208Kb max_used=29472Kb free=90791Kb
 bounds [0x00000250e1aa0000, 0x00000250e3780000, 0x00000250e8fd0000]
CodeHeap 'profiled nmethods': size=120000Kb used=41893Kb max_used=43002Kb free=78106Kb
 bounds [0x00000250da570000, 0x00000250dcf80000, 0x00000250e1aa0000]
CodeHeap 'non-nmethods': size=5760Kb used=1436Kb max_used=1540Kb free=4323Kb
 bounds [0x00000250d9fd0000, 0x00000250da240000, 0x00000250da570000]
 total_blobs=20953 nmethods=20172 adapters=691
 compilation: enabled
              stopped_count=0, restarted_count=0
 full_count=0

Compilation events (20 events):
Event: 10610.535 Thread 0x00000250eb93f0f0 29978       4       org.eclipse.jdt.internal.compiler.ClassFile::generateStackMapTableAttribute (2566 bytes)
Event: 10610.569 Thread 0x00000250eb93f0f0 nmethod 29978 0x00000250e3439910 code [0x00000250e3439c60, 0x00000250e343c6d8]
Event: 10611.130 Thread 0x00000250eb9431c0 29979       3       org.eclipse.jdt.internal.core.CompilationUnit::discardWorkingCopy (15 bytes)
Event: 10611.130 Thread 0x00000250eb9431c0 nmethod 29979 0x00000250db50ea90 code [0x00000250db50ec40, 0x00000250db50ee98]
Event: 10611.130 Thread 0x00000250eb9431c0 29980       3       org.eclipse.jdt.internal.core.DiscardWorkingCopyOperation::<init> (13 bytes)
Event: 10611.130 Thread 0x00000250eb9431c0 nmethod 29980 0x00000250db809e10 code [0x00000250db809fc0, 0x00000250db80a2c8]
Event: 10611.348 Thread 0x00000250eb93f0f0 29981       4       org.eclipse.sisu.inject.InjectorBindings::publishExactMatches (78 bytes)
Event: 10611.463 Thread 0x00000250eb93f0f0 nmethod 29981 0x00000250e376c390 code [0x00000250e376c9e0, 0x00000250e3773ab8]
Event: 10611.464 Thread 0x00000250eb93f0f0 29982       4       sun.reflect.generics.visitor.Reifier::visitClassTypeSignature (381 bytes)
Event: 10611.487 Thread 0x00000250eb93f0f0 nmethod 29982 0x00000250e36ddf10 code [0x00000250e36de200, 0x00000250e36e02e0]
Event: 10612.117 Thread 0x00000250eb93f0f0 29983   !   4       org.eclipse.jdt.internal.codeassist.complete.CompletionScanner::getNextToken0 (4442 bytes)
Event: 10612.137 Thread 0x00000250eb9431c0 29984   !   3       org.eclipse.jdt.core.dom.DefaultCommentMapper::storeLeadingComments (550 bytes)
Event: 10612.138 Thread 0x00000250eb9431c0 nmethod 29984 0x00000250dbf48190 code [0x00000250dbf48500, 0x00000250dbf4a298]
Event: 10612.246 Thread 0x00000250eb93f0f0 nmethod 29983 0x00000250e2448a90 code [0x00000250e2449640, 0x00000250e244ef28]
Event: 10612.246 Thread 0x00000250eb93f0f0 29985       4       java.lang.AbstractStringBuilder::<init> (63 bytes)
Event: 10612.250 Thread 0x00000250eb93f0f0 nmethod 29985 0x00000250e1c8e690 code [0x00000250e1c8e860, 0x00000250e1c8f1b8]
Event: 10612.422 Thread 0x00000250eb93f0f0 29986       4       org.eclipse.jdt.core.dom.ASTVisitor::endVisit (1 bytes)
Event: 10612.422 Thread 0x00000250eb93f0f0 nmethod 29986 0x00000250e1ad4a10 code [0x00000250e1ad4b80, 0x00000250e1ad4bf8]
Event: 10612.612 Thread 0x00000250eb93f0f0 29987       4       org.eclipse.jdt.internal.compiler.ast.MethodDeclaration::resolveStatements (974 bytes)
Event: 10612.636 Thread 0x00000250eb93f0f0 nmethod 29987 0x00000250e35fa510 code [0x00000250e35fa860, 0x00000250e35fcc40]

GC Heap History (20 events):
Event: 10612.148 GC heap after
{Heap after GC invocations=10199 (full 350):
 PSYoungGen      total 9728K, used 928K [0x00000000eab00000, 0x00000000eb600000, 0x0000000100000000)
  eden space 7168K, 0% used [0x00000000eab00000,0x00000000eab00000,0x00000000eb200000)
  from space 2560K, 36% used [0x00000000eb200000,0x00000000eb2e8010,0x00000000eb480000)
  to   space 1536K, 0% used [0x00000000eb480000,0x00000000eb480000,0x00000000eb600000)
 ParOldGen       total 232448K, used 213237K [0x00000000c0000000, 0x00000000ce300000, 0x00000000eab00000)
  object space 232448K, 91% used [0x00000000c0000000,0x00000000cd03d730,0x00000000ce300000)
 Metaspace       used 90946K, committed 91968K, reserved 1138688K
  class space    used 8772K, committed 9280K, reserved 1048576K
}
Event: 10612.415 GC heap before
{Heap before GC invocations=10200 (full 350):
 PSYoungGen      total 9728K, used 8096K [0x00000000eab00000, 0x00000000eb600000, 0x0000000100000000)
  eden space 7168K, 100% used [0x00000000eab00000,0x00000000eb200000,0x00000000eb200000)
  from space 2560K, 36% used [0x00000000eb200000,0x00000000eb2e8010,0x00000000eb480000)
  to   space 1536K, 0% used [0x00000000eb480000,0x00000000eb480000,0x00000000eb600000)
 ParOldGen       total 232448K, used 213237K [0x00000000c0000000, 0x00000000ce300000, 0x00000000eab00000)
  object space 232448K, 91% used [0x00000000c0000000,0x00000000cd03d730,0x00000000ce300000)
 Metaspace       used 90946K, committed 91968K, reserved 1138688K
  class space    used 8772K, committed 9280K, reserved 1048576K
}
Event: 10612.416 GC heap after
{Heap after GC invocations=10200 (full 350):
 PSYoungGen      total 9216K, used 884K [0x00000000eab00000, 0x00000000eb580000, 0x0000000100000000)
  eden space 8192K, 0% used [0x00000000eab00000,0x00000000eab00000,0x00000000eb300000)
  from space 1024K, 86% used [0x00000000eb480000,0x00000000eb55d200,0x00000000eb580000)
  to   space 1024K, 0% used [0x00000000eb380000,0x00000000eb380000,0x00000000eb480000)
 ParOldGen       total 232448K, used 213874K [0x00000000c0000000, 0x00000000ce300000, 0x00000000eab00000)
  object space 232448K, 92% used [0x00000000c0000000,0x00000000cd0dc898,0x00000000ce300000)
 Metaspace       used 90946K, committed 91968K, reserved 1138688K
  class space    used 8772K, committed 9280K, reserved 1048576K
}
Event: 10612.437 GC heap before
{Heap before GC invocations=10201 (full 350):
 PSYoungGen      total 9216K, used 9076K [0x00000000eab00000, 0x00000000eb580000, 0x0000000100000000)
  eden space 8192K, 100% used [0x00000000eab00000,0x00000000eb300000,0x00000000eb300000)
  from space 1024K, 86% used [0x00000000eb480000,0x00000000eb55d200,0x00000000eb580000)
  to   space 1024K, 0% used [0x00000000eb380000,0x00000000eb380000,0x00000000eb480000)
 ParOldGen       total 232448K, used 213874K [0x00000000c0000000, 0x00000000ce300000, 0x00000000eab00000)
  object space 232448K, 92% used [0x00000000c0000000,0x00000000cd0dc898,0x00000000ce300000)
 Metaspace       used 90946K, committed 91968K, reserved 1138688K
  class space    used 8772K, committed 9280K, reserved 1048576K
}
Event: 10612.440 GC heap after
{Heap after GC invocations=10201 (full 350):
 PSYoungGen      total 9728K, used 1003K [0x00000000eab00000, 0x00000000ec100000, 0x0000000100000000)
  eden space 8704K, 0% used [0x00000000eab00000,0x00000000eab00000,0x00000000eb380000)
  from space 1024K, 97% used [0x00000000eb380000,0x00000000eb47adc8,0x00000000eb480000)
  to   space 6656K, 0% used [0x00000000eba80000,0x00000000eba80000,0x00000000ec100000)
 ParOldGen       total 232448K, used 218486K [0x00000000c0000000, 0x00000000ce300000, 0x00000000eab00000)
  object space 232448K, 93% used [0x00000000c0000000,0x00000000cd55da20,0x00000000ce300000)
 Metaspace       used 90946K, committed 91968K, reserved 1138688K
  class space    used 8772K, committed 9280K, reserved 1048576K
}
Event: 10612.446 GC heap before
{Heap before GC invocations=10202 (full 350):
 PSYoungGen      total 9728K, used 9707K [0x00000000eab00000, 0x00000000ec100000, 0x0000000100000000)
  eden space 8704K, 99% used [0x00000000eab00000,0x00000000eb37fff8,0x00000000eb380000)
  from space 1024K, 97% used [0x00000000eb380000,0x00000000eb47adc8,0x00000000eb480000)
  to   space 6656K, 0% used [0x00000000eba80000,0x00000000eba80000,0x00000000ec100000)
 ParOldGen       total 232448K, used 218486K [0x00000000c0000000, 0x00000000ce300000, 0x00000000eab00000)
  object space 232448K, 93% used [0x00000000c0000000,0x00000000cd55da20,0x00000000ce300000)
 Metaspace       used 90946K, committed 91968K, reserved 1138688K
  class space    used 8772K, committed 9280K, reserved 1048576K
}
Event: 10612.448 GC heap after
{Heap after GC invocations=10202 (full 350):
 PSYoungGen      total 11264K, used 1184K [0x00000000eab00000, 0x00000000ebc00000, 0x0000000100000000)
  eden space 9728K, 0% used [0x00000000eab00000,0x00000000eab00000,0x00000000eb480000)
  from space 1536K, 77% used [0x00000000eba80000,0x00000000ebba8000,0x00000000ebc00000)
  to   space 3072K, 0% used [0x00000000eb600000,0x00000000eb600000,0x00000000eb900000)
 ParOldGen       total 232448K, used 219513K [0x00000000c0000000, 0x00000000ce300000, 0x00000000eab00000)
  object space 232448K, 94% used [0x00000000c0000000,0x00000000cd65e708,0x00000000ce300000)
 Metaspace       used 90946K, committed 91968K, reserved 1138688K
  class space    used 8772K, committed 9280K, reserved 1048576K
}
Event: 10612.463 GC heap before
{Heap before GC invocations=10203 (full 350):
 PSYoungGen      total 11264K, used 10912K [0x00000000eab00000, 0x00000000ebc00000, 0x0000000100000000)
  eden space 9728K, 100% used [0x00000000eab00000,0x00000000eb480000,0x00000000eb480000)
  from space 1536K, 77% used [0x00000000eba80000,0x00000000ebba8000,0x00000000ebc00000)
  to   space 3072K, 0% used [0x00000000eb600000,0x00000000eb600000,0x00000000eb900000)
 ParOldGen       total 232448K, used 219513K [0x00000000c0000000, 0x00000000ce300000, 0x00000000eab00000)
  object space 232448K, 94% used [0x00000000c0000000,0x00000000cd65e708,0x00000000ce300000)
 Metaspace       used 90946K, committed 91968K, reserved 1138688K
  class space    used 8772K, committed 9280K, reserved 1048576K
}
Event: 10612.464 GC heap after
{Heap after GC invocations=10203 (full 350):
 PSYoungGen      total 13824K, used 1504K [0x00000000eab00000, 0x00000000ebb00000, 0x0000000100000000)
  eden space 10752K, 0% used [0x00000000eab00000,0x00000000eab00000,0x00000000eb580000)
  from space 3072K, 48% used [0x00000000eb600000,0x00000000eb778000,0x00000000eb900000)
  to   space 2048K, 0% used [0x00000000eb900000,0x00000000eb900000,0x00000000ebb00000)
 ParOldGen       total 232448K, used 220081K [0x00000000c0000000, 0x00000000ce300000, 0x00000000eab00000)
  object space 232448K, 94% used [0x00000000c0000000,0x00000000cd6ec708,0x00000000ce300000)
 Metaspace       used 90946K, committed 91968K, reserved 1138688K
  class space    used 8772K, committed 9280K, reserved 1048576K
}
Event: 10612.575 GC heap before
{Heap before GC invocations=10204 (full 350):
 PSYoungGen      total 13824K, used 12233K [0x00000000eab00000, 0x00000000ebb00000, 0x0000000100000000)
  eden space 10752K, 99% used [0x00000000eab00000,0x00000000eb57a430,0x00000000eb580000)
  from space 3072K, 48% used [0x00000000eb600000,0x00000000eb778000,0x00000000eb900000)
  to   space 2048K, 0% used [0x00000000eb900000,0x00000000eb900000,0x00000000ebb00000)
 ParOldGen       total 232448K, used 220081K [0x00000000c0000000, 0x00000000ce300000, 0x00000000eab00000)
  object space 232448K, 94% used [0x00000000c0000000,0x00000000cd6ec708,0x00000000ce300000)
 Metaspace       used 90946K, committed 91968K, reserved 1138688K
  class space    used 8772K, committed 9280K, reserved 1048576K
}
Event: 10612.576 GC heap after
{Heap after GC invocations=10204 (full 350):
 PSYoungGen      total 13312K, used 2048K [0x00000000eab00000, 0x00000000ebc80000, 0x0000000100000000)
  eden space 11264K, 0% used [0x00000000eab00000,0x00000000eab00000,0x00000000eb600000)
  from space 2048K, 100% used [0x00000000eb900000,0x00000000ebb00000,0x00000000ebb00000)
  to   space 3072K, 0% used [0x00000000eb600000,0x00000000eb600000,0x00000000eb900000)
 ParOldGen       total 232448K, used 220601K [0x00000000c0000000, 0x00000000ce300000, 0x00000000eab00000)
  object space 232448K, 94% used [0x00000000c0000000,0x00000000cd76e708,0x00000000ce300000)
 Metaspace       used 90946K, committed 91968K, reserved 1138688K
  class space    used 8772K, committed 9280K, reserved 1048576K
}
Event: 10612.592 GC heap before
{Heap before GC invocations=10205 (full 350):
 PSYoungGen      total 13312K, used 13311K [0x00000000eab00000, 0x00000000ebc80000, 0x0000000100000000)
  eden space 11264K, 99% used [0x00000000eab00000,0x00000000eb5ffff8,0x00000000eb600000)
  from space 2048K, 100% used [0x00000000eb900000,0x00000000ebb00000,0x00000000ebb00000)
  to   space 3072K, 0% used [0x00000000eb600000,0x00000000eb600000,0x00000000eb900000)
 ParOldGen       total 232448K, used 220601K [0x00000000c0000000, 0x00000000ce300000, 0x00000000eab00000)
  object space 232448K, 94% used [0x00000000c0000000,0x00000000cd76e708,0x00000000ce300000)
 Metaspace       used 90946K, committed 91968K, reserved 1138688K
  class space    used 8772K, committed 9280K, reserved 1048576K
}
Event: 10612.593 GC heap after
{Heap after GC invocations=10205 (full 350):
 PSYoungGen      total 11776K, used 346K [0x00000000eab00000, 0x00000000eba00000, 0x0000000100000000)
  eden space 11264K, 0% used [0x00000000eab00000,0x00000000eab00000,0x00000000eb600000)
  from space 512K, 67% used [0x00000000eb600000,0x00000000eb656900,0x00000000eb680000)
  to   space 1536K, 0% used [0x00000000eb880000,0x00000000eb880000,0x00000000eba00000)
 ParOldGen       total 232448K, used 222681K [0x00000000c0000000, 0x00000000ce300000, 0x00000000eab00000)
  object space 232448K, 95% used [0x00000000c0000000,0x00000000cd976708,0x00000000ce300000)
 Metaspace       used 90946K, committed 91968K, reserved 1138688K
  class space    used 8772K, committed 9280K, reserved 1048576K
}
Event: 10612.610 GC heap before
{Heap before GC invocations=10206 (full 350):
 PSYoungGen      total 11776K, used 11610K [0x00000000eab00000, 0x00000000eba00000, 0x0000000100000000)
  eden space 11264K, 100% used [0x00000000eab00000,0x00000000eb600000,0x00000000eb600000)
  from space 512K, 67% used [0x00000000eb600000,0x00000000eb656900,0x00000000eb680000)
  to   space 1536K, 0% used [0x00000000eb880000,0x00000000eb880000,0x00000000eba00000)
 ParOldGen       total 232448K, used 222681K [0x00000000c0000000, 0x00000000ce300000, 0x00000000eab00000)
  object space 232448K, 95% used [0x00000000c0000000,0x00000000cd976708,0x00000000ce300000)
 Metaspace       used 90946K, committed 91968K, reserved 1138688K
  class space    used 8772K, committed 9280K, reserved 1048576K
}
Event: 10612.611 GC heap after
{Heap after GC invocations=10206 (full 350):
 PSYoungGen      total 13312K, used 862K [0x00000000eab00000, 0x00000000eb980000, 0x0000000100000000)
  eden space 12288K, 0% used [0x00000000eab00000,0x00000000eab00000,0x00000000eb700000)
  from space 1024K, 84% used [0x00000000eb880000,0x00000000eb957b10,0x00000000eb980000)
  to   space 1024K, 0% used [0x00000000eb780000,0x00000000eb780000,0x00000000eb880000)
 ParOldGen       total 232448K, used 222681K [0x00000000c0000000, 0x00000000ce300000, 0x00000000eab00000)
  object space 232448K, 95% used [0x00000000c0000000,0x00000000cd976708,0x00000000ce300000)
 Metaspace       used 90946K, committed 91968K, reserved 1138688K
  class space    used 8772K, committed 9280K, reserved 1048576K
}
Event: 10612.880 GC heap before
{Heap before GC invocations=10207 (full 350):
 PSYoungGen      total 13312K, used 13150K [0x00000000eab00000, 0x00000000eb980000, 0x0000000100000000)
  eden space 12288K, 100% used [0x00000000eab00000,0x00000000eb700000,0x00000000eb700000)
  from space 1024K, 84% used [0x00000000eb880000,0x00000000eb957b10,0x00000000eb980000)
  to   space 1024K, 0% used [0x00000000eb780000,0x00000000eb780000,0x00000000eb880000)
 ParOldGen       total 232448K, used 222681K [0x00000000c0000000, 0x00000000ce300000, 0x00000000eab00000)
  object space 232448K, 95% used [0x00000000c0000000,0x00000000cd976708,0x00000000ce300000)
 Metaspace       used 90946K, committed 91968K, reserved 1138688K
  class space    used 8772K, committed 9280K, reserved 1048576K
}
Event: 10612.882 GC heap after
{Heap after GC invocations=10207 (full 350):
 PSYoungGen      total 13824K, used 1003K [0x00000000eab00000, 0x00000000ec000000, 0x0000000100000000)
  eden space 12800K, 0% used [0x00000000eab00000,0x00000000eab00000,0x00000000eb780000)
  from space 1024K, 97% used [0x00000000eb780000,0x00000000eb87adc8,0x00000000eb880000)
  to   space 4096K, 0% used [0x00000000ebc00000,0x00000000ebc00000,0x00000000ec000000)
 ParOldGen       total 232448K, used 224882K [0x00000000c0000000, 0x00000000ce300000, 0x00000000eab00000)
  object space 232448K, 96% used [0x00000000c0000000,0x00000000cdb9cb10,0x00000000ce300000)
 Metaspace       used 90946K, committed 91968K, reserved 1138688K
  class space    used 8772K, committed 9280K, reserved 1048576K
}
Event: 10612.889 GC heap before
{Heap before GC invocations=10208 (full 350):
 PSYoungGen      total 13824K, used 13803K [0x00000000eab00000, 0x00000000ec000000, 0x0000000100000000)
  eden space 12800K, 100% used [0x00000000eab00000,0x00000000eb780000,0x00000000eb780000)
  from space 1024K, 97% used [0x00000000eb780000,0x00000000eb87adc8,0x00000000eb880000)
  to   space 4096K, 0% used [0x00000000ebc00000,0x00000000ebc00000,0x00000000ec000000)
 ParOldGen       total 232448K, used 224882K [0x00000000c0000000, 0x00000000ce300000, 0x00000000eab00000)
  object space 232448K, 96% used [0x00000000c0000000,0x00000000cdb9cb10,0x00000000ce300000)
 Metaspace       used 90946K, committed 91968K, reserved 1138688K
  class space    used 8772K, committed 9280K, reserved 1048576K
}
Event: 10612.891 GC heap after
{Heap after GC invocations=10208 (full 350):
 PSYoungGen      total 16384K, used 4075K [0x00000000eab00000, 0x00000000ec300000, 0x0000000100000000)
  eden space 12288K, 0% used [0x00000000eab00000,0x00000000eab00000,0x00000000eb700000)
  from space 4096K, 99% used [0x00000000ebc00000,0x00000000ebffadc8,0x00000000ec000000)
  to   space 5120K, 0% used [0x00000000eb700000,0x00000000eb700000,0x00000000ebc00000)
 ParOldGen       total 232448K, used 225202K [0x00000000c0000000, 0x00000000ce300000, 0x00000000eab00000)
  object space 232448K, 96% used [0x00000000c0000000,0x00000000cdbecb10,0x00000000ce300000)
 Metaspace       used 90946K, committed 91968K, reserved 1138688K
  class space    used 8772K, committed 9280K, reserved 1048576K
}
Event: 10612.912 GC heap before
{Heap before GC invocations=10209 (full 350):
 PSYoungGen      total 16384K, used 16363K [0x00000000eab00000, 0x00000000ec300000, 0x0000000100000000)
  eden space 12288K, 100% used [0x00000000eab00000,0x00000000eb700000,0x00000000eb700000)
  from space 4096K, 99% used [0x00000000ebc00000,0x00000000ebffadc8,0x00000000ec000000)
  to   space 5120K, 0% used [0x00000000eb700000,0x00000000eb700000,0x00000000ebc00000)
 ParOldGen       total 232448K, used 225202K [0x00000000c0000000, 0x00000000ce300000, 0x00000000eab00000)
  object space 232448K, 96% used [0x00000000c0000000,0x00000000cdbecb10,0x00000000ce300000)
 Metaspace       used 90946K, committed 91968K, reserved 1138688K
  class space    used 8772K, committed 9280K, reserved 1048576K
}

Deoptimization events (20 events):
Event: 10383.832 Thread 0x00000250edaf4ba0 Uncommon trap: trap_request=0xffffff45 fr.pc=0x00000250e25592a0 relative=0x0000000000000820
Event: 10383.832 Thread 0x00000250edaf4ba0 Uncommon trap: reason=unstable_if action=reinterpret pc=0x00000250e25592a0 method=org.eclipse.jdt.internal.compiler.lookup.Scope.getBaseType([C)Lorg/eclipse/jdt/internal/compiler/lookup/TypeBinding; @ 252 c2
Event: 10383.832 Thread 0x00000250edaf4ba0 DEOPT PACKING pc=0x00000250e25592a0 sp=0x0000005824dfe2a0
Event: 10383.832 Thread 0x00000250edaf4ba0 DEOPT UNPACKING pc=0x00000250da0220a3 sp=0x0000005824dfe228 mode 2
Event: 10384.419 Thread 0x00000250edaf4ba0 Uncommon trap: trap_request=0xffffff45 fr.pc=0x00000250e2b70e48 relative=0x0000000000000668
Event: 10384.419 Thread 0x00000250edaf4ba0 Uncommon trap: reason=unstable_if action=reinterpret pc=0x00000250e2b70e48 method=org.eclipse.jdt.internal.core.util.PublicScanner.internalScanIdentifierOrKeyword(II[C)I @ 661 c2
Event: 10384.419 Thread 0x00000250edaf4ba0 DEOPT PACKING pc=0x00000250e2b70e48 sp=0x0000005824dfebf0
Event: 10384.419 Thread 0x00000250edaf4ba0 DEOPT UNPACKING pc=0x00000250da0220a3 sp=0x0000005824dfeb78 mode 2
Event: 10495.568 Thread 0x00000250edaf46d0 Uncommon trap: trap_request=0xffffffc6 fr.pc=0x00000250e2c19920 relative=0x0000000000002420
Event: 10495.568 Thread 0x00000250edaf46d0 Uncommon trap: reason=bimorphic_or_optimized_type_check action=maybe_recompile pc=0x00000250e2c19920 method=java.util.AbstractSet.removeAll(Ljava/util/Collection;)Z @ 37 c2
Event: 10495.568 Thread 0x00000250edaf46d0 DEOPT PACKING pc=0x00000250e2c19920 sp=0x0000005824bfeca0
Event: 10495.568 Thread 0x00000250edaf46d0 DEOPT UNPACKING pc=0x00000250da0220a3 sp=0x0000005824bfec98 mode 2
Event: 10597.986 Thread 0x00000250f209a330 DEOPT PACKING pc=0x00000250dbfd4577 sp=0x00000058282fe9d0
Event: 10597.986 Thread 0x00000250f209a330 DEOPT UNPACKING pc=0x00000250da022843 sp=0x00000058282fde98 mode 0
Event: 10601.389 Thread 0x00000250f209a330 DEOPT PACKING pc=0x00000250dc54b624 sp=0x00000058282fdfd0
Event: 10601.389 Thread 0x00000250f209a330 DEOPT UNPACKING pc=0x00000250da022843 sp=0x00000058282fd5a8 mode 0
Event: 10612.137 Thread 0x00000250f209a330 Uncommon trap: trap_request=0xffffff45 fr.pc=0x00000250e362ea48 relative=0x0000000000002868
Event: 10612.137 Thread 0x00000250f209a330 Uncommon trap: reason=unstable_if action=reinterpret pc=0x00000250e362ea48 method=org.eclipse.jdt.core.dom.DefaultCommentMapper.storeLeadingComments(Lorg/eclipse/jdt/core/dom/ASTNode;I[I)I @ 168 c2
Event: 10612.137 Thread 0x00000250f209a330 DEOPT PACKING pc=0x00000250e362ea48 sp=0x00000058282fe190
Event: 10612.137 Thread 0x00000250f209a330 DEOPT UNPACKING pc=0x00000250da0220a3 sp=0x00000058282fe120 mode 2

Classes unloaded (20 events):
Event: 4333.146 Thread 0x00000250eb7db2e0 Unloading class 0x0000000100180000 'jdk/internal/reflect/GeneratedMethodAccessor54'
Event: 4333.146 Thread 0x00000250eb7db2e0 Unloading class 0x0000000100181000 'jdk/internal/reflect/GeneratedSerializationConstructorAccessor47'
Event: 4333.146 Thread 0x00000250eb7db2e0 Unloading class 0x0000000100182000 'jdk/internal/reflect/GeneratedSerializationConstructorAccessor46'
Event: 4333.146 Thread 0x00000250eb7db2e0 Unloading class 0x000000010032cc00 'jdk/internal/reflect/GeneratedSerializationConstructorAccessor45'
Event: 4333.146 Thread 0x00000250eb7db2e0 Unloading class 0x0000000100338800 'jdk/internal/reflect/GeneratedSerializationConstructorAccessor44'
Event: 4333.146 Thread 0x00000250eb7db2e0 Unloading class 0x00000001006dc400 'jdk/internal/reflect/GeneratedSerializationConstructorAccessor43'
Event: 4333.146 Thread 0x00000250eb7db2e0 Unloading class 0x00000001006e4800 'jdk/internal/reflect/GeneratedSerializationConstructorAccessor42'
Event: 4333.146 Thread 0x00000250eb7db2e0 Unloading class 0x0000000100805000 'jdk/internal/reflect/GeneratedSerializationConstructorAccessor41'
Event: 4333.146 Thread 0x00000250eb7db2e0 Unloading class 0x0000000100874000 'jdk/internal/reflect/GeneratedSerializationConstructorAccessor40'
Event: 4333.146 Thread 0x00000250eb7db2e0 Unloading class 0x0000000100874c00 'jdk/internal/reflect/GeneratedSerializationConstructorAccessor39'
Event: 4333.146 Thread 0x00000250eb7db2e0 Unloading class 0x0000000100878400 'jdk/internal/reflect/GeneratedSerializationConstructorAccessor38'
Event: 4333.146 Thread 0x00000250eb7db2e0 Unloading class 0x0000000100882000 'jdk/internal/reflect/GeneratedSerializationConstructorAccessor37'
Event: 4333.146 Thread 0x00000250eb7db2e0 Unloading class 0x0000000100884c00 'jdk/internal/reflect/GeneratedSerializationConstructorAccessor36'
Event: 4333.146 Thread 0x00000250eb7db2e0 Unloading class 0x0000000100885c00 'jdk/internal/reflect/GeneratedSerializationConstructorAccessor35'
Event: 7661.567 Thread 0x00000250eb7db2e0 Unloading class 0x00000001008b1000 'jdk/internal/reflect/GeneratedConstructorAccessor73'
Event: 7661.567 Thread 0x00000250eb7db2e0 Unloading class 0x00000001008b0c00 'jdk/internal/reflect/GeneratedConstructorAccessor72'
Event: 7661.567 Thread 0x00000250eb7db2e0 Unloading class 0x00000001008b0800 'jdk/internal/reflect/GeneratedConstructorAccessor71'
Event: 7661.567 Thread 0x00000250eb7db2e0 Unloading class 0x00000001008b0400 'jdk/internal/reflect/GeneratedConstructorAccessor70'
Event: 10496.699 Thread 0x00000250eb7db2e0 Unloading class 0x00000001008b8400 'jdk/internal/reflect/GeneratedConstructorAccessor80'
Event: 10496.699 Thread 0x00000250eb7db2e0 Unloading class 0x00000001008b0400 'jdk/internal/reflect/GeneratedConstructorAccessor78'

Classes redefined (0 events):
No events

Internal exceptions (20 events):
Event: 10608.727 Thread 0x00000250f2d8dfc0 Implicit null exception at 0x00000250dc45a0bf to 0x00000250dc45ef4a
Event: 10608.727 Thread 0x00000250f2d8dfc0 Exception <a 'java/lang/NullPointerException'{0x00000000eac6c088}> (0x00000000eac6c088) 
thrown [e:\jenkins\tmp\workspace\build\src\src\hotspot\share\runtime\sharedRuntime.cpp, line 628]
Event: 10608.727 Thread 0x00000250f2d8dfc0 Implicit null exception at 0x00000250dc45a0bf to 0x00000250dc45ef4a
Event: 10608.727 Thread 0x00000250f2d8dfc0 Exception <a 'java/lang/NullPointerException'{0x00000000eac6c360}> (0x00000000eac6c360) 
thrown [e:\jenkins\tmp\workspace\build\src\src\hotspot\share\runtime\sharedRuntime.cpp, line 628]
Event: 10608.727 Thread 0x00000250f2d8dfc0 Implicit null exception at 0x00000250dc45a0bf to 0x00000250dc45ef4a
Event: 10608.727 Thread 0x00000250f2d8dfc0 Exception <a 'java/lang/NullPointerException'{0x00000000eac6c638}> (0x00000000eac6c638) 
thrown [e:\jenkins\tmp\workspace\build\src\src\hotspot\share\runtime\sharedRuntime.cpp, line 628]
Event: 10611.347 Thread 0x00000250edaf5540 Implicit null exception at 0x00000250dc45a0bf to 0x00000250dc45ef4a
Event: 10611.347 Thread 0x00000250edaf5540 Exception <a 'java/lang/NullPointerException'{0x00000000eabd6b30}> (0x00000000eabd6b30) 
thrown [e:\jenkins\tmp\workspace\build\src\src\hotspot\share\runtime\sharedRuntime.cpp, line 628]
Event: 10611.347 Thread 0x00000250edaf5540 Implicit null exception at 0x00000250dc45a0bf to 0x00000250dc45ef4a
Event: 10611.347 Thread 0x00000250edaf5540 Exception <a 'java/lang/NullPointerException'{0x00000000eabd6cf8}> (0x00000000eabd6cf8) 
thrown [e:\jenkins\tmp\workspace\build\src\src\hotspot\share\runtime\sharedRuntime.cpp, line 628]
Event: 10611.347 Thread 0x00000250edaf5540 Implicit null exception at 0x00000250dc45a0bf to 0x00000250dc45ef4a
Event: 10611.347 Thread 0x00000250edaf5540 Exception <a 'java/lang/NullPointerException'{0x00000000eabd7348}> (0x00000000eabd7348) 
thrown [e:\jenkins\tmp\workspace\build\src\src\hotspot\share\runtime\sharedRuntime.cpp, line 628]
Event: 10611.347 Thread 0x00000250edaf5540 Implicit null exception at 0x00000250dc45a0bf to 0x00000250dc45ef4a
Event: 10611.347 Thread 0x00000250edaf5540 Exception <a 'java/lang/NullPointerException'{0x00000000eabd7a00}> (0x00000000eabd7a00) 
thrown [e:\jenkins\tmp\workspace\build\src\src\hotspot\share\runtime\sharedRuntime.cpp, line 628]
Event: 10611.347 Thread 0x00000250edaf5540 Implicit null exception at 0x00000250dc45a0bf to 0x00000250dc45ef4a
Event: 10611.347 Thread 0x00000250edaf5540 Exception <a 'java/lang/NullPointerException'{0x00000000eabd7cd8}> (0x00000000eabd7cd8) 
thrown [e:\jenkins\tmp\workspace\build\src\src\hotspot\share\runtime\sharedRuntime.cpp, line 628]
Event: 10611.347 Thread 0x00000250edaf5540 Implicit null exception at 0x00000250dc45a0bf to 0x00000250dc45ef4a
Event: 10611.347 Thread 0x00000250edaf5540 Exception <a 'java/lang/NullPointerException'{0x00000000eabd7fb0}> (0x00000000eabd7fb0) 
thrown [e:\jenkins\tmp\workspace\build\src\src\hotspot\share\runtime\sharedRuntime.cpp, line 628]
Event: 10612.115 Thread 0x00000250f209a330 Exception <a 'java/lang/ArrayIndexOutOfBoundsException'{0x00000000eab2ece0}> (0x00000000eab2ece0) 
thrown [e:\jenkins\tmp\workspace\build\src\src\hotspot\share\runtime\sharedRuntime.cpp, line 628]
Event: 10612.117 Thread 0x00000250f209a330 Exception <a 'java/lang/ArrayIndexOutOfBoundsException'{0x00000000eac0abf0}> (0x00000000eac0abf0) 
thrown [e:\jenkins\tmp\workspace\build\src\src\hotspot\share\runtime\sharedRuntime.cpp, line 628]

VM Operations (20 events):
Event: 10612.148 Executing VM operation: ParallelGCFailedAllocation done
Event: 10612.415 Executing VM operation: ParallelGCFailedAllocation
Event: 10612.416 Executing VM operation: ParallelGCFailedAllocation done
Event: 10612.437 Executing VM operation: ParallelGCFailedAllocation
Event: 10612.440 Executing VM operation: ParallelGCFailedAllocation done
Event: 10612.446 Executing VM operation: ParallelGCFailedAllocation
Event: 10612.448 Executing VM operation: ParallelGCFailedAllocation done
Event: 10612.463 Executing VM operation: ParallelGCFailedAllocation
Event: 10612.464 Executing VM operation: ParallelGCFailedAllocation done
Event: 10612.575 Executing VM operation: ParallelGCFailedAllocation
Event: 10612.576 Executing VM operation: ParallelGCFailedAllocation done
Event: 10612.592 Executing VM operation: ParallelGCFailedAllocation
Event: 10612.593 Executing VM operation: ParallelGCFailedAllocation done
Event: 10612.610 Executing VM operation: ParallelGCFailedAllocation
Event: 10612.611 Executing VM operation: ParallelGCFailedAllocation done
Event: 10612.880 Executing VM operation: ParallelGCFailedAllocation
Event: 10612.882 Executing VM operation: ParallelGCFailedAllocation done
Event: 10612.889 Executing VM operation: ParallelGCFailedAllocation
Event: 10612.891 Executing VM operation: ParallelGCFailedAllocation done
Event: 10612.912 Executing VM operation: ParallelGCFailedAllocation

Events (20 events):
Event: 10612.158 Thread 0x00000250eb944a00 flushing nmethod 0x00000250dc801f90
Event: 10612.158 Thread 0x00000250eb944a00 flushing nmethod 0x00000250dc815490
Event: 10612.159 Thread 0x00000250eb944a00 flushing nmethod 0x00000250dc90af10
Event: 10612.159 Thread 0x00000250eb944a00 flushing nmethod 0x00000250dc980910
Event: 10612.159 Thread 0x00000250eb944a00 flushing nmethod 0x00000250dcaa1a10
Event: 10612.159 Thread 0x00000250eb944a00 flushing nmethod 0x00000250dcabf810
Event: 10612.160 Thread 0x00000250eb944a00 flushing nmethod 0x00000250dcbe7110
Event: 10612.160 Thread 0x00000250eb944a00 flushing nmethod 0x00000250dcca9c10
Event: 10612.160 Thread 0x00000250eb944a00 flushing nmethod 0x00000250dccafa90
Event: 10612.160 Thread 0x00000250eb944a00 flushing nmethod 0x00000250dccf1290
Event: 10612.160 Thread 0x00000250eb944a00 flushing nmethod 0x00000250dcd38e90
Event: 10612.160 Thread 0x00000250eb944a00 flushing nmethod 0x00000250dcd58390
Event: 10612.160 Thread 0x00000250eb944a00 flushing nmethod 0x00000250dcd64390
Event: 10612.160 Thread 0x00000250eb944a00 flushing nmethod 0x00000250dcd6af90
Event: 10612.160 Thread 0x00000250eb944a00 flushing nmethod 0x00000250dcd6ce10
Event: 10612.160 Thread 0x00000250eb944a00 flushing nmethod 0x00000250dcde4810
Event: 10612.161 Thread 0x00000250eb944a00 flushing nmethod 0x00000250dce4d590
Event: 10612.161 Thread 0x00000250eb944a00 flushing nmethod 0x00000250dce8fa90
Event: 10612.161 Thread 0x00000250eb944a00 flushing nmethod 0x00000250dcea4b90
Event: 10612.197 Thread 0x00000250edaf46d0 Thread added: 0x00000250edaf46d0


Dynamic libraries:
0x00007ff61e660000 - 0x00007ff61e66e000 	c:\Users\ajsan\.vscode\extensions\redhat.java-1.2.0\jre\17.0.1-win32-x86_64\bin\java.exe
0x00007fff179d0000 - 0x00007fff17bc5000 	C:\Windows\SYSTEM32\ntdll.dll
0x00007fff15a10000 - 0x00007fff15ace000 	C:\Windows\System32\KERNEL32.DLL
0x00007fff156a0000 - 0x00007fff15968000 	C:\Windows\System32\KERNELBASE.dll
0x00007fff15240000 - 0x00007fff15340000 	C:\Windows\System32\ucrtbase.dll
0x00007ffef3030000 - 0x00007ffef3048000 	c:\Users\ajsan\.vscode\extensions\redhat.java-1.2.0\jre\17.0.1-win32-x86_64\bin\jli.dll
0x00007fff16f00000 - 0x00007fff170a1000 	C:\Windows\System32\USER32.dll
0x00007fff15560000 - 0x00007fff15582000 	C:\Windows\System32\win32u.dll
0x00007ffefdf40000 - 0x00007ffefe1da000 	C:\Windows\WinSxS\amd64_microsoft.windows.common-controls_6595b64144ccf1df_6.0.19041.1110_none_60b5254171f9507e\COMCTL32.dll
0x00007fff16220000 - 0x00007fff1624b000 	C:\Windows\System32\GDI32.dll
0x00007fff17470000 - 0x00007fff1750e000 	C:\Windows\System32\msvcrt.dll
0x00007fff15590000 - 0x00007fff1569d000 	C:\Windows\System32\gdi32full.dll
0x00007fff15970000 - 0x00007fff15a0d000 	C:\Windows\System32\msvcp_win.dll
0x00007ffef3050000 - 0x00007ffef3069000 	c:\Users\ajsan\.vscode\extensions\redhat.java-1.2.0\jre\17.0.1-win32-x86_64\bin\VCRUNTIME140.dll
0x00007fff15d10000 - 0x00007fff15d40000 	C:\Windows\System32\IMM32.DLL
0x00007fff06e10000 - 0x00007fff06e1c000 	c:\Users\ajsan\.vscode\extensions\redhat.java-1.2.0\jre\17.0.1-win32-x86_64\bin\vcruntime140_1.dll
0x00007ffecfa20000 - 0x00007ffecfab1000 	c:\Users\ajsan\.vscode\extensions\redhat.java-1.2.0\jre\17.0.1-win32-x86_64\bin\msvcp140.dll
0x00007ffecedd0000 - 0x00007ffecfa16000 	c:\Users\ajsan\.vscode\extensions\redhat.java-1.2.0\jre\17.0.1-win32-x86_64\bin\server\jvm.dll
0x00007fff17530000 - 0x00007fff175dc000 	C:\Windows\System32\ADVAPI32.dll
0x00007fff15ad0000 - 0x00007fff15b6b000 	C:\Windows\System32\sechost.dll
0x00007fff17860000 - 0x00007fff1798a000 	C:\Windows\System32\RPCRT4.dll
0x00007fff16a30000 - 0x00007fff16a38000 	C:\Windows\System32\PSAPI.DLL
0x00007ffef8d00000 - 0x00007ffef8d09000 	C:\Windows\SYSTEM32\WSOCK32.dll
0x00007fff16bd0000 - 0x00007fff16c3b000 	C:\Windows\System32\WS2_32.dll
0x00007ffeed5b0000 - 0x00007ffeed5d7000 	C:\Windows\SYSTEM32\WINMM.dll
0x00007fff0ff60000 - 0x00007fff0ff6a000 	C:\Windows\SYSTEM32\VERSION.dll
0x00007fff12ff0000 - 0x00007fff13002000 	C:\Windows\SYSTEM32\kernel.appcore.dll
0x00007ffef6250000 - 0x00007ffef625a000 	c:\Users\ajsan\.vscode\extensions\redhat.java-1.2.0\jre\17.0.1-win32-x86_64\bin\jimage.dll
0x00007fff04d30000 - 0x00007fff04f14000 	C:\Windows\SYSTEM32\DBGHELP.DLL
0x00007fff040a0000 - 0x00007fff040cc000 	C:\Windows\SYSTEM32\dbgcore.DLL
0x00007fff154d0000 - 0x00007fff15552000 	C:\Windows\System32\bcryptPrimitives.dll
0x00007ffeceda0000 - 0x00007ffecedc5000 	c:\Users\ajsan\.vscode\extensions\redhat.java-1.2.0\jre\17.0.1-win32-x86_64\bin\java.dll
0x00007ffef2fb0000 - 0x00007ffef2fc8000 	c:\Users\ajsan\.vscode\extensions\redhat.java-1.2.0\jre\17.0.1-win32-x86_64\bin\zip.dll
0x00007fff16250000 - 0x00007fff16994000 	C:\Windows\System32\SHELL32.dll
0x00007fff131f0000 - 0x00007fff13984000 	C:\Windows\SYSTEM32\windows.storage.dll
0x00007fff17110000 - 0x00007fff17465000 	C:\Windows\System32\combase.dll
0x00007fff14b30000 - 0x00007fff14b5e000 	C:\Windows\SYSTEM32\Wldp.dll
0x00007fff15b70000 - 0x00007fff15c1d000 	C:\Windows\System32\SHCORE.dll
0x00007fff15c20000 - 0x00007fff15c75000 	C:\Windows\System32\shlwapi.dll
0x00007fff15020000 - 0x00007fff1503f000 	C:\Windows\SYSTEM32\profapi.dll
0x00007ffeced40000 - 0x00007ffeced59000 	C:\Users\ajsan\.vscode\extensions\redhat.java-1.2.0\jre\17.0.1-win32-x86_64\bin\net.dll
0x00007fff08110000 - 0x00007fff0821c000 	C:\Windows\SYSTEM32\WINHTTP.dll
0x00007fff14890000 - 0x00007fff148fa000 	C:\Windows\system32\mswsock.dll
0x00007ffeced20000 - 0x00007ffeced35000 	C:\Users\ajsan\.vscode\extensions\redhat.java-1.2.0\jre\17.0.1-win32-x86_64\bin\nio.dll
0x00007fff14a80000 - 0x00007fff14a98000 	C:\Windows\SYSTEM32\CRYPTSP.dll
0x00007fff14130000 - 0x00007fff14164000 	C:\Windows\system32\rsaenh.dll
0x00007fff154a0000 - 0x00007fff154c7000 	C:\Windows\System32\bcrypt.dll
0x00007fff14fa0000 - 0x00007fff14fce000 	C:\Windows\SYSTEM32\USERENV.dll
0x00007fff14aa0000 - 0x00007fff14aac000 	C:\Windows\SYSTEM32\CRYPTBASE.dll
0x00007fff14510000 - 0x00007fff1454b000 	C:\Windows\SYSTEM32\IPHLPAPI.DLL
0x00007fff16d60000 - 0x00007fff16d68000 	C:\Windows\System32\NSI.dll
0x00007fff0e520000 - 0x00007fff0e537000 	C:\Windows\SYSTEM32\dhcpcsvc6.DLL
0x00007fff0f1e0000 - 0x00007fff0f1fd000 	C:\Windows\SYSTEM32\dhcpcsvc.DLL
0x00007fff14580000 - 0x00007fff1464b000 	C:\Windows\SYSTEM32\DNSAPI.dll
0x00007ffeceab0000 - 0x00007ffeceaee000 	C:\Users\ajsan\AppData\Roaming\Code\User\globalStorage\redhat.java\1.2.0\config_win\org.eclipse.equinox.launcher\org.eclipse.equinox.launcher.win32.win32.x86_64_1.2.400.v20211117-0650\eclipse_11602.dll
0x00007fff16d70000 - 0x00007fff16e9a000 	C:\Windows\System32\ole32.dll
0x00007ffeed890000 - 0x00007ffeed8a0000 	c:\Users\ajsan\.vscode\extensions\redhat.java-1.2.0\jre\17.0.1-win32-x86_64\bin\verify.dll
0x00007ffecea70000 - 0x00007ffecea81000 	C:\Users\ajsan\AppData\Roaming\Code\User\globalStorage\redhat.java\1.2.0\config_win\org.eclipse.osgi\22\0\.cp\jWinHttp-1.0.0.dll
0x00007fff09420000 - 0x00007fff0942e000 	C:\Users\ajsan\.vscode\extensions\redhat.java-1.2.0\jre\17.0.1-win32-x86_64\bin\sunmscapi.dll
0x00007fff15340000 - 0x00007fff15496000 	C:\Windows\System32\CRYPT32.dll
0x00007fff14ba0000 - 0x00007fff14bc7000 	C:\Windows\SYSTEM32\ncrypt.dll
0x00007fff14b60000 - 0x00007fff14b9b000 	C:\Windows\SYSTEM32\NTASN1.dll
0x00007fff06a20000 - 0x00007fff06a2a000 	C:\Windows\System32\rasadhlp.dll
0x00007fff08090000 - 0x00007fff0810f000 	C:\Windows\System32\fwpuclnt.dll

dbghelp: loaded successfully - version: 4.0.5 - missing functions: none
symbol engine: initialized successfully - sym options: 0x614 - pdb path: .;c:\Users\ajsan\.vscode\extensions\redhat.java-1.2.0\jre\17.0.1-win32-x86_64\bin;C:\Windows\SYSTEM32;C:\Windows\WinSxS\amd64_microsoft.windows.common-controls_6595b64144ccf1df_6.0.19041.1110_none_60b5254171f9507e;c:\Users\ajsan\.vscode\extensions\redhat.java-1.2.0\jre\17.0.1-win32-x86_64\bin\server;C:\Users\ajsan\AppData\Roaming\Code\User\globalStorage\redhat.java\1.2.0\config_win\org.eclipse.equinox.launcher\org.eclipse.equinox.launcher.win32.win32.x86_64_1.2.400.v20211117-0650;C:\Users\ajsan\AppData\Roaming\Code\User\globalStorage\redhat.java\1.2.0\config_win\org.eclipse.osgi\22\0\.cp

VM Arguments:
jvm_args: --add-modules=ALL-SYSTEM --add-opens=java.base/java.util=ALL-UNNAMED --add-opens=java.base/java.lang=ALL-UNNAMED -Declipse.application=org.eclipse.jdt.ls.core.id1 -Dosgi.bundles.defaultStartLevel=4 -Declipse.product=org.eclipse.jdt.ls.core.product -Djava.import.generatesMetadataFilesAtProjectRoot=false -Dfile.encoding=utf8 -DwatchParentProcess=false -XX:+UseParallelGC -XX:GCTimeRatio=4 -XX:AdaptiveSizePolicyWeight=90 -Dsun.zip.disableMemoryMapping=true -Xmx1G -Xms100m -XX:+HeapDumpOnOutOfMemoryError -XX:HeapDumpPath=c:\Users\ajsan\AppData\Roaming\Code\User\workspaceStorage\26f2ebb4d7ad0a7771a0877a0f146e7e\redhat.java 
java_command: c:\Users\ajsan\.vscode\extensions\redhat.java-1.2.0\server\plugins\org.eclipse.equinox.launcher_1.6.400.v20210924-0641.jar -configuration c:\Users\ajsan\AppData\Roaming\Code\User\globalStorage\redhat.java\1.2.0\config_win -data c:\Users\ajsan\AppData\Roaming\Code\User\workspaceStorage\26f2ebb4d7ad0a7771a0877a0f146e7e\redhat.java\jdt_ws
java_class_path (initial): c:\Users\ajsan\.vscode\extensions\redhat.java-1.2.0\server\plugins\org.eclipse.equinox.launcher_1.6.400.v20210924-0641.jar
Launcher Type: SUN_STANDARD

[Global flags]
    uintx AdaptiveSizePolicyWeight                 = 90                                        {product} {command line}
     intx CICompilerCount                          = 3                                         {product} {ergonomic}
    uintx GCTimeRatio                              = 4                                         {product} {command line}
     bool HeapDumpOnOutOfMemoryError               = true                                   {manageable} {command line}
    ccstr HeapDumpPath                             = c:\Users\ajsan\AppData\Roaming\Code\User\workspaceStorage\26f2ebb4d7ad0a7771a0877a0f146e7e\redhat.java         {manageable} {command line}
   size_t InitialHeapSize                          = 104857600                                 {product} {command line}
   size_t MaxHeapSize                              = 1073741824                                {product} {command line}
   size_t MaxNewSize                               = 357564416                                 {product} {ergonomic}
   size_t MinHeapDeltaBytes                        = 524288                                    {product} {ergonomic}
   size_t MinHeapSize                              = 104857600                                 {product} {command line}
   size_t NewSize                                  = 34603008                                  {product} {ergonomic}
    uintx NonNMethodCodeHeapSize                   = 5832780                                {pd product} {ergonomic}
    uintx NonProfiledCodeHeapSize                  = 122912730                              {pd product} {ergonomic}
   size_t OldSize                                  = 70254592                                  {product} {ergonomic}
    uintx ProfiledCodeHeapSize                     = 122912730                              {pd product} {ergonomic}
    uintx ReservedCodeCacheSize                    = 251658240                              {pd product} {ergonomic}
     bool SegmentedCodeCache                       = true                                      {product} {ergonomic}
   size_t SoftMaxHeapSize                          = 1073741824                             {manageable} {ergonomic}
     bool UseCompressedClassPointers               = true                           {product lp64_product} {ergonomic}
     bool UseCompressedOops                        = true                           {product lp64_product} {ergonomic}
     bool UseLargePagesIndividualAllocation        = false                                  {pd product} {ergonomic}
     bool UseParallelGC                            = true                                      {product} {command line}

Logging:
Log output configuration:
 #0: stdout all=warning uptime,level,tags
 #1: stderr all=off uptime,level,tags

Environment Variables:
PATH=C:\Program Files\Eclipse Foundation\jdk-11.0.12.7-hotspot\bin;C:\Program Files (x86)\Razer\ChromaBroadcast\bin;C:\Program Files\Razer\ChromaBroadcast\bin;C:\Windows\system32;C:\Windows;C:\Windows\System32\Wbem;C:\Windows\System32\WindowsPowerShell\v1.0\;C:\Windows\System32\OpenSSH\;C:\Windows\system32\config\systemprofile\AppData\Local\Microsoft\WindowsApps;C:\Maven\bin;C:\Program Files\Git\cmd;C:\Users\ajsan\AppData\Local\Microsoft\WindowsApps;C:\Users\ajsan\AppData\Local\Programs\Microsoft VS Code\bin
USERNAME=Arthur
OS=Windows_NT
PROCESSOR_IDENTIFIER=Intel64 Family 6 Model 158 Stepping 13, GenuineIntel



---------------  S Y S T E M  ---------------

OS:
 Windows 10 , 64 bit Build 19041 (10.0.19041.1348)
OS uptime: 0 days 2:57 hours

CPU: total 6 (initial active 6) (6 cores per cpu, 1 threads per core) family 6 model 158 stepping 13 microcode 0xb8, cx8, cmov, fxsr, mmx, 3dnowpref, sse, sse2, sse3, ssse3, sse4.1, sse4.2, popcnt, lzcnt, tsc, tscinvbit, avx, avx2, aes, erms, clmul, bmi1, bmi2, rtm, adx, fma, vzeroupper, clflush, clflushopt

Memory: 4k page, system-wide physical 15290M (7051M free)
TotalPageFile size 23482M (AvailPageFile size 11182M)
current process WorkingSet (physical memory assigned to process): 572M, peak: 610M
current process commit charge ("private bytes"): 579M, peak: 619M

vm_info: OpenJDK 64-Bit Server VM (17.0.1+12) for windows-amd64 JRE (17.0.1+12), built on Oct 20 2021 07:42:55 by "" with MS VC++ 16.7 (VS2019)

END.
