#
# A fatal error has been detected by the Java Runtime Environment:
#
#  EXCEPTION_ACCESS_VIOLATION (0xc0000005) at pc=0x00007ffc79408a67, pid=11752, tid=12616
#
# JRE version: OpenJDK Runtime Environment Temurin-17.0.1+12 (17.0.1+12) (build 17.0.1+12)
# Java VM: OpenJDK 64-Bit Server VM Temurin-17.0.1+12 (17.0.1+12, mixed mode, tiered, compressed oops, compressed class ptrs, parallel gc, windows-amd64)
# Problematic frame:
# V  [jvm.dll+0x2e8a67]
#
# No core dump will be written. Minidumps are not enabled by default on client versions of Windows
#
# If you would like to submit a bug report, please visit:
#   https://github.com/adoptium/adoptium-support/issues
#

---------------  S U M M A R Y ------------

Command Line: --add-modules=ALL-SYSTEM --add-opens=java.base/java.util=ALL-UNNAMED --add-opens=java.base/java.lang=ALL-UNNAMED -Declipse.application=org.eclipse.jdt.ls.core.id1 -Dosgi.bundles.defaultStartLevel=4 -Declipse.product=org.eclipse.jdt.ls.core.product -Djava.import.generatesMetadataFilesAtProjectRoot=false -Dfile.encoding=utf8 -DwatchParentProcess=false -XX:+UseParallelGC -XX:GCTimeRatio=4 -XX:AdaptiveSizePolicyWeight=90 -Dsun.zip.disableMemoryMapping=true -Xmx1G -Xms100m -XX:+HeapDumpOnOutOfMemoryError -XX:HeapDumpPath=c:\Users\ajsan\AppData\Roaming\Code\User\workspaceStorage\b6d053adb5709f7da4896fcc41309df9\redhat.java c:\Users\ajsan\.vscode\extensions\redhat.java-1.2.0\server\plugins\org.eclipse.equinox.launcher_1.6.400.v20210924-0641.jar -configuration c:\Users\ajsan\AppData\Roaming\Code\User\globalStorage\redhat.java\1.2.0\config_win -data c:\Users\ajsan\AppData\Roaming\Code\User\workspaceStorage\b6d053adb5709f7da4896fcc41309df9\redhat.java\jdt_ws

Host: Intel(R) Core(TM) i5-9600K CPU @ 3.70GHz, 6 cores, 14G,  Windows 10 , 64 bit Build 19041 (10.0.19041.1466)
Time: Sun Jan 16 15:53:32 2022 Hora oficial do Brasil elapsed time: 9091.004126 seconds (0d 2h 31m 31s)

---------------  T H R E A D  ---------------

Current thread (0x000002e5da46d7e0):  GCTaskThread "GC Thread#5" [stack: 0x000000ee4f200000,0x000000ee4f300000] [id=12616]

Stack: [0x000000ee4f200000,0x000000ee4f300000],  sp=0x000000ee4f2ff5b0,  free space=1021k
Native frames: (J=compiled Java code, j=interpreted, Vv=VM code, C=native code)
V  [jvm.dll+0x2e8a67]
V  [jvm.dll+0x6b49d8]
V  [jvm.dll+0x6b4e3f]
V  [jvm.dll+0x85b53b]
V  [jvm.dll+0x85b586]
V  [jvm.dll+0x7de51a]
V  [jvm.dll+0x673305]
C  [ucrtbase.dll+0x21bb2]
C  [KERNEL32.DLL+0x17034]
C  [ntdll.dll+0x52651]


siginfo: EXCEPTION_ACCESS_VIOLATION (0xc0000005), data execution prevention violation at address 0x00007ffcb7db4000


Register to memory mapping:

RIP=0x00007ffc79408a67 jvm.dll
RAX=0x0000000000009600 is an unknown value
RBX=0x0000000000000005 is an unknown value
RCX=0x000002e5d79ac0e0 points into unknown readable memory: 0x0000000000000000 | 00 00 00 00 00 00 00 00
RDX=0x0000000000000004 is an unknown value
RSP=0x000000ee4f2ff5b0 points into unknown readable memory: 0x0000000000000020 | 20 00 00 00 00 00 00 00
RBP=0x0000000000000009 is an unknown value
RSI=0x0000000000000020 is an unknown value
RDI=0x000002e5d78b65d0 points into unknown readable memory: 0x00007ffc79a6e1c8 | c8 e1 a6 79 fc 7f 00 00
R8 =0x0 is NULL
R9 =0x0000000000000001 is an unknown value
R10=0x000000000000152a is an unknown value
R11=0x000002e5d79ac760 points into unknown readable memory: 0x0000000000000000 | 00 00 00 00 00 00 00 00
R12=0x0 is NULL
R13=0x000002e5da46d3f0 points into unknown readable memory: 0x0000000000000002 | 02 00 00 00 00 00 00 00
R14=0x0000000000000008 is an unknown value
R15=0x000000ee4f2ff630 points into unknown readable memory: 0x00000000d15edc49 | 49 dc 5e d1 00 00 00 00


Registers:
RAX=0x0000000000009600, RBX=0x0000000000000005, RCX=0x000002e5d79ac0e0, RDX=0x0000000000000004
RSP=0x000000ee4f2ff5b0, RBP=0x0000000000000009, RSI=0x0000000000000020, RDI=0x000002e5d78b65d0
R8 =0x0000000000000000, R9 =0x0000000000000001, R10=0x000000000000152a, R11=0x000002e5d79ac760
R12=0x0000000000000000, R13=0x000002e5da46d3f0, R14=0x0000000000000008, R15=0x000000ee4f2ff630
RIP=0x00007ffc79408a67, EFLAGS=0x0000000000010202

Top of Stack: (sp=0x000000ee4f2ff5b0)
0x000000ee4f2ff5b0:   0000000000000020 000002e5da46d3f0
0x000000ee4f2ff5c0:   000000ee4ddff368 0000000000000020
0x000000ee4f2ff5d0:   0000000000000005 0000000000000005
0x000000ee4f2ff5e0:   000000ee4ddff3c0 00007ffc797d49d8
0x000000ee4f2ff5f0:   001bf48b00008dba 000002e5d79ac700
0x000000ee4f2ff600:   0000000000000000 001bf48b00008dbd
0x000000ee4f2ff610:   000000ee4ddff260 00007ffc797d4e3f
0x000000ee4f2ff620:   0000000000000000 000000ee4f2ff6b9
0x000000ee4f2ff630:   00000000d15edc49 0000000000000001
0x000000ee4f2ff640:   000002e5d79ac700 0000000000000005
0x000000ee4f2ff650:   000002e500000006 00007ffc79c327c0
0x000000ee4f2ff660:   0000000500000002 000002e5d79ac700
0x000000ee4f2ff670:   00007ffc79ace0b8 000002e5d79ac700
0x000000ee4f2ff680:   000000ee4ddff260 000002e5d9c8a1d0
0x000000ee4f2ff690:   00000000000003d8 000002e5d9c8a1e0
0x000000ee4f2ff6a0:   000002e5d9c8a5b8 00007ffc79ace228 

Instructions: (pc=0x00007ffc79408a67)
0x00007ffc79408967:   d2 41 89 83 04 02 00 00 f7 77 08 44 8b ca 3b d3
0x00007ffc79408977:   74 b7 8b d3 0f 1f 44 00 00 3b d3 74 05 41 3b d1
0x00007ffc79408987:   75 44 45 8b 83 04 02 00 00 b8 5f 0b 4e 83 41 f7
0x00007ffc79408997:   e8 41 03 d0 c1 fa 10 8b c2 c1 e8 1f 03 d0 41 69
0x00007ffc794089a7:   c0 a7 41 00 00 69 ca ff ff ff 7f 2b c1 85 c0 8d
0x00007ffc794089b7:   88 ff ff ff 7f 0f 4e c1 33 d2 41 89 83 04 02 00
0x00007ffc794089c7:   00 f7 77 08 eb b3 41 8b c1 4c 8d 34 c5 00 00 00
0x00007ffc794089d7:   00 48 8b 47 10 49 8b 0c 06 8b 81 00 01 00 00 44
0x00007ffc794089e7:   8b 91 80 00 00 00 44 2b d0 8b c2 41 81 e2 ff ff
0x00007ffc794089f7:   01 00 41 81 fa ff ff 01 00 45 0f 44 d4 48 8d 34
0x00007ffc79408a07:   c5 00 00 00 00 48 8b 47 10 48 8b 0c 06 8b 81 00
0x00007ffc79408a17:   01 00 00 44 8b 81 80 00 00 00 44 2b c0 32 c0 41
0x00007ffc79408a27:   81 e0 ff ff 01 00 41 81 f8 ff ff 01 00 45 0f 44
0x00007ffc79408a37:   c4 45 3b c2 76 21 48 8b 47 10 48 8b 34 06 48 8b
0x00007ffc79408a47:   86 00 01 00 00 48 89 44 24 40 8b 8e 80 00 00 00
0x00007ffc79408a57:   48 8b 44 24 40 eb 2b 45 85 d2 0f 84 8d 00 00 00
0x00007ffc79408a67:   48 8b 47 10 41 8b d1 49 8b 34 06 48 8b 86 00 01
0x00007ffc79408a77:   00 00 48 89 44 24 58 8b 8e 80 00 00 00 48 8b 44
0x00007ffc79408a87:   24 58 2b c8 81 e1 ff ff 01 00 81 f9 ff ff 01 00
0x00007ffc79408a97:   41 0f 44 cc 85 c9 75 13 ba ff ff ff ff 32 c0 41
0x00007ffc79408aa7:   89 93 00 02 00 00 e9 cc 00 00 00 48 8b 8e 80 01
0x00007ffc79408ab7:   00 00 4c 8b c8 44 8b c0 4e 8b 04 c1 8d 48 01 81
0x00007ffc79408ac7:   e1 ff ff 01 00 4d 89 07 45 8b c4 41 0f 94 c0 49
0x00007ffc79408ad7:   c1 e9 20 45 03 c8 49 c1 e1 20 4c 0b c9 f0 4c 0f
0x00007ffc79408ae7:   b1 8e 00 01 00 00 0f 94 c0 84 c0 75 05 ba ff ff
0x00007ffc79408af7:   ff ff 41 89 93 00 02 00 00 eb 7c 75 7e 48 8b 47
0x00007ffc79408b07:   10 8d 4b ff 83 e1 01 4c 8b 14 c8 49 8b 82 00 01
0x00007ffc79408b17:   00 00 48 89 04 24 41 8b 8a 80 00 00 00 48 8b 04
0x00007ffc79408b27:   24 2b c8 81 e1 ff ff 01 00 81 f9 ff ff 01 00 41
0x00007ffc79408b37:   0f 44 cc 85 c9 75 04 32 c0 eb 3c 49 8b 8a 80 01
0x00007ffc79408b47:   00 00 4c 8b c0 8b d0 48 8b 14 d1 8d 48 01 81 e1
0x00007ffc79408b57:   ff ff 01 00 49 89 17 41 8b d4 0f 94 c2 49 c1 e8 


Stack slot to memory mapping:
stack at sp + 0 slots: 0x0000000000000020 is an unknown value
stack at sp + 1 slots: 0x000002e5da46d3f0 points into unknown readable memory: 0x0000000000000002 | 02 00 00 00 00 00 00 00
stack at sp + 2 slots: 0x000000ee4ddff368 points into unknown readable memory: 0x000002e5c3b69ee0 | e0 9e b6 c3 e5 02 00 00
stack at sp + 3 slots: 0x0000000000000020 is an unknown value
stack at sp + 4 slots: 0x0000000000000005 is an unknown value
stack at sp + 5 slots: 0x0000000000000005 is an unknown value
stack at sp + 6 slots: 0x000000ee4ddff3c0 points into unknown readable memory: 0xffffffff00000006 | 06 00 00 00 ff ff ff ff
stack at sp + 7 slots: 0x00007ffc797d49d8 jvm.dll


---------------  P R O C E S S  ---------------

Threads class SMR info:
_java_thread_list=0x000002e5d9f782f0, length=49, elements={
0x000002e5c3b76af0, 0x000002e5d79c9b60, 0x000002e5d79cb300, 0x000002e5d79e09a0,
0x000002e5d9a6f490, 0x000002e5d79ebfb0, 0x000002e5d79ee880, 0x000002e5d79ef470,
0x000002e5d79efd70, 0x000002e5d79f2680, 0x000002e5d9ac9590, 0x000002e5d9cf6d90,
0x000002e5da257280, 0x000002e5da429760, 0x000002e5da56d410, 0x000002e5da460990,
0x000002e5db540d10, 0x000002e5db6949a0, 0x000002e5da37e090, 0x000002e5da380240,
0x000002e5de9e4d90, 0x000002e5de9ec110, 0x000002e5de9e7db0, 0x000002e5deb35ec0,
0x000002e5deb36d30, 0x000002e5deb38070, 0x000002e5dc01c330, 0x000002e5dc020690,
0x000002e5dc01d1a0, 0x000002e5dc01ee80, 0x000002e5dc01c800, 0x000002e5df727330,
0x000002e5df725180, 0x000002e5df7281a0, 0x000002e5df723e40, 0x000002e5df722630,
0x000002e5df724310, 0x000002e5df725ff0, 0x000002e5df7247e0, 0x000002e5df727800,
0x000002e5df728670, 0x000002e5df722fd0, 0x000002e5df7234a0, 0x000002e5dc01fcf0,
0x000002e5dc01ab20, 0x000002e5dc01b990, 0x000002e5dc01be60, 0x000002e5dc018e40,
0x000002e5de9e9a90
}

Java Threads: ( => current thread )
  0x000002e5c3b76af0 JavaThread "main" [_thread_blocked, id=4784, stack(0x000000ee4db00000,0x000000ee4dc00000)]
  0x000002e5d79c9b60 JavaThread "Reference Handler" daemon [_thread_blocked, id=11864, stack(0x000000ee4de00000,0x000000ee4df00000)]
  0x000002e5d79cb300 JavaThread "Finalizer" daemon [_thread_blocked, id=1132, stack(0x000000ee4df00000,0x000000ee4e000000)]
  0x000002e5d79e09a0 JavaThread "Signal Dispatcher" daemon [_thread_blocked, id=11788, stack(0x000000ee4e000000,0x000000ee4e100000)]
  0x000002e5d9a6f490 JavaThread "Attach Listener" daemon [_thread_blocked, id=6996, stack(0x000000ee4e100000,0x000000ee4e200000)]
  0x000002e5d79ebfb0 JavaThread "Service Thread" daemon [_thread_blocked, id=11116, stack(0x000000ee4e200000,0x000000ee4e300000)]
  0x000002e5d79ee880 JavaThread "Monitor Deflation Thread" daemon [_thread_blocked, id=10344, stack(0x000000ee4e300000,0x000000ee4e400000)]
  0x000002e5d79ef470 JavaThread "C2 CompilerThread0" daemon [_thread_blocked, id=7712, stack(0x000000ee4e400000,0x000000ee4e500000)]
  0x000002e5d79efd70 JavaThread "C1 CompilerThread0" daemon [_thread_blocked, id=2720, stack(0x000000ee4e500000,0x000000ee4e600000)]
  0x000002e5d79f2680 JavaThread "Sweeper thread" daemon [_thread_blocked, id=10676, stack(0x000000ee4e600000,0x000000ee4e700000)]
  0x000002e5d9ac9590 JavaThread "Common-Cleaner" daemon [_thread_blocked, id=14220, stack(0x000000ee4e700000,0x000000ee4e800000)]
  0x000002e5d9cf6d90 JavaThread "Notification Thread" daemon [_thread_blocked, id=1380, stack(0x000000ee4e800000,0x000000ee4e900000)]
  0x000002e5da257280 JavaThread "Active Thread: Equinox Container: 7c64974e-d2bf-4621-b992-effac86d099c" [_thread_blocked, id=8428, stack(0x000000ee4eb00000,0x000000ee4ec00000)]
  0x000002e5da429760 JavaThread "Framework Event Dispatcher: Equinox Container: 7c64974e-d2bf-4621-b992-effac86d099c" daemon [_thread_blocked, id=8340, stack(0x000000ee4ec00000,0x000000ee4ed00000)]
  0x000002e5da56d410 JavaThread "Start Level: Equinox Container: 7c64974e-d2bf-4621-b992-effac86d099c" daemon [_thread_blocked, id=13400, stack(0x000000ee4ed00000,0x000000ee4ee00000)]
  0x000002e5da460990 JavaThread "SCR Component Actor" daemon [_thread_blocked, id=800, stack(0x000000ee4f300000,0x000000ee4f400000)]
  0x000002e5db540d10 JavaThread "Bundle File Closer" daemon [_thread_blocked, id=6960, stack(0x000000ee4f500000,0x000000ee4f600000)]
  0x000002e5db6949a0 JavaThread "Worker-JM" [_thread_blocked, id=13596, stack(0x000000ee4f600000,0x000000ee4f700000)]
  0x000002e5da37e090 JavaThread "Java indexing" daemon [_thread_blocked, id=12496, stack(0x000000ee4f900000,0x000000ee4fa00000)]
  0x000002e5da380240 JavaThread "pool-2-thread-1" [_thread_in_native, id=5432, stack(0x000000ee4fa00000,0x000000ee4fb00000)]
  0x000002e5de9e4d90 JavaThread "Java Debug Server" daemon [_thread_in_native, id=1084, stack(0x000000ee4ea00000,0x000000ee4eb00000)]
  0x000002e5de9ec110 JavaThread "RxSchedulerPurge-1" daemon [_thread_blocked, id=13292, stack(0x000000ee50300000,0x000000ee50400000)]
  0x000002e5de9e7db0 JavaThread "RxCachedWorkerPoolEvictor-1" daemon [_thread_blocked, id=14308, stack(0x000000ee50400000,0x000000ee50500000)]
  0x000002e5deb35ec0 JavaThread "ForkJoinPool.commonPool-worker-23" daemon [_thread_blocked, id=4956, stack(0x000000ee4d800000,0x000000ee4d900000)]
  0x000002e5deb36d30 JavaThread "ForkJoinPool.commonPool-worker-25" daemon [_thread_blocked, id=10888, stack(0x000000ee4f400000,0x000000ee4f500000)]
  0x000002e5deb38070 JavaThread "ForkJoinPool.commonPool-worker-26" daemon [_thread_blocked, id=14260, stack(0x000000ee4f700000,0x000000ee4f800000)]
  0x000002e5dc01c330 JavaThread "ForkJoinPool.commonPool-worker-28" daemon [_thread_blocked, id=4376, stack(0x000000ee4fe00000,0x000000ee4ff00000)]
  0x000002e5dc020690 JavaThread "ForkJoinPool.commonPool-worker-29" daemon [_thread_blocked, id=11384, stack(0x000000ee50000000,0x000000ee50100000)]
  0x000002e5dc01d1a0 JavaThread "Worker-26" [_thread_blocked, id=14176, stack(0x000000ee50600000,0x000000ee50700000)]
  0x000002e5dc01ee80 JavaThread "ForkJoinPool.commonPool-worker-30" daemon [_thread_blocked, id=8020, stack(0x000000ee4ff00000,0x000000ee50000000)]
  0x000002e5dc01c800 JavaThread "ForkJoinPool.commonPool-worker-31" daemon [_thread_blocked, id=12340, stack(0x000000ee50200000,0x000000ee50300000)]
  0x000002e5df727330 JavaThread "ForkJoinPool.commonPool-worker-32" daemon [_thread_blocked, id=13480, stack(0x000000ee4da00000,0x000000ee4db00000)]
  0x000002e5df725180 JavaThread "Worker-37" [_thread_blocked, id=9012, stack(0x000000ee50100000,0x000000ee50200000)]
  0x000002e5df7281a0 JavaThread "Worker-38" [_thread_blocked, id=13460, stack(0x000000ee4d900000,0x000000ee4da00000)]
  0x000002e5df723e40 JavaThread "Worker-39" [_thread_blocked, id=7860, stack(0x000000ee4fb00000,0x000000ee4fc00000)]
  0x000002e5df722630 JavaThread "pool-78-thread-1" [_thread_blocked, id=8276, stack(0x000000ee4f800000,0x000000ee4f900000)]
  0x000002e5df724310 JavaThread "pool-79-thread-1" [_thread_blocked, id=12712, stack(0x000000ee4fc00000,0x000000ee4fd00000)]
  0x000002e5df725ff0 JavaThread "pool-80-thread-1" [_thread_blocked, id=6548, stack(0x000000ee50500000,0x000000ee50600000)]
  0x000002e5df7247e0 JavaThread "pool-82-thread-1" [_thread_blocked, id=8324, stack(0x000000ee4fd00000,0x000000ee4fe00000)]
  0x000002e5df727800 JavaThread "pool-81-thread-1" [_thread_blocked, id=2356, stack(0x000000ee50700000,0x000000ee50800000)]
  0x000002e5df728670 JavaThread "pool-83-thread-1" [_thread_blocked, id=2192, stack(0x000000ee50800000,0x000000ee50900000)]
  0x000002e5df722fd0 JavaThread "pool-84-thread-1" [_thread_blocked, id=14152, stack(0x000000ee50900000,0x000000ee50a00000)]
  0x000002e5df7234a0 JavaThread "pool-85-thread-1" [_thread_blocked, id=10508, stack(0x000000ee50a00000,0x000000ee50b00000)]
  0x000002e5dc01fcf0 JavaThread "pool-86-thread-1" [_thread_blocked, id=3648, stack(0x000000ee50b00000,0x000000ee50c00000)]
  0x000002e5dc01ab20 JavaThread "pool-87-thread-1" [_thread_blocked, id=1968, stack(0x000000ee50c00000,0x000000ee50d00000)]
  0x000002e5dc01b990 JavaThread "pool-88-thread-1" [_thread_blocked, id=8116, stack(0x000000ee50d00000,0x000000ee50e00000)]
  0x000002e5dc01be60 JavaThread "pool-89-thread-1" [_thread_blocked, id=12792, stack(0x000000ee50e00000,0x000000ee50f00000)]
  0x000002e5dc018e40 JavaThread "pool-90-thread-1" [_thread_blocked, id=10856, stack(0x000000ee50f00000,0x000000ee51000000)]
  0x000002e5de9e9a90 JavaThread "pool-91-thread-1" [_thread_blocked, id=12632, stack(0x000000ee51000000,0x000000ee51100000)]

Other Threads:
  0x000002e5d79afda0 VMThread "VM Thread" [stack: 0x000000ee4dd00000,0x000000ee4de00000] [id=3428]
  0x000002e5d9c111f0 WatcherThread [stack: 0x000000ee4e900000,0x000000ee4ea00000] [id=5948]
  0x000002e5c3b8d6a0 GCTaskThread "GC Thread#0" [stack: 0x000000ee4dc00000,0x000000ee4dd00000] [id=1912]
  0x000002e5da061bf0 GCTaskThread "GC Thread#1" [stack: 0x000000ee4ee00000,0x000000ee4ef00000] [id=11976]
  0x000002e5da46c7c0 GCTaskThread "GC Thread#2" [stack: 0x000000ee4ef00000,0x000000ee4f000000] [id=12996]
  0x000002e5da46ca70 GCTaskThread "GC Thread#3" [stack: 0x000000ee4f000000,0x000000ee4f100000] [id=9016]
  0x000002e5da46d530 GCTaskThread "GC Thread#4" [stack: 0x000000ee4f100000,0x000000ee4f200000] [id=13652]
=>0x000002e5da46d7e0 GCTaskThread "GC Thread#5" [stack: 0x000000ee4f200000,0x000000ee4f300000] [id=12616]

Threads with active compile tasks:

VM state: at safepoint (normal execution)

VM Mutex/Monitor currently owned by a thread:  ([mutex/lock_event])
[0x000002e5c3b73900] Threads_lock - owner thread: 0x000002e5d79afda0
[0x000002e5c3b72310] Heap_lock - owner thread: 0x000002e5da37e090

Heap address: 0x00000000c0000000, size: 1024 MB, Compressed Oops mode: 32-bit

CDS archive(s) not mapped
Compressed class space mapped at: 0x0000000100000000-0x0000000140000000, reserved size: 1073741824
Narrow klass base: 0x0000000000000000, Narrow klass shift: 3, Narrow klass range: 0x140000000

GC Precious Log:
 CPUs: 6 total, 6 available
 Memory: 15290M
 Large Page Support: Disabled
 NUMA Support: Disabled
 Compressed Oops: Enabled (32-bit)
 Alignments: Space 512K, Generation 512K, Heap 2M
 Heap Min Capacity: 100M
 Heap Initial Capacity: 100M
 Heap Max Capacity: 1G
 Pre-touch: Disabled
 Parallel Workers: 6

Heap:
 PSYoungGen      total 2048K, used 1599K [0x00000000eab00000, 0x00000000eba00000, 0x0000000100000000)
  eden space 1024K, 99% used [0x00000000eab00000,0x00000000eabffff0,0x00000000eac00000)
  from space 1024K, 56% used [0x00000000eb900000,0x00000000eb990000,0x00000000eba00000)
  to   space 2560K, 42% used [0x00000000eb500000,0x00000000eb613000,0x00000000eb780000)
 ParOldGen       total 318464K, used 285562K [0x00000000c0000000, 0x00000000d3700000, 0x00000000eab00000)
  object space 318464K, 89% used [0x00000000c0000000,0x00000000d16de920,0x00000000d3700000)
 Metaspace       used 87823K, committed 88896K, reserved 1130496K
  class space    used 8396K, committed 8896K, reserved 1048576K

Card table byte_map: [0x000002e5c3530000,0x000002e5c3740000] _byte_map_base: 0x000002e5c2f30000

Marking Bits: (ParMarkBitMap*) 0x00007ffc79ca2a60
 Begin Bits: [0x000002e5d5800000, 0x000002e5d6800000)
 End Bits:   [0x000002e5d6800000, 0x000002e5d7800000)

Polling page: 0x000002e5c1b40000

Metaspace:

Usage:
  Non-class:     77.57 MB used.
      Class:      8.20 MB used.
       Both:     85.77 MB used.

Virtual space:
  Non-class space:       80.00 MB reserved,      78.12 MB ( 98%) committed,  10 nodes.
      Class space:        1.00 GB reserved,       8.69 MB ( <1%) committed,  1 nodes.
             Both:        1.08 GB reserved,      86.81 MB (  8%) committed. 

Chunk freelists:
   Non-Class:  1.88 MB
       Class:  3.29 MB
        Both:  5.17 MB

MaxMetaspaceSize: unlimited
CompressedClassSpaceSize: 1.00 GB
Initial GC threshold: 21.00 MB
Current GC threshold: 144.69 MB
CDS: off
MetaspaceReclaimPolicy: balanced
 - commit_granule_bytes: 65536.
 - commit_granule_words: 8192.
 - virtual_space_node_default_size: 1048576.
 - enlarge_chunks_in_place: 1.
 - new_chunks_are_fully_committed: 0.
 - uncommit_free_chunks: 1.
 - use_allocation_guard: 0.
 - handle_deallocations: 1.


Internal statistics:

num_allocs_failed_limit: 8.
num_arena_births: 860.
num_arena_deaths: 232.
num_vsnodes_births: 11.
num_vsnodes_deaths: 0.
num_space_committed: 1400.
num_space_uncommitted: 11.
num_chunks_returned_to_freelist: 370.
num_chunks_taken_from_freelist: 4647.
num_chunk_merges: 124.
num_chunk_splits: 2852.
num_chunks_enlarged: 1751.
num_purges: 14.
num_inconsistent_stats: 0.

CodeHeap 'non-profiled nmethods': size=120000Kb used=27336Kb max_used=27970Kb free=92663Kb
 bounds [0x000002e5ce2d0000, 0x000002e5cfe30000, 0x000002e5d5800000]
CodeHeap 'profiled nmethods': size=120000Kb used=39726Kb max_used=41101Kb free=80273Kb
 bounds [0x000002e5c6da0000, 0x000002e5c95e0000, 0x000002e5ce2d0000]
CodeHeap 'non-nmethods': size=5760Kb used=1400Kb max_used=1527Kb free=4360Kb
 bounds [0x000002e5c6800000, 0x000002e5c6a70000, 0x000002e5c6da0000]
 total_blobs=20106 nmethods=19359 adapters=656
 compilation: enabled
              stopped_count=0, restarted_count=0
 full_count=0

Compilation events (20 events):
Event: 9089.845 Thread 0x000002e5d79efd70 nmethod 27689 0x000002e5c7f20190 code [0x000002e5c7f20320, 0x000002e5c7f20498]
Event: 9089.845 Thread 0x000002e5d79efd70 27690       3       java.net.URL$2::run (5 bytes)
Event: 9089.846 Thread 0x000002e5d79efd70 nmethod 27690 0x000002e5c7b3ac10 code [0x000002e5c7b3adc0, 0x000002e5c7b3af08]
Event: 9089.846 Thread 0x000002e5d79efd70 27693   !   3       java.lang.ModuleLayer::getServicesCatalog (91 bytes)
Event: 9089.846 Thread 0x000002e5d79efd70 nmethod 27693 0x000002e5c7de4490 code [0x000002e5c7de4700, 0x000002e5c7de5178]
Event: 9089.846 Thread 0x000002e5d79efd70 27691       3       java.net.URL$2::run (43 bytes)
Event: 9089.846 Thread 0x000002e5d79efd70 nmethod 27691 0x000002e5c7a2a090 code [0x000002e5c7a2a2c0, 0x000002e5c7a2a968]
Event: 9089.846 Thread 0x000002e5d79efd70 27692       3       java.net.URL::isOverrideable (113 bytes)
Event: 9089.847 Thread 0x000002e5d79efd70 nmethod 27692 0x000002e5c8f73710 code [0x000002e5c8f73d00, 0x000002e5c8f76eb8]
Event: 9089.847 Thread 0x000002e5d79efd70 27694       3       java.lang.Long::toUnsignedString0 (83 bytes)
Event: 9089.847 Thread 0x000002e5d79efd70 nmethod 27694 0x000002e5c7eb0490 code [0x000002e5c7eb0680, 0x000002e5c7eb0ba8]
Event: 9089.855 Thread 0x000002e5d79ef470 nmethod 27685 0x000002e5cf445210 code [0x000002e5cf445400, 0x000002e5cf446130]
Event: 9089.855 Thread 0x000002e5d79ef470 27688       4       org.jsoup.parser.CharacterReader::consumeAttributeQuoted (126 bytes)
Event: 9089.857 Thread 0x000002e5d79ef470 nmethod 27688 0x000002e5ceef6010 code [0x000002e5ceef61a0, 0x000002e5ceef64c8]
Event: 9089.857 Thread 0x000002e5d79ef470 27686   !   4       org.eclipse.jdt.internal.compiler.SourceElementNotifier::notifySourceElementRequestor (441 bytes)
Event: 9089.865 Thread 0x000002e5d79ef470 nmethod 27686 0x000002e5cfbd7a90 code [0x000002e5cfbd7c80, 0x000002e5cfbd8808]
Event: 9090.114 Thread 0x000002e5d79efd70 27695       3       org.eclipse.jdt.internal.core.util.PublicScanner::internalScanIdentifierOrKeyword (3637 bytes)
Event: 9090.117 Thread 0x000002e5d79efd70 nmethod 27695 0x000002e5c9527490 code [0x000002e5c9527ee0, 0x000002e5c952fbd8]
Event: 9090.933 Thread 0x000002e5d79efd70 27696       3       org.eclipse.jdt.internal.core.Openable::getOpenable (2 bytes)
Event: 9090.933 Thread 0x000002e5d79efd70 nmethod 27696 0x000002e5c7e0ea90 code [0x000002e5c7e0ec20, 0x000002e5c7e0ed38]

GC Heap History (20 events):
Event: 9089.179 GC heap after
{Heap after GC invocations=6997 (full 241):
 PSYoungGen      total 20992K, used 0K [0x00000000eab00000, 0x00000000ec580000, 0x0000000100000000)
  eden space 16896K, 0% used [0x00000000eab00000,0x00000000eab00000,0x00000000ebb80000)
  from space 4096K, 0% used [0x00000000ebb80000,0x00000000ebb80000,0x00000000ebf80000)
  to   space 4096K, 0% used [0x00000000ec180000,0x00000000ec180000,0x00000000ec580000)
 ParOldGen       total 318464K, used 256993K [0x00000000c0000000, 0x00000000d3700000, 0x00000000eab00000)
  object space 318464K, 80% used [0x00000000c0000000,0x00000000cfaf8750,0x00000000d3700000)
 Metaspace       used 87800K, committed 88896K, reserved 1130496K
  class space    used 8395K, committed 8896K, reserved 1048576K
}
Event: 9089.192 GC heap before
{Heap before GC invocations=6998 (full 241):
 PSYoungGen      total 20992K, used 16077K [0x00000000eab00000, 0x00000000ec580000, 0x0000000100000000)
  eden space 16896K, 95% used [0x00000000eab00000,0x00000000ebab35f8,0x00000000ebb80000)
  from space 4096K, 0% used [0x00000000ebb80000,0x00000000ebb80000,0x00000000ebf80000)
  to   space 4096K, 0% used [0x00000000ec180000,0x00000000ec180000,0x00000000ec580000)
 ParOldGen       total 318464K, used 256993K [0x00000000c0000000, 0x00000000d3700000, 0x00000000eab00000)
  object space 318464K, 80% used [0x00000000c0000000,0x00000000cfaf8750,0x00000000d3700000)
 Metaspace       used 87814K, committed 88896K, reserved 1130496K
  class space    used 8396K, committed 8896K, reserved 1048576K
}
Event: 9089.193 GC heap after
{Heap after GC invocations=6998 (full 241):
 PSYoungGen      total 19456K, used 2490K [0x00000000eab00000, 0x00000000ec400000, 0x0000000100000000)
  eden space 16896K, 0% used [0x00000000eab00000,0x00000000eab00000,0x00000000ebb80000)
  from space 2560K, 97% used [0x00000000ec180000,0x00000000ec3ee910,0x00000000ec400000)
  to   space 3072K, 0% used [0x00000000ebe00000,0x00000000ebe00000,0x00000000ec100000)
 ParOldGen       total 318464K, used 257001K [0x00000000c0000000, 0x00000000d3700000, 0x00000000eab00000)
  object space 318464K, 80% used [0x00000000c0000000,0x00000000cfafa750,0x00000000d3700000)
 Metaspace       used 87814K, committed 88896K, reserved 1130496K
  class space    used 8396K, committed 8896K, reserved 1048576K
}
Event: 9089.813 GC heap before
{Heap before GC invocations=6999 (full 241):
 PSYoungGen      total 19456K, used 19386K [0x00000000eab00000, 0x00000000ec400000, 0x0000000100000000)
  eden space 16896K, 100% used [0x00000000eab00000,0x00000000ebb80000,0x00000000ebb80000)
  from space 2560K, 97% used [0x00000000ec180000,0x00000000ec3ee910,0x00000000ec400000)
  to   space 3072K, 0% used [0x00000000ebe00000,0x00000000ebe00000,0x00000000ec100000)
 ParOldGen       total 318464K, used 257001K [0x00000000c0000000, 0x00000000d3700000, 0x00000000eab00000)
  object space 318464K, 80% used [0x00000000c0000000,0x00000000cfafa750,0x00000000d3700000)
 Metaspace       used 87816K, committed 88896K, reserved 1130496K
  class space    used 8396K, committed 8896K, reserved 1048576K
}
Event: 9089.813 GC heap after
{Heap after GC invocations=6999 (full 241):
 PSYoungGen      total 18432K, used 1050K [0x00000000eab00000, 0x00000000ec200000, 0x0000000100000000)
  eden space 16896K, 0% used [0x00000000eab00000,0x00000000eab00000,0x00000000ebb80000)
  from space 1536K, 68% used [0x00000000ebe00000,0x00000000ebf06900,0x00000000ebf80000)
  to   space 2048K, 0% used [0x00000000ec000000,0x00000000ec000000,0x00000000ec200000)
 ParOldGen       total 318464K, used 257001K [0x00000000c0000000, 0x00000000d3700000, 0x00000000eab00000)
  object space 318464K, 80% used [0x00000000c0000000,0x00000000cfafa750,0x00000000d3700000)
 Metaspace       used 87816K, committed 88896K, reserved 1130496K
  class space    used 8396K, committed 8896K, reserved 1048576K
}
Event: 9089.835 GC heap before
{Heap before GC invocations=7000 (full 241):
 PSYoungGen      total 18432K, used 16120K [0x00000000eab00000, 0x00000000ec200000, 0x0000000100000000)
  eden space 16896K, 89% used [0x00000000eab00000,0x00000000eb9b77e8,0x00000000ebb80000)
  from space 1536K, 68% used [0x00000000ebe00000,0x00000000ebf06900,0x00000000ebf80000)
  to   space 2048K, 0% used [0x00000000ec000000,0x00000000ec000000,0x00000000ec200000)
 ParOldGen       total 318464K, used 257001K [0x00000000c0000000, 0x00000000d3700000, 0x00000000eab00000)
  object space 318464K, 80% used [0x00000000c0000000,0x00000000cfafa750,0x00000000d3700000)
 Metaspace       used 87818K, committed 88896K, reserved 1130496K
  class space    used 8396K, committed 8896K, reserved 1048576K
}
Event: 9089.836 GC heap after
{Heap after GC invocations=7000 (full 241):
 PSYoungGen      total 18432K, used 1312K [0x00000000eab00000, 0x00000000ec180000, 0x0000000100000000)
  eden space 16896K, 0% used [0x00000000eab00000,0x00000000eab00000,0x00000000ebb80000)
  from space 1536K, 85% used [0x00000000ec000000,0x00000000ec148390,0x00000000ec180000)
  to   space 1536K, 0% used [0x00000000ebe00000,0x00000000ebe00000,0x00000000ebf80000)
 ParOldGen       total 318464K, used 257009K [0x00000000c0000000, 0x00000000d3700000, 0x00000000eab00000)
  object space 318464K, 80% used [0x00000000c0000000,0x00000000cfafc750,0x00000000d3700000)
 Metaspace       used 87818K, committed 88896K, reserved 1130496K
  class space    used 8396K, committed 8896K, reserved 1048576K
}
Event: 9090.157 GC heap before
{Heap before GC invocations=7001 (full 241):
 PSYoungGen      total 18432K, used 18208K [0x00000000eab00000, 0x00000000ec180000, 0x0000000100000000)
  eden space 16896K, 100% used [0x00000000eab00000,0x00000000ebb80000,0x00000000ebb80000)
  from space 1536K, 85% used [0x00000000ec000000,0x00000000ec148390,0x00000000ec180000)
  to   space 1536K, 0% used [0x00000000ebe00000,0x00000000ebe00000,0x00000000ebf80000)
 ParOldGen       total 318464K, used 257009K [0x00000000c0000000, 0x00000000d3700000, 0x00000000eab00000)
  object space 318464K, 80% used [0x00000000c0000000,0x00000000cfafc750,0x00000000d3700000)
 Metaspace       used 87823K, committed 88896K, reserved 1130496K
  class space    used 8396K, committed 8896K, reserved 1048576K
}
Event: 9090.159 GC heap after
{Heap after GC invocations=7001 (full 241):
 PSYoungGen      total 18432K, used 1535K [0x00000000eab00000, 0x00000000ec980000, 0x0000000100000000)
  eden space 16896K, 0% used [0x00000000eab00000,0x00000000eab00000,0x00000000ebb80000)
  from space 1536K, 99% used [0x00000000ebe00000,0x00000000ebf7ffc8,0x00000000ebf80000)
  to   space 7168K, 0% used [0x00000000ec280000,0x00000000ec280000,0x00000000ec980000)
 ParOldGen       total 318464K, used 261347K [0x00000000c0000000, 0x00000000d3700000, 0x00000000eab00000)
  object space 318464K, 82% used [0x00000000c0000000,0x00000000cff38e38,0x00000000d3700000)
 Metaspace       used 87823K, committed 88896K, reserved 1130496K
  class space    used 8396K, committed 8896K, reserved 1048576K
}
Event: 9090.596 GC heap before
{Heap before GC invocations=7002 (full 241):
 PSYoungGen      total 18432K, used 18431K [0x00000000eab00000, 0x00000000ec980000, 0x0000000100000000)
  eden space 16896K, 100% used [0x00000000eab00000,0x00000000ebb80000,0x00000000ebb80000)
  from space 1536K, 99% used [0x00000000ebe00000,0x00000000ebf7ffc8,0x00000000ebf80000)
  to   space 7168K, 0% used [0x00000000ec280000,0x00000000ec280000,0x00000000ec980000)
 ParOldGen       total 318464K, used 261347K [0x00000000c0000000, 0x00000000d3700000, 0x00000000eab00000)
  object space 318464K, 82% used [0x00000000c0000000,0x00000000cff38e38,0x00000000d3700000)
 Metaspace       used 87823K, committed 88896K, reserved 1130496K
  class space    used 8396K, committed 8896K, reserved 1048576K
}
Event: 9090.598 GC heap after
{Heap after GC invocations=7002 (full 241):
 PSYoungGen      total 19968K, used 3066K [0x00000000eab00000, 0x00000000ec580000, 0x0000000100000000)
  eden space 16896K, 0% used [0x00000000eab00000,0x00000000eab00000,0x00000000ebb80000)
  from space 3072K, 99% used [0x00000000ec280000,0x00000000ec57e8c8,0x00000000ec580000)
  to   space 4096K, 0% used [0x00000000ebd80000,0x00000000ebd80000,0x00000000ec180000)
 ParOldGen       total 318464K, used 261683K [0x00000000c0000000, 0x00000000d3700000, 0x00000000eab00000)
  object space 318464K, 82% used [0x00000000c0000000,0x00000000cff8ccd8,0x00000000d3700000)
 Metaspace       used 87823K, committed 88896K, reserved 1130496K
  class space    used 8396K, committed 8896K, reserved 1048576K
}
Event: 9090.942 GC heap before
{Heap before GC invocations=7003 (full 241):
 PSYoungGen      total 19968K, used 19962K [0x00000000eab00000, 0x00000000ec580000, 0x0000000100000000)
  eden space 16896K, 100% used [0x00000000eab00000,0x00000000ebb80000,0x00000000ebb80000)
  from space 3072K, 99% used [0x00000000ec280000,0x00000000ec57e8c8,0x00000000ec580000)
  to   space 4096K, 0% used [0x00000000ebd80000,0x00000000ebd80000,0x00000000ec180000)
 ParOldGen       total 318464K, used 261683K [0x00000000c0000000, 0x00000000d3700000, 0x00000000eab00000)
  object space 318464K, 82% used [0x00000000c0000000,0x00000000cff8ccd8,0x00000000d3700000)
 Metaspace       used 87823K, committed 88896K, reserved 1130496K
  class space    used 8396K, committed 8896K, reserved 1048576K
}
Event: 9090.944 GC heap after
{Heap after GC invocations=7003 (full 241):
 PSYoungGen      total 20992K, used 4079K [0x00000000eab00000, 0x00000000ec680000, 0x0000000100000000)
  eden space 16896K, 0% used [0x00000000eab00000,0x00000000eab00000,0x00000000ebb80000)
  from space 4096K, 99% used [0x00000000ebd80000,0x00000000ec17bc68,0x00000000ec180000)
  to   space 5120K, 0% used [0x00000000ec180000,0x00000000ec180000,0x00000000ec680000)
 ParOldGen       total 318464K, used 262763K [0x00000000c0000000, 0x00000000d3700000, 0x00000000eab00000)
  object space 318464K, 82% used [0x00000000c0000000,0x00000000d009acd8,0x00000000d3700000)
 Metaspace       used 87823K, committed 88896K, reserved 1130496K
  class space    used 8396K, committed 8896K, reserved 1048576K
}
Event: 9090.970 GC heap before
{Heap before GC invocations=7004 (full 241):
 PSYoungGen      total 20992K, used 20592K [0x00000000eab00000, 0x00000000ec680000, 0x0000000100000000)
  eden space 16896K, 97% used [0x00000000eab00000,0x00000000ebb205b8,0x00000000ebb80000)
  from space 4096K, 99% used [0x00000000ebd80000,0x00000000ec17bc68,0x00000000ec180000)
  to   space 5120K, 0% used [0x00000000ec180000,0x00000000ec180000,0x00000000ec680000)
 ParOldGen       total 318464K, used 262763K [0x00000000c0000000, 0x00000000d3700000, 0x00000000eab00000)
  object space 318464K, 82% used [0x00000000c0000000,0x00000000d009acd8,0x00000000d3700000)
 Metaspace       used 87823K, committed 88896K, reserved 1130496K
  class space    used 8396K, committed 8896K, reserved 1048576K
}
Event: 9090.977 GC heap after
{Heap after GC invocations=7004 (full 241):
 PSYoungGen      total 5632K, used 5093K [0x00000000eab00000, 0x00000000ee880000, 0x0000000100000000)
  eden space 512K, 0% used [0x00000000eab00000,0x00000000eab00000,0x00000000eab80000)
  from space 5120K, 99% used [0x00000000ec180000,0x00000000ec6794a0,0x00000000ec680000)
  to   space 22528K, 0% used [0x00000000eab80000,0x00000000eab80000,0x00000000ec180000)
 ParOldGen       total 318464K, used 277861K [0x00000000c0000000, 0x00000000d3700000, 0x00000000eab00000)
  object space 318464K, 87% used [0x00000000c0000000,0x00000000d0f59710,0x00000000d3700000)
 Metaspace       used 87823K, committed 88896K, reserved 1130496K
  class space    used 8396K, committed 8896K, reserved 1048576K
}
Event: 9090.979 GC heap before
{Heap before GC invocations=7005 (full 241):
 PSYoungGen      total 5632K, used 5605K [0x00000000eab00000, 0x00000000ee880000, 0x0000000100000000)
  eden space 512K, 100% used [0x00000000eab00000,0x00000000eab80000,0x00000000eab80000)
  from space 5120K, 99% used [0x00000000ec180000,0x00000000ec6794a0,0x00000000ec680000)
  to   space 22528K, 0% used [0x00000000eab80000,0x00000000eab80000,0x00000000ec180000)
 ParOldGen       total 318464K, used 278267K [0x00000000c0000000, 0x00000000d3700000, 0x00000000eab00000)
  object space 318464K, 87% used [0x00000000c0000000,0x00000000d0fbef10,0x00000000d3700000)
 Metaspace       used 87823K, committed 88896K, reserved 1130496K
  class space    used 8396K, committed 8896K, reserved 1048576K
}
Event: 9090.981 GC heap after
{Heap after GC invocations=7005 (full 241):
 PSYoungGen      total 3584K, used 2582K [0x00000000eab00000, 0x00000000ec200000, 0x0000000100000000)
  eden space 512K, 0% used [0x00000000eab00000,0x00000000eab00000,0x00000000eab80000)
  from space 3072K, 84% used [0x00000000eab80000,0x00000000eae05800,0x00000000eae80000)
  to   space 9216K, 0% used [0x00000000eb900000,0x00000000eb900000,0x00000000ec200000)
 ParOldGen       total 318464K, used 281736K [0x00000000c0000000, 0x00000000d3700000, 0x00000000eab00000)
  object space 318464K, 88% used [0x00000000c0000000,0x00000000d1322120,0x00000000d3700000)
 Metaspace       used 87823K, committed 88896K, reserved 1130496K
  class space    used 8396K, committed 8896K, reserved 1048576K
}
Event: 9090.984 GC heap before
{Heap before GC invocations=7006 (full 241):
 PSYoungGen      total 3584K, used 3094K [0x00000000eab00000, 0x00000000ec200000, 0x0000000100000000)
  eden space 512K, 100% used [0x00000000eab00000,0x00000000eab80000,0x00000000eab80000)
  from space 3072K, 84% used [0x00000000eab80000,0x00000000eae05800,0x00000000eae80000)
  to   space 9216K, 0% used [0x00000000eb900000,0x00000000eb900000,0x00000000ec200000)
 ParOldGen       total 318464K, used 281736K [0x00000000c0000000, 0x00000000d3700000, 0x00000000eab00000)
  object space 318464K, 88% used [0x00000000c0000000,0x00000000d1322120,0x00000000d3700000)
 Metaspace       used 87823K, committed 88896K, reserved 1130496K
  class space    used 8396K, committed 8896K, reserved 1048576K
}
Event: 9090.989 GC heap after
{Heap after GC invocations=7006 (full 241):
 PSYoungGen      total 2048K, used 576K [0x00000000eab00000, 0x00000000eba00000, 0x0000000100000000)
  eden space 1024K, 0% used [0x00000000eab00000,0x00000000eab00000,0x00000000eac00000)
  from space 1024K, 56% used [0x00000000eb900000,0x00000000eb990000,0x00000000eba00000)
  to   space 2560K, 0% used [0x00000000eb500000,0x00000000eb500000,0x00000000eb780000)
 ParOldGen       total 318464K, used 284254K [0x00000000c0000000, 0x00000000d3700000, 0x00000000eab00000)
  object space 318464K, 89% used [0x00000000c0000000,0x00000000d1597920,0x00000000d3700000)
 Metaspace       used 87823K, committed 88896K, reserved 1130496K
  class space    used 8396K, committed 8896K, reserved 1048576K
}
Event: 9090.996 GC heap before
{Heap before GC invocations=7007 (full 241):
 PSYoungGen      total 2048K, used 1599K [0x00000000eab00000, 0x00000000eba00000, 0x0000000100000000)
  eden space 1024K, 99% used [0x00000000eab00000,0x00000000eabffff0,0x00000000eac00000)
  from space 1024K, 56% used [0x00000000eb900000,0x00000000eb990000,0x00000000eba00000)
  to   space 2560K, 0% used [0x00000000eb500000,0x00000000eb500000,0x00000000eb780000)
 ParOldGen       total 318464K, used 285066K [0x00000000c0000000, 0x00000000d3700000, 0x00000000eab00000)
  object space 318464K, 89% used [0x00000000c0000000,0x00000000d1662920,0x00000000d3700000)
 Metaspace       used 87823K, committed 88896K, reserved 1130496K
  class space    used 8396K, committed 8896K, reserved 1048576K
}

Deoptimization events (20 events):
Event: 9087.873 Thread 0x000002e5df725180 DEOPT PACKING pc=0x000002e5c8de88a1 sp=0x000000ee501fe420
Event: 9087.873 Thread 0x000002e5df725180 DEOPT UNPACKING pc=0x000002e5c6852843 sp=0x000000ee501fd930 mode 0
Event: 9089.089 Thread 0x000002e5deb38070 Uncommon trap: trap_request=0xffffffde fr.pc=0x000002e5cf24e46c relative=0x000000000000386c
Event: 9089.089 Thread 0x000002e5deb38070 Uncommon trap: reason=class_check action=maybe_recompile pc=0x000002e5cf24e46c method=org.eclipse.jdt.internal.core.NameLookup.seekPackageFragments(Ljava/lang/String;ZLorg/eclipse/jdt/internal/core/IJavaElementRequestor;)V @ 132 c2
Event: 9089.089 Thread 0x000002e5deb38070 DEOPT PACKING pc=0x000002e5cf24e46c sp=0x000000ee4f7fe3c0
Event: 9089.089 Thread 0x000002e5deb38070 DEOPT UNPACKING pc=0x000002e5c68520a3 sp=0x000000ee4f7fe398 mode 2
Event: 9089.183 Thread 0x000002e5deb38070 Uncommon trap: trap_request=0xffffffc6 fr.pc=0x000002e5cfccd240 relative=0x0000000000000180
Event: 9089.183 Thread 0x000002e5deb38070 Uncommon trap: reason=bimorphic_or_optimized_type_check action=maybe_recompile pc=0x000002e5cfccd240 method=java.util.regex.Pattern$Ques.study(Ljava/util/regex/Pattern$TreeInfo;)Z @ 39 c2
Event: 9089.183 Thread 0x000002e5deb38070 DEOPT PACKING pc=0x000002e5cfccd240 sp=0x000000ee4f7fe6e0
Event: 9089.184 Thread 0x000002e5deb38070 DEOPT UNPACKING pc=0x000002e5c68520a3 sp=0x000000ee4f7fe670 mode 2
Event: 9089.833 Thread 0x000002e5de9e9a90 Uncommon trap: trap_request=0xffffff45 fr.pc=0x000002e5cf41396c relative=0x000000000000094c
Event: 9089.833 Thread 0x000002e5de9e9a90 Uncommon trap: reason=unstable_if action=reinterpret pc=0x000002e5cf41396c method=org.eclipse.jdt.internal.compiler.SourceElementParser.getUnspecifiedReferenceOptimized()Lorg/eclipse/jdt/internal/compiler/ast/NameReference; @ 81 c2
Event: 9089.833 Thread 0x000002e5de9e9a90 DEOPT PACKING pc=0x000002e5cf41396c sp=0x000000ee510fdd60
Event: 9089.833 Thread 0x000002e5de9e9a90 DEOPT UNPACKING pc=0x000002e5c68520a3 sp=0x000000ee510fdd18 mode 2
Event: 9089.845 Thread 0x000002e5de9e9a90 DEOPT PACKING pc=0x000002e5c7e5bca9 sp=0x000000ee510fe810
Event: 9089.845 Thread 0x000002e5de9e9a90 DEOPT UNPACKING pc=0x000002e5c6852843 sp=0x000000ee510fdca8 mode 0
Event: 9090.114 Thread 0x000002e5df727330 Uncommon trap: trap_request=0xffffff45 fr.pc=0x000002e5cf920c7c relative=0x00000000000014bc
Event: 9090.114 Thread 0x000002e5df727330 Uncommon trap: reason=unstable_if action=reinterpret pc=0x000002e5cf920c7c method=org.eclipse.jdt.internal.core.util.PublicScanner.internalScanIdentifierOrKeyword(II[C)I @ 758 c2
Event: 9090.114 Thread 0x000002e5df727330 DEOPT PACKING pc=0x000002e5cf920c7c sp=0x000000ee4dafeb80
Event: 9090.114 Thread 0x000002e5df727330 DEOPT UNPACKING pc=0x000002e5c68520a3 sp=0x000000ee4dafeb08 mode 2

Classes unloaded (20 events):
Event: 7436.076 Thread 0x000002e5d79afda0 Unloading class 0x0000000100333800 'jdk/internal/reflect/GeneratedSerializationConstructorAccessor18'
Event: 7436.076 Thread 0x000002e5d79afda0 Unloading class 0x0000000100333400 'jdk/internal/reflect/GeneratedSerializationConstructorAccessor17'
Event: 7436.076 Thread 0x000002e5d79afda0 Unloading class 0x0000000100333000 'jdk/internal/reflect/GeneratedSerializationConstructorAccessor16'
Event: 7436.076 Thread 0x000002e5d79afda0 Unloading class 0x0000000100332c00 'jdk/internal/reflect/GeneratedSerializationConstructorAccessor15'
Event: 7436.076 Thread 0x000002e5d79afda0 Unloading class 0x0000000100332800 'jdk/internal/reflect/GeneratedSerializationConstructorAccessor14'
Event: 7436.076 Thread 0x000002e5d79afda0 Unloading class 0x0000000100332400 'jdk/internal/reflect/GeneratedSerializationConstructorAccessor13'
Event: 7436.076 Thread 0x000002e5d79afda0 Unloading class 0x0000000100332000 'jdk/internal/reflect/GeneratedMethodAccessor7'
Event: 7436.076 Thread 0x000002e5d79afda0 Unloading class 0x0000000100331c00 'jdk/internal/reflect/GeneratedMethodAccessor6'
Event: 7436.076 Thread 0x000002e5d79afda0 Unloading class 0x0000000100331800 'jdk/internal/reflect/GeneratedSerializationConstructorAccessor12'
Event: 7436.076 Thread 0x000002e5d79afda0 Unloading class 0x0000000100331400 'jdk/internal/reflect/GeneratedSerializationConstructorAccessor11'
Event: 7436.076 Thread 0x000002e5d79afda0 Unloading class 0x0000000100331000 'jdk/internal/reflect/GeneratedSerializationConstructorAccessor10'
Event: 7436.076 Thread 0x000002e5d79afda0 Unloading class 0x0000000100330c00 'jdk/internal/reflect/GeneratedSerializationConstructorAccessor9'
Event: 7436.076 Thread 0x000002e5d79afda0 Unloading class 0x0000000100330800 'jdk/internal/reflect/GeneratedSerializationConstructorAccessor8'
Event: 7436.076 Thread 0x000002e5d79afda0 Unloading class 0x0000000100330400 'jdk/internal/reflect/GeneratedSerializationConstructorAccessor7'
Event: 7436.076 Thread 0x000002e5d79afda0 Unloading class 0x0000000100330000 'jdk/internal/reflect/GeneratedSerializationConstructorAccessor6'
Event: 7436.076 Thread 0x000002e5d79afda0 Unloading class 0x000000010032dc00 'jdk/internal/reflect/GeneratedSerializationConstructorAccessor5'
Event: 7436.076 Thread 0x000002e5d79afda0 Unloading class 0x000000010032d800 'jdk/internal/reflect/GeneratedSerializationConstructorAccessor4'
Event: 7436.076 Thread 0x000002e5d79afda0 Unloading class 0x000000010032d400 'jdk/internal/reflect/GeneratedSerializationConstructorAccessor3'
Event: 7436.076 Thread 0x000002e5d79afda0 Unloading class 0x000000010032d000 'jdk/internal/reflect/GeneratedSerializationConstructorAccessor2'
Event: 7436.076 Thread 0x000002e5d79afda0 Unloading class 0x000000010032cc00 'jdk/internal/reflect/GeneratedSerializationConstructorAccessor1'

Classes redefined (0 events):
No events

Internal exceptions (20 events):
Event: 9089.089 Thread 0x000002e5dc01d1a0 Implicit null exception at 0x000002e5c845703f to 0x000002e5c845beca
Event: 9089.089 Thread 0x000002e5dc01d1a0 Exception <a 'java/lang/NullPointerException'{0x00000000eadefa38}> (0x00000000eadefa38) 
thrown [e:\jenkins\tmp\workspace\build\src\src\hotspot\share\runtime\sharedRuntime.cpp, line 628]
Event: 9089.089 Thread 0x000002e5dc01d1a0 Implicit null exception at 0x000002e5c845703f to 0x000002e5c845beca
Event: 9089.089 Thread 0x000002e5dc01d1a0 Exception <a 'java/lang/NullPointerException'{0x00000000eadf00f0}> (0x00000000eadf00f0) 
thrown [e:\jenkins\tmp\workspace\build\src\src\hotspot\share\runtime\sharedRuntime.cpp, line 628]
Event: 9089.090 Thread 0x000002e5dc01d1a0 Implicit null exception at 0x000002e5c845703f to 0x000002e5c845beca
Event: 9089.090 Thread 0x000002e5dc01d1a0 Exception <a 'java/lang/NullPointerException'{0x00000000eadf03c8}> (0x00000000eadf03c8) 
thrown [e:\jenkins\tmp\workspace\build\src\src\hotspot\share\runtime\sharedRuntime.cpp, line 628]
Event: 9089.090 Thread 0x000002e5dc01d1a0 Implicit null exception at 0x000002e5c845703f to 0x000002e5c845beca
Event: 9089.090 Thread 0x000002e5dc01d1a0 Exception <a 'java/lang/NullPointerException'{0x00000000eadf06a0}> (0x00000000eadf06a0) 
thrown [e:\jenkins\tmp\workspace\build\src\src\hotspot\share\runtime\sharedRuntime.cpp, line 628]
Event: 9089.247 Thread 0x000002e5dc018e40 Exception <a 'java/lang/ClassNotFoundException'{0x00000000eb5a6458}: sun/net/www/protocol/jdt/Handler> (0x00000000eb5a6458) 
thrown [e:\jenkins\tmp\workspace\build\src\src\hotspot\share\classfile\systemDictionary.cpp, line 256]
Event: 9089.247 Thread 0x000002e5dc018e40 Exception <a 'java/lang/ClassNotFoundException'{0x00000000eb5aa550}: sun/net/www/protocol/jdt/Handler> (0x00000000eb5aa550) 
thrown [e:\jenkins\tmp\workspace\build\src\src\hotspot\share\classfile\systemDictionary.cpp, line 256]
Event: 9089.845 Thread 0x000002e5de9e9a90 Exception <a 'java/lang/ClassNotFoundException'{0x00000000eb27e010}: sun/net/www/protocol/jdt/Handler> (0x00000000eb27e010) 
thrown [e:\jenkins\tmp\workspace\build\src\src\hotspot\share\classfile\systemDictionary.cpp, line 256]
Event: 9089.845 Thread 0x000002e5de9e9a90 Exception <a 'java/lang/ClassNotFoundException'{0x00000000eb282060}: sun/net/www/protocol/jdt/Handler> (0x00000000eb282060) 
thrown [e:\jenkins\tmp\workspace\build\src\src\hotspot\share\classfile\systemDictionary.cpp, line 256]
Event: 9089.846 Thread 0x000002e5de9e9a90 Exception <a 'java/lang/ClassNotFoundException'{0x00000000eb284530}: sun/net/www/protocol/jdt/Handler> (0x00000000eb284530) 
thrown [e:\jenkins\tmp\workspace\build\src\src\hotspot\share\classfile\systemDictionary.cpp, line 256]
Event: 9089.846 Thread 0x000002e5de9e9a90 Exception <a 'java/lang/ClassNotFoundException'{0x00000000eb28aa78}: sun/net/www/protocol/jdt/Handler> (0x00000000eb28aa78) 
thrown [e:\jenkins\tmp\workspace\build\src\src\hotspot\share\classfile\systemDictionary.cpp, line 256]
Event: 9089.846 Thread 0x000002e5de9e9a90 Exception <a 'java/lang/ClassNotFoundException'{0x00000000eb28e340}: sun/net/www/protocol/jdt/Handler> (0x00000000eb28e340) 
thrown [e:\jenkins\tmp\workspace\build\src\src\hotspot\share\classfile\systemDictionary.cpp, line 256]
Event: 9089.846 Thread 0x000002e5de9e9a90 Exception <a 'java/lang/ClassNotFoundException'{0x00000000eb291eb0}: sun/net/www/protocol/jdt/Handler> (0x00000000eb291eb0) 
thrown [e:\jenkins\tmp\workspace\build\src\src\hotspot\share\classfile\systemDictionary.cpp, line 256]
Event: 9089.846 Thread 0x000002e5de9e9a90 Exception <a 'java/lang/ClassNotFoundException'{0x00000000eb294230}: sun/net/www/protocol/jdt/Handler> (0x00000000eb294230) 
thrown [e:\jenkins\tmp\workspace\build\src\src\hotspot\share\classfile\systemDictionary.cpp, line 256]
Event: 9089.846 Thread 0x000002e5de9e9a90 Exception <a 'java/lang/ClassNotFoundException'{0x00000000eb296a30}: sun/net/www/protocol/jdt/Handler> (0x00000000eb296a30) 
thrown [e:\jenkins\tmp\workspace\build\src\src\hotspot\share\classfile\systemDictionary.cpp, line 256]
Event: 9089.846 Thread 0x000002e5de9e9a90 Exception <a 'java/lang/ClassNotFoundException'{0x00000000eb2992d8}: sun/net/www/protocol/jdt/Handler> (0x00000000eb2992d8) 
thrown [e:\jenkins\tmp\workspace\build\src\src\hotspot\share\classfile\systemDictionary.cpp, line 256]
Event: 9089.846 Thread 0x000002e5de9e9a90 Exception <a 'java/lang/ClassNotFoundException'{0x00000000eb29bb58}: sun/net/www/protocol/jdt/Handler> (0x00000000eb29bb58) 
thrown [e:\jenkins\tmp\workspace\build\src\src\hotspot\share\classfile\systemDictionary.cpp, line 256]

VM Operations (20 events):
Event: 9089.179 Executing VM operation: ParallelGCFailedAllocation done
Event: 9089.192 Executing VM operation: ParallelGCFailedAllocation
Event: 9089.193 Executing VM operation: ParallelGCFailedAllocation done
Event: 9089.813 Executing VM operation: ParallelGCFailedAllocation
Event: 9089.813 Executing VM operation: ParallelGCFailedAllocation done
Event: 9089.835 Executing VM operation: ParallelGCFailedAllocation
Event: 9089.836 Executing VM operation: ParallelGCFailedAllocation done
Event: 9090.157 Executing VM operation: ParallelGCFailedAllocation
Event: 9090.159 Executing VM operation: ParallelGCFailedAllocation done
Event: 9090.596 Executing VM operation: ParallelGCFailedAllocation
Event: 9090.598 Executing VM operation: ParallelGCFailedAllocation done
Event: 9090.942 Executing VM operation: ParallelGCFailedAllocation
Event: 9090.944 Executing VM operation: ParallelGCFailedAllocation done
Event: 9090.970 Executing VM operation: ParallelGCFailedAllocation
Event: 9090.977 Executing VM operation: ParallelGCFailedAllocation done
Event: 9090.979 Executing VM operation: ParallelGCFailedAllocation
Event: 9090.981 Executing VM operation: ParallelGCFailedAllocation done
Event: 9090.984 Executing VM operation: ParallelGCFailedAllocation
Event: 9090.989 Executing VM operation: ParallelGCFailedAllocation done
Event: 9090.996 Executing VM operation: ParallelGCFailedAllocation

Events (20 events):
Event: 9087.016 Thread 0x000002e5d79f2680 flushing nmethod 0x000002e5c928eb10
Event: 9087.016 Thread 0x000002e5d79f2680 flushing nmethod 0x000002e5c92b7410
Event: 9087.016 Thread 0x000002e5d79f2680 flushing nmethod 0x000002e5c92c0010
Event: 9087.017 Thread 0x000002e5d79f2680 flushing nmethod 0x000002e5c9462f90
Event: 9087.017 Thread 0x000002e5d79f2680 flushing nmethod 0x000002e5c947c890
Event: 9087.017 Thread 0x000002e5d79f2680 flushing nmethod 0x000002e5c9482c10
Event: 9087.017 Thread 0x000002e5d79f2680 flushing nmethod 0x000002e5c9492810
Event: 9087.017 Thread 0x000002e5d79f2680 flushing nmethod 0x000002e5c9493590
Event: 9087.017 Thread 0x000002e5d79f2680 flushing nmethod 0x000002e5c9496910
Event: 9087.017 Thread 0x000002e5d79f2680 flushing nmethod 0x000002e5c949aa10
Event: 9087.017 Thread 0x000002e5d79f2680 flushing nmethod 0x000002e5c94a2210
Event: 9087.017 Thread 0x000002e5d79f2680 flushing nmethod 0x000002e5c94b8b10
Event: 9087.017 Thread 0x000002e5d79f2680 flushing nmethod 0x000002e5c94bb690
Event: 9087.017 Thread 0x000002e5d79f2680 flushing nmethod 0x000002e5c94d3810
Event: 9087.017 Thread 0x000002e5d79f2680 flushing nmethod 0x000002e5c94ebb10
Event: 9087.017 Thread 0x000002e5d79f2680 flushing nmethod 0x000002e5c94ed790
Event: 9089.075 Thread 0x000002e5dc018e40 Thread added: 0x000002e5dc018e40
Event: 9089.081 Thread 0x000002e5dc018e40 Thread exited: 0x000002e5dc018e40
Event: 9089.242 Thread 0x000002e5dc018e40 Thread added: 0x000002e5dc018e40
Event: 9089.810 Thread 0x000002e5de9e9a90 Thread added: 0x000002e5de9e9a90


Dynamic libraries:
0x00007ff69e8d0000 - 0x00007ff69e8de000 	c:\Users\ajsan\.vscode\extensions\redhat.java-1.2.0\jre\17.0.1-win32-x86_64\bin\java.exe
0x00007ffce0490000 - 0x00007ffce0685000 	C:\Windows\SYSTEM32\ntdll.dll
0x00007ffcdec00000 - 0x00007ffcdecbe000 	C:\Windows\System32\KERNEL32.DLL
0x00007ffcddc60000 - 0x00007ffcddf28000 	C:\Windows\System32\KERNELBASE.dll
0x00007ffcde3d0000 - 0x00007ffcde4d0000 	C:\Windows\System32\ucrtbase.dll
0x00007ffcbd9b0000 - 0x00007ffcbd9c9000 	c:\Users\ajsan\.vscode\extensions\redhat.java-1.2.0\jre\17.0.1-win32-x86_64\bin\VCRUNTIME140.dll
0x00007ffcd8aa0000 - 0x00007ffcd8ab8000 	c:\Users\ajsan\.vscode\extensions\redhat.java-1.2.0\jre\17.0.1-win32-x86_64\bin\jli.dll
0x00007ffcdf080000 - 0x00007ffcdf221000 	C:\Windows\System32\USER32.dll
0x00007ffcc9420000 - 0x00007ffcc96ba000 	C:\Windows\WinSxS\amd64_microsoft.windows.common-controls_6595b64144ccf1df_6.0.19041.1110_none_60b5254171f9507e\COMCTL32.dll
0x00007ffcddf30000 - 0x00007ffcddf52000 	C:\Windows\System32\win32u.dll
0x00007ffcdf3e0000 - 0x00007ffcdf47e000 	C:\Windows\System32\msvcrt.dll
0x00007ffcde5b0000 - 0x00007ffcde5db000 	C:\Windows\System32\GDI32.dll
0x00007ffcde2c0000 - 0x00007ffcde3cd000 	C:\Windows\System32\gdi32full.dll
0x00007ffcde170000 - 0x00007ffcde20d000 	C:\Windows\System32\msvcp_win.dll
0x00007ffcdeb50000 - 0x00007ffcdeb80000 	C:\Windows\System32\IMM32.DLL
0x00007ffcd18d0000 - 0x00007ffcd18dc000 	c:\Users\ajsan\.vscode\extensions\redhat.java-1.2.0\jre\17.0.1-win32-x86_64\bin\vcruntime140_1.dll
0x00007ffc7e3a0000 - 0x00007ffc7e431000 	c:\Users\ajsan\.vscode\extensions\redhat.java-1.2.0\jre\17.0.1-win32-x86_64\bin\msvcp140.dll
0x00007ffc79120000 - 0x00007ffc79d66000 	c:\Users\ajsan\.vscode\extensions\redhat.java-1.2.0\jre\17.0.1-win32-x86_64\bin\server\jvm.dll
0x00007ffcdfa80000 - 0x00007ffcdfb2e000 	C:\Windows\System32\ADVAPI32.dll
0x00007ffcdecc0000 - 0x00007ffcded5c000 	C:\Windows\System32\sechost.dll
0x00007ffce0320000 - 0x00007ffce0445000 	C:\Windows\System32\RPCRT4.dll
0x00007ffcdeb40000 - 0x00007ffcdeb48000 	C:\Windows\System32\PSAPI.DLL
0x00007ffcd9430000 - 0x00007ffcd9439000 	C:\Windows\SYSTEM32\WSOCK32.dll
0x00007ffcde5e0000 - 0x00007ffcde64b000 	C:\Windows\System32\WS2_32.dll
0x00007ffcb8360000 - 0x00007ffcb8387000 	C:\Windows\SYSTEM32\WINMM.dll
0x00007ffcd7a30000 - 0x00007ffcd7a3a000 	C:\Windows\SYSTEM32\VERSION.dll
0x00007ffcdc440000 - 0x00007ffcdc452000 	C:\Windows\SYSTEM32\kernel.appcore.dll
0x00007ffcd13e0000 - 0x00007ffcd13ea000 	c:\Users\ajsan\.vscode\extensions\redhat.java-1.2.0\jre\17.0.1-win32-x86_64\bin\jimage.dll
0x00007ffcdb920000 - 0x00007ffcdbb04000 	C:\Windows\SYSTEM32\DBGHELP.DLL
0x00007ffccdb20000 - 0x00007ffccdb4c000 	C:\Windows\SYSTEM32\dbgcore.DLL
0x00007ffcddba0000 - 0x00007ffcddc22000 	C:\Windows\System32\bcryptPrimitives.dll
0x00007ffcb5040000 - 0x00007ffcb5065000 	c:\Users\ajsan\.vscode\extensions\redhat.java-1.2.0\jre\17.0.1-win32-x86_64\bin\java.dll
0x00007ffcb5750000 - 0x00007ffcb5768000 	c:\Users\ajsan\.vscode\extensions\redhat.java-1.2.0\jre\17.0.1-win32-x86_64\bin\zip.dll
0x00007ffcdfb30000 - 0x00007ffce0274000 	C:\Windows\System32\SHELL32.dll
0x00007ffcdbbb0000 - 0x00007ffcdc345000 	C:\Windows\SYSTEM32\windows.storage.dll
0x00007ffcde760000 - 0x00007ffcdeab5000 	C:\Windows\System32\combase.dll
0x00007ffcdd5f0000 - 0x00007ffcdd61e000 	C:\Windows\SYSTEM32\Wldp.dll
0x00007ffcdefd0000 - 0x00007ffcdf07d000 	C:\Windows\System32\SHCORE.dll
0x00007ffcdef70000 - 0x00007ffcdefc5000 	C:\Windows\System32\shlwapi.dll
0x00007ffcddae0000 - 0x00007ffcddaff000 	C:\Windows\SYSTEM32\profapi.dll
0x00007ffcb5020000 - 0x00007ffcb5039000 	C:\Users\ajsan\.vscode\extensions\redhat.java-1.2.0\jre\17.0.1-win32-x86_64\bin\net.dll
0x00007ffcd1410000 - 0x00007ffcd151c000 	C:\Windows\SYSTEM32\WINHTTP.dll
0x00007ffcdd350000 - 0x00007ffcdd3ba000 	C:\Windows\system32\mswsock.dll
0x00007ffcb44a0000 - 0x00007ffcb44b5000 	C:\Users\ajsan\.vscode\extensions\redhat.java-1.2.0\jre\17.0.1-win32-x86_64\bin\nio.dll
0x00007ffcdd550000 - 0x00007ffcdd568000 	C:\Windows\SYSTEM32\CRYPTSP.dll
0x00007ffcdcc00000 - 0x00007ffcdcc34000 	C:\Windows\system32\rsaenh.dll
0x00007ffcddc30000 - 0x00007ffcddc57000 	C:\Windows\System32\bcrypt.dll
0x00007ffcddaa0000 - 0x00007ffcddace000 	C:\Windows\SYSTEM32\USERENV.dll
0x00007ffcdd540000 - 0x00007ffcdd54c000 	C:\Windows\SYSTEM32\CRYPTBASE.dll
0x00007ffcdcff0000 - 0x00007ffcdd02b000 	C:\Windows\SYSTEM32\IPHLPAPI.DLL
0x00007ffce0310000 - 0x00007ffce0318000 	C:\Windows\System32\NSI.dll
0x00007ffcd5ce0000 - 0x00007ffcd5cf7000 	C:\Windows\SYSTEM32\dhcpcsvc6.DLL
0x00007ffcd5da0000 - 0x00007ffcd5dbd000 	C:\Windows\SYSTEM32\dhcpcsvc.DLL
0x00007ffcdd040000 - 0x00007ffcdd10b000 	C:\Windows\SYSTEM32\DNSAPI.dll
0x00007ffc7e360000 - 0x00007ffc7e39e000 	C:\Users\ajsan\AppData\Roaming\Code\User\globalStorage\redhat.java\1.2.0\config_win\org.eclipse.equinox.launcher\org.eclipse.equinox.launcher.win32.win32.x86_64_1.2.400.v20211117-0650\eclipse_11602.dll
0x00007ffcded60000 - 0x00007ffcdee8a000 	C:\Windows\System32\ole32.dll
0x00007ffccdb70000 - 0x00007ffccdb80000 	c:\Users\ajsan\.vscode\extensions\redhat.java-1.2.0\jre\17.0.1-win32-x86_64\bin\verify.dll
0x00007ffcb0370000 - 0x00007ffcb0381000 	C:\Users\ajsan\AppData\Roaming\Code\User\globalStorage\redhat.java\1.2.0\config_win\org.eclipse.osgi\22\0\.cp\jWinHttp-1.0.0.dll
0x00007ffcd8870000 - 0x00007ffcd887e000 	C:\Users\ajsan\.vscode\extensions\redhat.java-1.2.0\jre\17.0.1-win32-x86_64\bin\sunmscapi.dll
0x00007ffcddfc0000 - 0x00007ffcde116000 	C:\Windows\System32\CRYPT32.dll
0x00007ffcdd660000 - 0x00007ffcdd687000 	C:\Windows\SYSTEM32\ncrypt.dll
0x00007ffcdd620000 - 0x00007ffcdd65b000 	C:\Windows\SYSTEM32\NTASN1.dll

dbghelp: loaded successfully - version: 4.0.5 - missing functions: none
symbol engine: initialized successfully - sym options: 0x614 - pdb path: .;c:\Users\ajsan\.vscode\extensions\redhat.java-1.2.0\jre\17.0.1-win32-x86_64\bin;C:\Windows\SYSTEM32;C:\Windows\WinSxS\amd64_microsoft.windows.common-controls_6595b64144ccf1df_6.0.19041.1110_none_60b5254171f9507e;c:\Users\ajsan\.vscode\extensions\redhat.java-1.2.0\jre\17.0.1-win32-x86_64\bin\server;C:\Users\ajsan\AppData\Roaming\Code\User\globalStorage\redhat.java\1.2.0\config_win\org.eclipse.equinox.launcher\org.eclipse.equinox.launcher.win32.win32.x86_64_1.2.400.v20211117-0650;C:\Users\ajsan\AppData\Roaming\Code\User\globalStorage\redhat.java\1.2.0\config_win\org.eclipse.osgi\22\0\.cp

VM Arguments:
jvm_args: --add-modules=ALL-SYSTEM --add-opens=java.base/java.util=ALL-UNNAMED --add-opens=java.base/java.lang=ALL-UNNAMED -Declipse.application=org.eclipse.jdt.ls.core.id1 -Dosgi.bundles.defaultStartLevel=4 -Declipse.product=org.eclipse.jdt.ls.core.product -Djava.import.generatesMetadataFilesAtProjectRoot=false -Dfile.encoding=utf8 -DwatchParentProcess=false -XX:+UseParallelGC -XX:GCTimeRatio=4 -XX:AdaptiveSizePolicyWeight=90 -Dsun.zip.disableMemoryMapping=true -Xmx1G -Xms100m -XX:+HeapDumpOnOutOfMemoryError -XX:HeapDumpPath=c:\Users\ajsan\AppData\Roaming\Code\User\workspaceStorage\b6d053adb5709f7da4896fcc41309df9\redhat.java 
java_command: c:\Users\ajsan\.vscode\extensions\redhat.java-1.2.0\server\plugins\org.eclipse.equinox.launcher_1.6.400.v20210924-0641.jar -configuration c:\Users\ajsan\AppData\Roaming\Code\User\globalStorage\redhat.java\1.2.0\config_win -data c:\Users\ajsan\AppData\Roaming\Code\User\workspaceStorage\b6d053adb5709f7da4896fcc41309df9\redhat.java\jdt_ws
java_class_path (initial): c:\Users\ajsan\.vscode\extensions\redhat.java-1.2.0\server\plugins\org.eclipse.equinox.launcher_1.6.400.v20210924-0641.jar
Launcher Type: SUN_STANDARD

[Global flags]
    uintx AdaptiveSizePolicyWeight                 = 90                                        {product} {command line}
     intx CICompilerCount                          = 3                                         {product} {ergonomic}
    uintx GCTimeRatio                              = 4                                         {product} {command line}
     bool HeapDumpOnOutOfMemoryError               = true                                   {manageable} {command line}
    ccstr HeapDumpPath                             = c:\Users\ajsan\AppData\Roaming\Code\User\workspaceStorage\b6d053adb5709f7da4896fcc41309df9\redhat.java         {manageable} {command line}
   size_t InitialHeapSize                          = 104857600                                 {product} {command line}
   size_t MaxHeapSize                              = 1073741824                                {product} {command line}
   size_t MaxNewSize                               = 357564416                                 {product} {ergonomic}
   size_t MinHeapDeltaBytes                        = 524288                                    {product} {ergonomic}
   size_t MinHeapSize                              = 104857600                                 {product} {command line}
   size_t NewSize                                  = 34603008                                  {product} {ergonomic}
    uintx NonNMethodCodeHeapSize                   = 5832780                                {pd product} {ergonomic}
    uintx NonProfiledCodeHeapSize                  = 122912730                              {pd product} {ergonomic}
   size_t OldSize                                  = 70254592                                  {product} {ergonomic}
    uintx ProfiledCodeHeapSize                     = 122912730                              {pd product} {ergonomic}
    uintx ReservedCodeCacheSize                    = 251658240                              {pd product} {ergonomic}
     bool SegmentedCodeCache                       = true                                      {product} {ergonomic}
   size_t SoftMaxHeapSize                          = 1073741824                             {manageable} {ergonomic}
     bool UseCompressedClassPointers               = true                           {product lp64_product} {ergonomic}
     bool UseCompressedOops                        = true                           {product lp64_product} {ergonomic}
     bool UseLargePagesIndividualAllocation        = false                                  {pd product} {ergonomic}
     bool UseParallelGC                            = true                                      {product} {command line}

Logging:
Log output configuration:
 #0: stdout all=warning uptime,level,tags
 #1: stderr all=off uptime,level,tags

Environment Variables:
PATH=C:\Users\ajsan\bin;C:\Program Files\Git\mingw64\bin;C:\Program Files\Git\usr\local\bin;C:\Program Files\Git\usr\bin;C:\Program Files\Git\usr\bin;C:\Program Files\Git\mingw64\bin;C:\Program Files\Git\usr\bin;C:\Users\ajsan\bin;C:\Program Files\Eclipse Foundation\jdk-11.0.12.7-hotspot\bin;C:\Program Files (x86)\Razer\ChromaBroadcast\bin;C:\Program Files\Razer\ChromaBroadcast\bin;C:\Windows\system32;C:\Windows;C:\Windows\System32\Wbem;C:\Windows\System32\WindowsPowerShell\v1.0;C:\Windows\System32\OpenSSH;C:\Windows\system32\config\systemprofile\AppData\Local\Microsoft\WindowsApps;C:\Maven\bin;C:\Program Files\Git\cmd;C:\Program Files\nodejs;C:\Users\ajsan\AppData\Local\Programs\Python\Python310\Scripts;C:\Users\ajsan\AppData\Local\Programs\Python\Python310;C:\Users\ajsan\AppData\Local\Microsoft\WindowsApps;C:\Users\ajsan\AppData\Roaming\npm;C:\Users\ajsan\AppData\Local\Programs\Microsoft VS Code\bin;C:\Program Files\Git\usr\bin\vendor_perl;C:\Program Files\Git\usr\bin\core_perl
USERNAME=Arthur
SHELL=C:\Program Files\Git\usr\bin\bash.exe
DISPLAY=needs-to-be-defined
LC_CTYPE=pt_BR.UTF-8
OS=Windows_NT
PROCESSOR_IDENTIFIER=Intel64 Family 6 Model 158 Stepping 13, GenuineIntel



---------------  S Y S T E M  ---------------

OS:
 Windows 10 , 64 bit Build 19041 (10.0.19041.1466)
OS uptime: 0 days 5:10 hours

CPU: total 6 (initial active 6) (6 cores per cpu, 1 threads per core) family 6 model 158 stepping 13 microcode 0xb8, cx8, cmov, fxsr, mmx, 3dnowpref, sse, sse2, sse3, ssse3, sse4.1, sse4.2, popcnt, lzcnt, tsc, tscinvbit, avx, avx2, aes, erms, clmul, bmi1, bmi2, rtm, adx, fma, vzeroupper, clflush, clflushopt

Memory: 4k page, system-wide physical 15290M (7851M free)
TotalPageFile size 19258M (AvailPageFile size 8225M)
current process WorkingSet (physical memory assigned to process): 677M, peak: 736M
current process commit charge ("private bytes"): 639M, peak: 771M

vm_info: OpenJDK 64-Bit Server VM (17.0.1+12) for windows-amd64 JRE (17.0.1+12), built on Oct 20 2021 07:42:55 by "" with MS VC++ 16.7 (VS2019)

END.
