#
# A fatal error has been detected by the Java Runtime Environment:
#
#  EXCEPTION_ACCESS_VIOLATION (0xc0000005) at pc=0x00007ffc79408a90, pid=1988, tid=12956
#
# JRE version: OpenJDK Runtime Environment Temurin-17.0.1+12 (17.0.1+12) (build 17.0.1+12)
# Java VM: OpenJDK 64-Bit Server VM Temurin-17.0.1+12 (17.0.1+12, mixed mode, tiered, compressed oops, compressed class ptrs, parallel gc, windows-amd64)
# Problematic frame:
# V  [jvm.dll+0x2e8a90]
#
# No core dump will be written. Minidumps are not enabled by default on client versions of Windows
#
# If you would like to submit a bug report, please visit:
#   https://github.com/adoptium/adoptium-support/issues
#

---------------  S U M M A R Y ------------

Command Line: --add-modules=ALL-SYSTEM --add-opens=java.base/java.util=ALL-UNNAMED --add-opens=java.base/java.lang=ALL-UNNAMED -Declipse.application=org.eclipse.jdt.ls.core.id1 -Dosgi.bundles.defaultStartLevel=4 -Declipse.product=org.eclipse.jdt.ls.core.product -Djava.import.generatesMetadataFilesAtProjectRoot=false -Dfile.encoding=utf8 -DwatchParentProcess=false -XX:+UseParallelGC -XX:GCTimeRatio=4 -XX:AdaptiveSizePolicyWeight=90 -Dsun.zip.disableMemoryMapping=true -Xmx1G -Xms100m -XX:+HeapDumpOnOutOfMemoryError -XX:HeapDumpPath=c:\Users\ajsan\AppData\Roaming\Code\User\workspaceStorage\b6d053adb5709f7da4896fcc41309df9\redhat.java c:\Users\ajsan\.vscode\extensions\redhat.java-1.2.0\server\plugins\org.eclipse.equinox.launcher_1.6.400.v20210924-0641.jar -configuration c:\Users\ajsan\AppData\Roaming\Code\User\globalStorage\redhat.java\1.2.0\config_win -data c:\Users\ajsan\AppData\Roaming\Code\User\workspaceStorage\b6d053adb5709f7da4896fcc41309df9\redhat.java\jdt_ws

Host: Intel(R) Core(TM) i5-9600K CPU @ 3.70GHz, 6 cores, 14G,  Windows 10 , 64 bit Build 19041 (10.0.19041.1466)
Time: Sun Jan 16 17:01:03 2022 Hora oficial do Brasil elapsed time: 4050.634174 seconds (0d 1h 7m 30s)

---------------  T H R E A D  ---------------

Current thread (0x00000265488019f0):  GCTaskThread "GC Thread#4" [stack: 0x000000d338f00000,0x000000d339000000] [id=12956]

Stack: [0x000000d338f00000,0x000000d339000000],  sp=0x000000d338fff5a0,  free space=1021k
Native frames: (J=compiled Java code, j=interpreted, Vv=VM code, C=native code)
V  [jvm.dll+0x2e8a90]
V  [jvm.dll+0x6b49d8]
V  [jvm.dll+0x6b4e3f]
V  [jvm.dll+0x85b53b]
V  [jvm.dll+0x85b586]
V  [jvm.dll+0x7de51a]
V  [jvm.dll+0x673305]
C  [ucrtbase.dll+0x21bb2]
C  [KERNEL32.DLL+0x17034]
C  [ntdll.dll+0x52651]


siginfo: EXCEPTION_ACCESS_VIOLATION (0xc0000005), reading address 0xffffffffffffffff


Register to memory mapping:

RIP=0x00007ffc79408a90 jvm.dll
RAX=0x003106e4000116c9 is an unknown value
RBX=0x0000000000000004 is an unknown value
RCX=0x0000000000019356 is an unknown value
RDX=0x00000000ffffffff is an unallocated location in the heap
RSP=0x000000d338fff5a0 points into unknown readable memory: 0x0000000000000004 | 04 00 00 00 00 00 00 00
RBP=0x0000000000000005 is an unknown value
RSI=0x0000026545d8a7e0 points into unknown readable memory: 0x0000000000000000 | 00 00 00 00 00 00 00 00
RDI=0x0000026545c96b10 points into unknown readable memory: 0x00007ffc79a6e1c8 | c8 e1 a6 79 fc 7f 00 00
R8 =0x0 is NULL
R9 =0x0 is NULL
R10=0x0000000000007c8d is an unknown value
R11=0x0000026545d8c1e0 points into unknown readable memory: 0x0000000000000000 | 00 00 00 00 00 00 00 00
R12=0x0 is NULL
R13=0x00000265487f5f00 points into unknown readable memory: 0xffffffff00000002 | 02 00 00 00 ff ff ff ff
R14=0x0 is NULL
R15=0x000000d338fff620 points into unknown readable memory: 0x00000000c8d95a5d | 5d 5a d9 c8 00 00 00 00


Registers:
RAX=0x003106e4000116c9, RBX=0x0000000000000004, RCX=0x0000000000019356, RDX=0x00000000ffffffff
RSP=0x000000d338fff5a0, RBP=0x0000000000000005, RSI=0x0000026545d8a7e0, RDI=0x0000026545c96b10
R8 =0x0000000000000000, R9 =0x0000000000000000, R10=0x0000000000007c8d, R11=0x0000026545d8c1e0
R12=0x0000000000000000, R13=0x00000265487f5f00, R14=0x0000000000000000, R15=0x000000d338fff620
RIP=0x00007ffc79408a90, EFLAGS=0x0000000000010206

Top of Stack: (sp=0x000000d338fff5a0)
0x000000d338fff5a0:   0000000000000004 00000265487f5f00
0x000000d338fff5b0:   000000d337bff398 0000000000000004
0x000000d338fff5c0:   0000000000000005 0000000000000004
0x000000d338fff5d0:   000000d337bff3f0 00007ffc797d49d8
0x000000d338fff5e0:   0000026545d8c180 0000026545d8c180
0x000000d338fff5f0:   0000000000000000 003106e4000116c9
0x000000d338fff600:   000000d337bff290 00007ffc797d4e3f
0x000000d338fff610:   0000026545d8c180 000000d338fff6a9
0x000000d338fff620:   00000000c8d95a5d 000000d337bff3d0
0x000000d338fff630:   0000026545d8c180 ffffffff00000004
0x000000d338fff640:   0000000000000006 00007ffc79c327c0
0x000000d338fff650:   0000000400000002 0000026545d8c180
0x000000d338fff660:   00007ffc79ace0b8 0000026545d8c180
0x000000d338fff670:   000000d337bff290 0000026547d9bfe0
0x000000d338fff680:   00000000000003d8 0000026547d9bff0
0x000000d338fff690:   0000026547d9c3c8 00007ffc79ace228 

Instructions: (pc=0x00007ffc79408a90)
0x00007ffc79408990:   b8 5f 0b 4e 83 41 f7 e8 41 03 d0 c1 fa 10 8b c2
0x00007ffc794089a0:   c1 e8 1f 03 d0 41 69 c0 a7 41 00 00 69 ca ff ff
0x00007ffc794089b0:   ff 7f 2b c1 85 c0 8d 88 ff ff ff 7f 0f 4e c1 33
0x00007ffc794089c0:   d2 41 89 83 04 02 00 00 f7 77 08 eb b3 41 8b c1
0x00007ffc794089d0:   4c 8d 34 c5 00 00 00 00 48 8b 47 10 49 8b 0c 06
0x00007ffc794089e0:   8b 81 00 01 00 00 44 8b 91 80 00 00 00 44 2b d0
0x00007ffc794089f0:   8b c2 41 81 e2 ff ff 01 00 41 81 fa ff ff 01 00
0x00007ffc79408a00:   45 0f 44 d4 48 8d 34 c5 00 00 00 00 48 8b 47 10
0x00007ffc79408a10:   48 8b 0c 06 8b 81 00 01 00 00 44 8b 81 80 00 00
0x00007ffc79408a20:   00 44 2b c0 32 c0 41 81 e0 ff ff 01 00 41 81 f8
0x00007ffc79408a30:   ff ff 01 00 45 0f 44 c4 45 3b c2 76 21 48 8b 47
0x00007ffc79408a40:   10 48 8b 34 06 48 8b 86 00 01 00 00 48 89 44 24
0x00007ffc79408a50:   40 8b 8e 80 00 00 00 48 8b 44 24 40 eb 2b 45 85
0x00007ffc79408a60:   d2 0f 84 8d 00 00 00 48 8b 47 10 41 8b d1 49 8b
0x00007ffc79408a70:   34 06 48 8b 86 00 01 00 00 48 89 44 24 58 8b 8e
0x00007ffc79408a80:   80 00 00 00 48 8b 44 24 58 2b c8 81 e1 ff ff 01
0x00007ffc79408a90:   00 81 f9 ff ff 01 00 41 0f 44 cc 85 c9 75 13 ba
0x00007ffc79408aa0:   ff ff ff ff 32 c0 41 89 93 00 02 00 00 e9 cc 00
0x00007ffc79408ab0:   00 00 48 8b 8e 80 01 00 00 4c 8b c8 44 8b c0 4e
0x00007ffc79408ac0:   8b 04 c1 8d 48 01 81 e1 ff ff 01 00 4d 89 07 45
0x00007ffc79408ad0:   8b c4 41 0f 94 c0 49 c1 e9 20 45 03 c8 49 c1 e1
0x00007ffc79408ae0:   20 4c 0b c9 f0 4c 0f b1 8e 00 01 00 00 0f 94 c0
0x00007ffc79408af0:   84 c0 75 05 ba ff ff ff ff 41 89 93 00 02 00 00
0x00007ffc79408b00:   eb 7c 75 7e 48 8b 47 10 8d 4b ff 83 e1 01 4c 8b
0x00007ffc79408b10:   14 c8 49 8b 82 00 01 00 00 48 89 04 24 41 8b 8a
0x00007ffc79408b20:   80 00 00 00 48 8b 04 24 2b c8 81 e1 ff ff 01 00
0x00007ffc79408b30:   81 f9 ff ff 01 00 41 0f 44 cc 85 c9 75 04 32 c0
0x00007ffc79408b40:   eb 3c 49 8b 8a 80 01 00 00 4c 8b c0 8b d0 48 8b
0x00007ffc79408b50:   14 d1 8d 48 01 81 e1 ff ff 01 00 49 89 17 41 8b
0x00007ffc79408b60:   d4 0f 94 c2 49 c1 e8 20 44 03 c2 49 c1 e0 20 4c
0x00007ffc79408b70:   0b c1 f0 4d 0f b1 82 00 01 00 00 0f 94 c0 84 c0
0x00007ffc79408b80:   75 29 8b 4f 08 ff c5 8d 04 09 3b e8 0f 82 80 fd 


Stack slot to memory mapping:
stack at sp + 0 slots: 0x0000000000000004 is an unknown value
stack at sp + 1 slots: 0x00000265487f5f00 points into unknown readable memory: 0xffffffff00000002 | 02 00 00 00 ff ff ff ff
stack at sp + 2 slots: 0x000000d337bff398 points into unknown readable memory: 0x0000026531f4b810 | 10 b8 f4 31 65 02 00 00
stack at sp + 3 slots: 0x0000000000000004 is an unknown value
stack at sp + 4 slots: 0x0000000000000005 is an unknown value
stack at sp + 5 slots: 0x0000000000000004 is an unknown value
stack at sp + 6 slots: 0x000000d337bff3f0 points into unknown readable memory: 0xffffffff00000006 | 06 00 00 00 ff ff ff ff
stack at sp + 7 slots: 0x00007ffc797d49d8 jvm.dll


---------------  P R O C E S S  ---------------

Threads class SMR info:
_java_thread_list=0x000002654dfb92e0, length=36, elements={
0x0000026531f583f0, 0x0000026545da7b50, 0x0000026545dab040, 0x0000026547d7b1b0,
0x0000026547d7bc70, 0x0000026547d7ced0, 0x0000026545dd8010, 0x0000026545dddaa0,
0x0000026547d7ff40, 0x0000026547d817c0, 0x0000026547ee2b80, 0x0000026547ee3050,
0x0000026547ee4390, 0x0000026547ee4d30, 0x0000026547ee39f0, 0x0000026547ee4860,
0x0000026547ee3ec0, 0x0000026547ee56d0, 0x0000026547ee26b0, 0x000002654a2617b0,
0x0000026559bf4520, 0x000002654a269000, 0x000002654c02b630, 0x000002654c02bb00,
0x000002654c027c70, 0x000002654c02a7c0, 0x000002654c02e650, 0x0000026559bf83b0,
0x0000026559bf7540, 0x0000026559bf7a10, 0x000002654a2647d0, 0x000002654a266e50,
0x0000026559bf2840, 0x0000026559bf5390, 0x000002654c028140, 0x000002654c02ce40
}

Java Threads: ( => current thread )
  0x0000026531f583f0 JavaThread "main" [_thread_blocked, id=4972, stack(0x000000d337900000,0x000000d337a00000)]
  0x0000026545da7b50 JavaThread "Reference Handler" daemon [_thread_blocked, id=7376, stack(0x000000d337c00000,0x000000d337d00000)]
  0x0000026545dab040 JavaThread "Finalizer" daemon [_thread_blocked, id=3268, stack(0x000000d337d00000,0x000000d337e00000)]
  0x0000026547d7b1b0 JavaThread "Signal Dispatcher" daemon [_thread_blocked, id=11920, stack(0x000000d337e00000,0x000000d337f00000)]
  0x0000026547d7bc70 JavaThread "Attach Listener" daemon [_thread_blocked, id=11208, stack(0x000000d337f00000,0x000000d338000000)]
  0x0000026547d7ced0 JavaThread "Service Thread" daemon [_thread_blocked, id=9236, stack(0x000000d338000000,0x000000d338100000)]
  0x0000026545dd8010 JavaThread "Monitor Deflation Thread" daemon [_thread_blocked, id=788, stack(0x000000d338100000,0x000000d338200000)]
  0x0000026545dddaa0 JavaThread "C2 CompilerThread0" daemon [_thread_blocked, id=6288, stack(0x000000d338200000,0x000000d338300000)]
  0x0000026547d7ff40 JavaThread "C1 CompilerThread0" daemon [_thread_blocked, id=7300, stack(0x000000d338300000,0x000000d338400000)]
  0x0000026547d817c0 JavaThread "Sweeper thread" daemon [_thread_blocked, id=8432, stack(0x000000d338400000,0x000000d338500000)]
  0x0000026547ee2b80 JavaThread "Common-Cleaner" daemon [_thread_blocked, id=14032, stack(0x000000d338500000,0x000000d338600000)]
  0x0000026547ee3050 JavaThread "Notification Thread" daemon [_thread_blocked, id=13612, stack(0x000000d338600000,0x000000d338700000)]
  0x0000026547ee4390 JavaThread "Active Thread: Equinox Container: d0eb7217-c063-4bd4-8f65-8957f6264683" [_thread_blocked, id=4340, stack(0x000000d338900000,0x000000d338a00000)]
  0x0000026547ee4d30 JavaThread "Framework Event Dispatcher: Equinox Container: d0eb7217-c063-4bd4-8f65-8957f6264683" daemon [_thread_blocked, id=10608, stack(0x000000d338a00000,0x000000d338b00000)]
  0x0000026547ee39f0 JavaThread "Start Level: Equinox Container: d0eb7217-c063-4bd4-8f65-8957f6264683" daemon [_thread_blocked, id=11136, stack(0x000000d338b00000,0x000000d338c00000)]
  0x0000026547ee4860 JavaThread "SCR Component Actor" daemon [_thread_blocked, id=10048, stack(0x000000d339100000,0x000000d339200000)]
  0x0000026547ee3ec0 JavaThread "Bundle File Closer" daemon [_thread_blocked, id=10064, stack(0x000000d339300000,0x000000d339400000)]
  0x0000026547ee56d0 JavaThread "Worker-JM" [_thread_blocked, id=8936, stack(0x000000d339400000,0x000000d339500000)]
  0x0000026547ee26b0 JavaThread "Java indexing" daemon [_thread_blocked, id=10772, stack(0x000000d339700000,0x000000d339800000)]
  0x000002654a2617b0 JavaThread "pool-2-thread-1" [_thread_in_native, id=2476, stack(0x000000d339800000,0x000000d339900000)]
  0x0000026559bf4520 JavaThread "ForkJoinPool.commonPool-worker-11" daemon [_thread_blocked, id=13144, stack(0x000000d339a00000,0x000000d339b00000)]
  0x000002654a269000 JavaThread "Worker-12" [_thread_blocked, id=1588, stack(0x000000d339900000,0x000000d339a00000)]
  0x000002654c02b630 JavaThread "ForkJoinPool.commonPool-worker-17" daemon [_thread_blocked, id=8244, stack(0x000000d337800000,0x000000d337900000)]
  0x000002654c02bb00 JavaThread "ForkJoinPool.commonPool-worker-18" daemon [_thread_blocked, id=3820, stack(0x000000d338800000,0x000000d338900000)]
  0x000002654c027c70 JavaThread "ForkJoinPool.commonPool-worker-19" daemon [_thread_blocked, id=13136, stack(0x000000d339200000,0x000000d339300000)]
  0x000002654c02a7c0 JavaThread "ForkJoinPool.commonPool-worker-20" daemon [_thread_blocked, id=10116, stack(0x000000d337600000,0x000000d337700000)]
  0x000002654c02e650 JavaThread "ForkJoinPool.commonPool-worker-21" daemon [_thread_blocked, id=5036, stack(0x000000d337700000,0x000000d337800000)]
  0x0000026559bf83b0 JavaThread "ForkJoinPool.commonPool-worker-22" daemon [_thread_blocked, id=10148, stack(0x000000d339b00000,0x000000d339c00000)]
  0x0000026559bf7540 JavaThread "ForkJoinPool.commonPool-worker-23" daemon [_thread_blocked, id=1744, stack(0x000000d339c00000,0x000000d339d00000)]
  0x0000026559bf7a10 JavaThread "ForkJoinPool.commonPool-worker-24" daemon [_thread_blocked, id=2572, stack(0x000000d339d00000,0x000000d339e00000)]
  0x000002654a2647d0 JavaThread "Worker-15" [_thread_blocked, id=276, stack(0x000000d339600000,0x000000d339700000)]
  0x000002654a266e50 JavaThread "Worker-16" [_thread_blocked, id=3672, stack(0x000000d339e00000,0x000000d339f00000)]
  0x0000026559bf2840 JavaThread "OkHttp repo.maven.apache.org" [_thread_in_native, id=12996, stack(0x000000d339f00000,0x000000d33a000000)]
  0x0000026559bf5390 JavaThread "OkHttp ConnectionPool" daemon [_thread_blocked, id=11260, stack(0x000000d33a000000,0x000000d33a100000)]
  0x000002654c028140 JavaThread "OkHttp repo.maven.apache.org Writer" [_thread_blocked, id=12160, stack(0x000000d33a200000,0x000000d33a300000)]
  0x000002654c02ce40 JavaThread "Worker-17" [_thread_blocked, id=11040, stack(0x000000d33a400000,0x000000d33a500000)]

Other Threads:
  0x0000026545c9a3e0 VMThread "VM Thread" [stack: 0x000000d337b00000,0x000000d337c00000] [id=3900]
  0x0000026547fad8a0 WatcherThread [stack: 0x000000d338700000,0x000000d338800000] [id=8884]
  0x0000026531f6e8c0 GCTaskThread "GC Thread#0" [stack: 0x000000d337a00000,0x000000d337b00000] [id=8084]
  0x00000265485161e0 GCTaskThread "GC Thread#1" [stack: 0x000000d338c00000,0x000000d338d00000] [id=12612]
  0x0000026548832b50 GCTaskThread "GC Thread#2" [stack: 0x000000d338d00000,0x000000d338e00000] [id=7988]
  0x0000026548833410 GCTaskThread "GC Thread#3" [stack: 0x000000d338e00000,0x000000d338f00000] [id=1348]
=>0x00000265488019f0 GCTaskThread "GC Thread#4" [stack: 0x000000d338f00000,0x000000d339000000] [id=12956]
  0x0000026548801ca0 GCTaskThread "GC Thread#5" [stack: 0x000000d339000000,0x000000d339100000] [id=4012]

Threads with active compile tasks:

VM state: at safepoint (normal execution)

VM Mutex/Monitor currently owned by a thread:  ([mutex/lock_event])
[0x0000026531f545a0] Threads_lock - owner thread: 0x0000026545c9a3e0
[0x0000026531f550e0] Heap_lock - owner thread: 0x0000026547ee26b0

Heap address: 0x00000000c0000000, size: 1024 MB, Compressed Oops mode: 32-bit

CDS archive(s) not mapped
Compressed class space mapped at: 0x0000000100000000-0x0000000140000000, reserved size: 1073741824
Narrow klass base: 0x0000000000000000, Narrow klass shift: 3, Narrow klass range: 0x140000000

GC Precious Log:
 CPUs: 6 total, 6 available
 Memory: 15290M
 Large Page Support: Disabled
 NUMA Support: Disabled
 Compressed Oops: Enabled (32-bit)
 Alignments: Space 512K, Generation 512K, Heap 2M
 Heap Min Capacity: 100M
 Heap Initial Capacity: 100M
 Heap Max Capacity: 1G
 Pre-touch: Disabled
 Parallel Workers: 6

Heap:
 PSYoungGen      total 8704K, used 8177K [0x00000000eab00000, 0x00000000eb780000, 0x0000000100000000)
  eden space 4608K, 98% used [0x00000000eab00000,0x00000000eaf6c700,0x00000000eaf80000)
  from space 4096K, 89% used [0x00000000eb380000,0x00000000eb710000,0x00000000eb780000)
  to   space 4096K, 100% used [0x00000000eaf80000,0x00000000eb380000,0x00000000eb380000)
 ParOldGen       total 182272K, used 158989K [0x00000000c0000000, 0x00000000cb200000, 0x00000000eab00000)
  object space 182272K, 87% used [0x00000000c0000000,0x00000000c9b43628,0x00000000cb200000)
 Metaspace       used 96378K, committed 97472K, reserved 1138688K
  class space    used 9328K, committed 9792K, reserved 1048576K

Card table byte_map: [0x0000026531910000,0x0000026531b20000] _byte_map_base: 0x0000026531310000

Marking Bits: (ParMarkBitMap*) 0x00007ffc79ca2a60
 Begin Bits: [0x0000026543be0000, 0x0000026544be0000)
 End Bits:   [0x0000026544be0000, 0x0000026545be0000)

Polling page: 0x000002652ff40000

Metaspace:

Usage:
  Non-class:     85.01 MB used.
      Class:      9.11 MB used.
       Both:     94.12 MB used.

Virtual space:
  Non-class space:       88.00 MB reserved,      85.62 MB ( 97%) committed,  11 nodes.
      Class space:        1.00 GB reserved,       9.56 MB ( <1%) committed,  1 nodes.
             Both:        1.09 GB reserved,      95.19 MB (  9%) committed. 

Chunk freelists:
   Non-Class:  2.16 MB
       Class:  2.42 MB
        Both:  4.57 MB

MaxMetaspaceSize: unlimited
CompressedClassSpaceSize: 1.00 GB
Initial GC threshold: 21.00 MB
Current GC threshold: 158.56 MB
CDS: off
MetaspaceReclaimPolicy: balanced
 - commit_granule_bytes: 65536.
 - commit_granule_words: 8192.
 - virtual_space_node_default_size: 1048576.
 - enlarge_chunks_in_place: 1.
 - new_chunks_are_fully_committed: 0.
 - uncommit_free_chunks: 1.
 - use_allocation_guard: 0.
 - handle_deallocations: 1.


Internal statistics:

num_allocs_failed_limit: 9.
num_arena_births: 950.
num_arena_deaths: 264.
num_vsnodes_births: 12.
num_vsnodes_deaths: 0.
num_space_committed: 1533.
num_space_uncommitted: 10.
num_chunks_returned_to_freelist: 383.
num_chunks_taken_from_freelist: 5206.
num_chunk_merges: 110.
num_chunk_splits: 3028.
num_chunks_enlarged: 1614.
num_purges: 16.
num_inconsistent_stats: 0.

CodeHeap 'non-profiled nmethods': size=120000Kb used=27893Kb max_used=29707Kb free=92106Kb
 bounds [0x000002653c6b0000, 0x000002653e3c0000, 0x0000026543be0000]
CodeHeap 'profiled nmethods': size=120000Kb used=45060Kb max_used=45486Kb free=74939Kb
 bounds [0x0000026535180000, 0x0000026537e30000, 0x000002653c6b0000]
CodeHeap 'non-nmethods': size=5760Kb used=1453Kb max_used=1560Kb free=4307Kb
 bounds [0x0000026534be0000, 0x0000026534e50000, 0x0000026535180000]
 total_blobs=21771 nmethods=20964 adapters=717
 compilation: enabled
              stopped_count=0, restarted_count=0
 full_count=0

Compilation events (20 events):
Event: 4048.648 Thread 0x0000026545dddaa0 31687   !   4       org.eclipse.jdt.internal.compiler.lookup.FieldBinding::getAnnotationTagBits (175 bytes)
Event: 4048.651 Thread 0x0000026545dddaa0 nmethod 31687 0x000002653d598010 code [0x000002653d5981a0, 0x000002653d5984e8]
Event: 4048.655 Thread 0x0000026545dddaa0 31688       4       org.eclipse.jdt.internal.compiler.ast.Annotation::isAnnotationTargetAllowed (145 bytes)
Event: 4048.656 Thread 0x0000026545dddaa0 nmethod 31688 0x000002653cf96e10 code [0x000002653cf96fa0, 0x000002653cf97128]
Event: 4048.797 Thread 0x0000026547d7ff40 31689       3       java.util.concurrent.CopyOnWriteArrayList::spliterator (11 bytes)
Event: 4048.797 Thread 0x0000026547d7ff40 nmethod 31689 0x00000265351acc10 code [0x00000265351acde0, 0x00000265351ad138]
Event: 4048.801 Thread 0x0000026547d7ff40 31690       1       java.io.DataOutputStream::size (5 bytes)
Event: 4048.801 Thread 0x0000026547d7ff40 nmethod 31690 0x000002653d100e10 code [0x000002653d100fa0, 0x000002653d101078]
Event: 4048.805 Thread 0x0000026547d7ff40 31691       3       org.eclipse.core.internal.localstore.SafeChunkyInputStream::findChunkStart (94 bytes)
Event: 4048.805 Thread 0x0000026547d7ff40 nmethod 31691 0x00000265367dc610 code [0x00000265367dc800, 0x00000265367dccf8]
Event: 4048.805 Thread 0x0000026547d7ff40 31693       3       org.eclipse.core.internal.localstore.SafeChunkyInputStream::buildChunk (114 bytes)
Event: 4048.805 Thread 0x0000026547d7ff40 nmethod 31693 0x0000026535dda690 code [0x0000026535dda880, 0x0000026535ddad08]
Event: 4048.805 Thread 0x0000026547d7ff40 31692       3       org.eclipse.core.internal.localstore.SafeChunkyInputStream::accumulate (63 bytes)
Event: 4048.805 Thread 0x0000026547d7ff40 nmethod 31692 0x0000026536436090 code [0x0000026536436240, 0x0000026536436598]
Event: 4049.065 Thread 0x0000026545dddaa0 31694       4       org.eclipse.jdt.internal.compiler.lookup.MethodBinding::canBeSeenBy (591 bytes)
Event: 4049.071 Thread 0x0000026545dddaa0 nmethod 31694 0x000002653cc6b290 code [0x000002653cc6b500, 0x000002653cc6bd10]
Event: 4049.800 Thread 0x0000026545dddaa0 31695   !   4       org.eclipse.jdt.apt.core.internal.generatedfile.WorkingCopyCleanupListener::processElementDelta (161 bytes)
Event: 4049.812 Thread 0x0000026545dddaa0 nmethod 31695 0x000002653d4b7010 code [0x000002653d4b7340, 0x000002653d4b8458]
Event: 4049.812 Thread 0x0000026545dddaa0 31696       4       org.eclipse.jdt.internal.corext.fix.VariableDeclarationFixCore::createAddFinalOperation (145 bytes)
Event: 4049.816 Thread 0x0000026545dddaa0 nmethod 31696 0x000002653d21e410 code [0x000002653d21e600, 0x000002653d21eb08]

GC Heap History (20 events):
Event: 4050.008 GC heap after
{Heap after GC invocations=10552 (full 414):
 PSYoungGen      total 4608K, used 666K [0x00000000eab00000, 0x00000000eb180000, 0x0000000100000000)
  eden space 3584K, 0% used [0x00000000eab00000,0x00000000eab00000,0x00000000eae80000)
  from space 1024K, 65% used [0x00000000eaf80000,0x00000000eb026900,0x00000000eb080000)
  to   space 1024K, 0% used [0x00000000eb080000,0x00000000eb080000,0x00000000eb180000)
 ParOldGen       total 182272K, used 142978K [0x00000000c0000000, 0x00000000cb200000, 0x00000000eab00000)
  object space 182272K, 78% used [0x00000000c0000000,0x00000000c8ba0838,0x00000000cb200000)
 Metaspace       used 96378K, committed 97472K, reserved 1138688K
  class space    used 9328K, committed 9792K, reserved 1048576K
}
Event: 4050.013 GC heap before
{Heap before GC invocations=10553 (full 414):
 PSYoungGen      total 4608K, used 4250K [0x00000000eab00000, 0x00000000eb180000, 0x0000000100000000)
  eden space 3584K, 100% used [0x00000000eab00000,0x00000000eae80000,0x00000000eae80000)
  from space 1024K, 65% used [0x00000000eaf80000,0x00000000eb026900,0x00000000eb080000)
  to   space 1024K, 0% used [0x00000000eb080000,0x00000000eb080000,0x00000000eb180000)
 ParOldGen       total 182272K, used 142978K [0x00000000c0000000, 0x00000000cb200000, 0x00000000eab00000)
  object space 182272K, 78% used [0x00000000c0000000,0x00000000c8ba0838,0x00000000cb200000)
 Metaspace       used 96378K, committed 97472K, reserved 1138688K
  class space    used 9328K, committed 9792K, reserved 1048576K
}
Event: 4050.013 GC heap after
{Heap after GC invocations=10553 (full 414):
 PSYoungGen      total 4608K, used 842K [0x00000000eab00000, 0x00000000eb180000, 0x0000000100000000)
  eden space 3584K, 0% used [0x00000000eab00000,0x00000000eab00000,0x00000000eae80000)
  from space 1024K, 82% used [0x00000000eb080000,0x00000000eb152910,0x00000000eb180000)
  to   space 1024K, 0% used [0x00000000eaf80000,0x00000000eaf80000,0x00000000eb080000)
 ParOldGen       total 182272K, used 142978K [0x00000000c0000000, 0x00000000cb200000, 0x00000000eab00000)
  object space 182272K, 78% used [0x00000000c0000000,0x00000000c8ba0838,0x00000000cb200000)
 Metaspace       used 96378K, committed 97472K, reserved 1138688K
  class space    used 9328K, committed 9792K, reserved 1048576K
}
Event: 4050.018 GC heap before
{Heap before GC invocations=10554 (full 414):
 PSYoungGen      total 4608K, used 4426K [0x00000000eab00000, 0x00000000eb180000, 0x0000000100000000)
  eden space 3584K, 100% used [0x00000000eab00000,0x00000000eae80000,0x00000000eae80000)
  from space 1024K, 82% used [0x00000000eb080000,0x00000000eb152910,0x00000000eb180000)
  to   space 1024K, 0% used [0x00000000eaf80000,0x00000000eaf80000,0x00000000eb080000)
 ParOldGen       total 182272K, used 142978K [0x00000000c0000000, 0x00000000cb200000, 0x00000000eab00000)
  object space 182272K, 78% used [0x00000000c0000000,0x00000000c8ba0838,0x00000000cb200000)
 Metaspace       used 96378K, committed 97472K, reserved 1138688K
  class space    used 9328K, committed 9792K, reserved 1048576K
}
Event: 4050.019 GC heap after
{Heap after GC invocations=10554 (full 414):
 PSYoungGen      total 4608K, used 964K [0x00000000eab00000, 0x00000000eb100000, 0x0000000100000000)
  eden space 3584K, 0% used [0x00000000eab00000,0x00000000eab00000,0x00000000eae80000)
  from space 1024K, 94% used [0x00000000eaf80000,0x00000000eb071210,0x00000000eb080000)
  to   space 512K, 0% used [0x00000000eb080000,0x00000000eb080000,0x00000000eb100000)
 ParOldGen       total 182272K, used 143442K [0x00000000c0000000, 0x00000000cb200000, 0x00000000eab00000)
  object space 182272K, 78% used [0x00000000c0000000,0x00000000c8c14838,0x00000000cb200000)
 Metaspace       used 96378K, committed 97472K, reserved 1138688K
  class space    used 9328K, committed 9792K, reserved 1048576K
}
Event: 4050.023 GC heap before
{Heap before GC invocations=10555 (full 414):
 PSYoungGen      total 4608K, used 4548K [0x00000000eab00000, 0x00000000eb100000, 0x0000000100000000)
  eden space 3584K, 100% used [0x00000000eab00000,0x00000000eae80000,0x00000000eae80000)
  from space 1024K, 94% used [0x00000000eaf80000,0x00000000eb071210,0x00000000eb080000)
  to   space 512K, 0% used [0x00000000eb080000,0x00000000eb080000,0x00000000eb100000)
 ParOldGen       total 182272K, used 143442K [0x00000000c0000000, 0x00000000cb200000, 0x00000000eab00000)
  object space 182272K, 78% used [0x00000000c0000000,0x00000000c8c14838,0x00000000cb200000)
 Metaspace       used 96378K, committed 97472K, reserved 1138688K
  class space    used 9328K, committed 9792K, reserved 1048576K
}
Event: 4050.024 GC heap after
{Heap after GC invocations=10555 (full 414):
 PSYoungGen      total 4096K, used 484K [0x00000000eab00000, 0x00000000eb100000, 0x0000000100000000)
  eden space 3584K, 0% used [0x00000000eab00000,0x00000000eab00000,0x00000000eae80000)
  from space 512K, 94% used [0x00000000eb080000,0x00000000eb0f9210,0x00000000eb100000)
  to   space 1024K, 0% used [0x00000000eaf00000,0x00000000eaf00000,0x00000000eb000000)
 ParOldGen       total 182272K, used 143594K [0x00000000c0000000, 0x00000000cb200000, 0x00000000eab00000)
  object space 182272K, 78% used [0x00000000c0000000,0x00000000c8c3a838,0x00000000cb200000)
 Metaspace       used 96378K, committed 97472K, reserved 1138688K
  class space    used 9328K, committed 9792K, reserved 1048576K
}
Event: 4050.287 GC heap before
{Heap before GC invocations=10556 (full 414):
 PSYoungGen      total 4096K, used 4068K [0x00000000eab00000, 0x00000000eb100000, 0x0000000100000000)
  eden space 3584K, 100% used [0x00000000eab00000,0x00000000eae80000,0x00000000eae80000)
  from space 512K, 94% used [0x00000000eb080000,0x00000000eb0f9210,0x00000000eb100000)
  to   space 1024K, 0% used [0x00000000eaf00000,0x00000000eaf00000,0x00000000eb000000)
 ParOldGen       total 182272K, used 143594K [0x00000000c0000000, 0x00000000cb200000, 0x00000000eab00000)
  object space 182272K, 78% used [0x00000000c0000000,0x00000000c8c3a838,0x00000000cb200000)
 Metaspace       used 96378K, committed 97472K, reserved 1138688K
  class space    used 9328K, committed 9792K, reserved 1048576K
}
Event: 4050.287 GC heap after
{Heap after GC invocations=10556 (full 414):
 PSYoungGen      total 4608K, used 676K [0x00000000eab00000, 0x00000000eb100000, 0x0000000100000000)
  eden space 3584K, 0% used [0x00000000eab00000,0x00000000eab00000,0x00000000eae80000)
  from space 1024K, 66% used [0x00000000eaf00000,0x00000000eafa9210,0x00000000eb000000)
  to   space 1024K, 0% used [0x00000000eb000000,0x00000000eb000000,0x00000000eb100000)
 ParOldGen       total 182272K, used 144094K [0x00000000c0000000, 0x00000000cb200000, 0x00000000eab00000)
  object space 182272K, 79% used [0x00000000c0000000,0x00000000c8cb7a58,0x00000000cb200000)
 Metaspace       used 96378K, committed 97472K, reserved 1138688K
  class space    used 9328K, committed 9792K, reserved 1048576K
}
Event: 4050.568 GC heap before
{Heap before GC invocations=10557 (full 414):
 PSYoungGen      total 4608K, used 4256K [0x00000000eab00000, 0x00000000eb100000, 0x0000000100000000)
  eden space 3584K, 99% used [0x00000000eab00000,0x00000000eae7f098,0x00000000eae80000)
  from space 1024K, 66% used [0x00000000eaf00000,0x00000000eafa9210,0x00000000eb000000)
  to   space 1024K, 0% used [0x00000000eb000000,0x00000000eb000000,0x00000000eb100000)
 ParOldGen       total 182272K, used 144094K [0x00000000c0000000, 0x00000000cb200000, 0x00000000eab00000)
  object space 182272K, 79% used [0x00000000c0000000,0x00000000c8cb7a58,0x00000000cb200000)
 Metaspace       used 96378K, committed 97472K, reserved 1138688K
  class space    used 9328K, committed 9792K, reserved 1048576K
}
Event: 4050.569 GC heap after
{Heap after GC invocations=10557 (full 414):
 PSYoungGen      total 4096K, used 224K [0x00000000eab00000, 0x00000000eb080000, 0x0000000100000000)
  eden space 3584K, 0% used [0x00000000eab00000,0x00000000eab00000,0x00000000eae80000)
  from space 512K, 43% used [0x00000000eb000000,0x00000000eb038000,0x00000000eb080000)
  to   space 512K, 0% used [0x00000000eaf80000,0x00000000eaf80000,0x00000000eb000000)
 ParOldGen       total 182272K, used 144731K [0x00000000c0000000, 0x00000000cb200000, 0x00000000eab00000)
  object space 182272K, 79% used [0x00000000c0000000,0x00000000c8d56c78,0x00000000cb200000)
 Metaspace       used 96378K, committed 97472K, reserved 1138688K
  class space    used 9328K, committed 9792K, reserved 1048576K
}
Event: 4050.579 GC heap before
{Heap before GC invocations=10558 (full 414):
 PSYoungGen      total 4096K, used 3808K [0x00000000eab00000, 0x00000000eb080000, 0x0000000100000000)
  eden space 3584K, 100% used [0x00000000eab00000,0x00000000eae80000,0x00000000eae80000)
  from space 512K, 43% used [0x00000000eb000000,0x00000000eb038000,0x00000000eb080000)
  to   space 512K, 0% used [0x00000000eaf80000,0x00000000eaf80000,0x00000000eb000000)
 ParOldGen       total 182272K, used 144731K [0x00000000c0000000, 0x00000000cb200000, 0x00000000eab00000)
  object space 182272K, 79% used [0x00000000c0000000,0x00000000c8d56c78,0x00000000cb200000)
 Metaspace       used 96378K, committed 97472K, reserved 1138688K
  class space    used 9328K, committed 9792K, reserved 1048576K
}
Event: 4050.582 GC heap after
{Heap after GC invocations=10558 (full 414):
 PSYoungGen      total 4096K, used 512K [0x00000000eab00000, 0x00000000eb680000, 0x0000000100000000)
  eden space 3584K, 0% used [0x00000000eab00000,0x00000000eab00000,0x00000000eae80000)
  from space 512K, 100% used [0x00000000eaf80000,0x00000000eb000000,0x00000000eb000000)
  to   space 4096K, 0% used [0x00000000eb280000,0x00000000eb280000,0x00000000eb680000)
 ParOldGen       total 182272K, used 147525K [0x00000000c0000000, 0x00000000cb200000, 0x00000000eab00000)
  object space 182272K, 80% used [0x00000000c0000000,0x00000000c9011628,0x00000000cb200000)
 Metaspace       used 96378K, committed 97472K, reserved 1138688K
  class space    used 9328K, committed 9792K, reserved 1048576K
}
Event: 4050.586 GC heap before
{Heap before GC invocations=10559 (full 414):
 PSYoungGen      total 4096K, used 4095K [0x00000000eab00000, 0x00000000eb680000, 0x0000000100000000)
  eden space 3584K, 99% used [0x00000000eab00000,0x00000000eae7ff58,0x00000000eae80000)
  from space 512K, 100% used [0x00000000eaf80000,0x00000000eb000000,0x00000000eb000000)
  to   space 4096K, 0% used [0x00000000eb280000,0x00000000eb280000,0x00000000eb680000)
 ParOldGen       total 182272K, used 147525K [0x00000000c0000000, 0x00000000cb200000, 0x00000000eab00000)
  object space 182272K, 80% used [0x00000000c0000000,0x00000000c9011628,0x00000000cb200000)
 Metaspace       used 96378K, committed 97472K, reserved 1138688K
  class space    used 9328K, committed 9792K, reserved 1048576K
}
Event: 4050.592 GC heap after
{Heap after GC invocations=10559 (full 414):
 PSYoungGen      total 7680K, used 3616K [0x00000000eab00000, 0x00000000eb780000, 0x0000000100000000)
  eden space 3584K, 0% used [0x00000000eab00000,0x00000000eab00000,0x00000000eae80000)
  from space 4096K, 88% used [0x00000000eb280000,0x00000000eb608000,0x00000000eb680000)
  to   space 4096K, 0% used [0x00000000eae80000,0x00000000eae80000,0x00000000eb280000)
 ParOldGen       total 182272K, used 148061K [0x00000000c0000000, 0x00000000cb200000, 0x00000000eab00000)
  object space 182272K, 81% used [0x00000000c0000000,0x00000000c9097628,0x00000000cb200000)
 Metaspace       used 96378K, committed 97472K, reserved 1138688K
  class space    used 9328K, committed 9792K, reserved 1048576K
}
Event: 4050.596 GC heap before
{Heap before GC invocations=10560 (full 414):
 PSYoungGen      total 7680K, used 7200K [0x00000000eab00000, 0x00000000eb780000, 0x0000000100000000)
  eden space 3584K, 100% used [0x00000000eab00000,0x00000000eae80000,0x00000000eae80000)
  from space 4096K, 88% used [0x00000000eb280000,0x00000000eb608000,0x00000000eb680000)
  to   space 4096K, 0% used [0x00000000eae80000,0x00000000eae80000,0x00000000eb280000)
 ParOldGen       total 182272K, used 148061K [0x00000000c0000000, 0x00000000cb200000, 0x00000000eab00000)
  object space 182272K, 81% used [0x00000000c0000000,0x00000000c9097628,0x00000000cb200000)
 Metaspace       used 96378K, committed 97472K, reserved 1138688K
  class space    used 9328K, committed 9792K, reserved 1048576K
}
Event: 4050.607 GC heap after
{Heap after GC invocations=10560 (full 414):
 PSYoungGen      total 7680K, used 3616K [0x00000000eab00000, 0x00000000eb780000, 0x0000000100000000)
  eden space 3584K, 0% used [0x00000000eab00000,0x00000000eab00000,0x00000000eae80000)
  from space 4096K, 88% used [0x00000000eae80000,0x00000000eb208000,0x00000000eb280000)
  to   space 4096K, 0% used [0x00000000eb380000,0x00000000eb380000,0x00000000eb780000)
 ParOldGen       total 182272K, used 151645K [0x00000000c0000000, 0x00000000cb200000, 0x00000000eab00000)
  object space 182272K, 83% used [0x00000000c0000000,0x00000000c9417628,0x00000000cb200000)
 Metaspace       used 96378K, committed 97472K, reserved 1138688K
  class space    used 9328K, committed 9792K, reserved 1048576K
}
Event: 4050.612 GC heap before
{Heap before GC invocations=10561 (full 414):
 PSYoungGen      total 7680K, used 7199K [0x00000000eab00000, 0x00000000eb780000, 0x0000000100000000)
  eden space 3584K, 99% used [0x00000000eab00000,0x00000000eae7ffd0,0x00000000eae80000)
  from space 4096K, 88% used [0x00000000eae80000,0x00000000eb208000,0x00000000eb280000)
  to   space 4096K, 0% used [0x00000000eb380000,0x00000000eb380000,0x00000000eb780000)
 ParOldGen       total 182272K, used 151645K [0x00000000c0000000, 0x00000000cb200000, 0x00000000eab00000)
  object space 182272K, 83% used [0x00000000c0000000,0x00000000c9417628,0x00000000cb200000)
 Metaspace       used 96378K, committed 97472K, reserved 1138688K
  class space    used 9328K, committed 9792K, reserved 1048576K
}
Event: 4050.622 GC heap after
{Heap after GC invocations=10561 (full 414):
 PSYoungGen      total 8704K, used 3648K [0x00000000eab00000, 0x00000000eb780000, 0x0000000100000000)
  eden space 4608K, 0% used [0x00000000eab00000,0x00000000eab00000,0x00000000eaf80000)
  from space 4096K, 89% used [0x00000000eb380000,0x00000000eb710000,0x00000000eb780000)
  to   space 4096K, 0% used [0x00000000eaf80000,0x00000000eaf80000,0x00000000eb380000)
 ParOldGen       total 182272K, used 155245K [0x00000000c0000000, 0x00000000cb200000, 0x00000000eab00000)
  object space 182272K, 85% used [0x00000000c0000000,0x00000000c979b628,0x00000000cb200000)
 Metaspace       used 96378K, committed 97472K, reserved 1138688K
  class space    used 9328K, committed 9792K, reserved 1048576K
}
Event: 4050.630 GC heap before
{Heap before GC invocations=10562 (full 414):
 PSYoungGen      total 8704K, used 8177K [0x00000000eab00000, 0x00000000eb780000, 0x0000000100000000)
  eden space 4608K, 98% used [0x00000000eab00000,0x00000000eaf6c700,0x00000000eaf80000)
  from space 4096K, 89% used [0x00000000eb380000,0x00000000eb710000,0x00000000eb780000)
  to   space 4096K, 0% used [0x00000000eaf80000,0x00000000eaf80000,0x00000000eb380000)
 ParOldGen       total 182272K, used 155245K [0x00000000c0000000, 0x00000000cb200000, 0x00000000eab00000)
  object space 182272K, 85% used [0x00000000c0000000,0x00000000c979b628,0x00000000cb200000)
 Metaspace       used 96378K, committed 97472K, reserved 1138688K
  class space    used 9328K, committed 9792K, reserved 1048576K
}

Deoptimization events (20 events):
Event: 4031.084 Thread 0x000002654c02a7c0 Uncommon trap: trap_request=0xffffff45 fr.pc=0x000002653e325e1c relative=0x000000000000393c
Event: 4031.084 Thread 0x000002654c02a7c0 Uncommon trap: reason=unstable_if action=reinterpret pc=0x000002653e325e1c method=org.eclipse.jdt.internal.corext.dom.ScopeAnalyzer.addInherited(Lorg/eclipse/jdt/core/dom/ITypeBinding;ZILorg/eclipse/jdt/internal/corext/dom/ScopeAnalyzer$IBindingRequestor;
Event: 4031.084 Thread 0x000002654c02a7c0 DEOPT PACKING pc=0x000002653e325e1c sp=0x000000d3376fe6e0
Event: 4031.084 Thread 0x000002654c02a7c0 DEOPT UNPACKING pc=0x0000026534c320a3 sp=0x000000d3376fe6d0 mode 2
Event: 4038.631 Thread 0x000002654a266e50 DEOPT PACKING pc=0x0000026536bd2c7b sp=0x000000d339efe3f0
Event: 4038.631 Thread 0x000002654a266e50 DEOPT UNPACKING pc=0x0000026534c32843 sp=0x000000d339efd918 mode 0
Event: 4047.456 Thread 0x000002654c02a7c0 Uncommon trap: trap_request=0xffffff45 fr.pc=0x000002653e166458 relative=0x0000000000005b78
Event: 4047.456 Thread 0x000002654c02a7c0 Uncommon trap: reason=unstable_if action=reinterpret pc=0x000002653e166458 method=org.eclipse.jdt.internal.compiler.lookup.Scope.findMethod0(Lorg/eclipse/jdt/internal/compiler/lookup/ReferenceBinding;[C[Lorg/eclipse/jdt/internal/compiler/lookup/TypeBindin
Event: 4047.456 Thread 0x000002654c02a7c0 DEOPT PACKING pc=0x000002653e166458 sp=0x000000d3376fe300
Event: 4047.456 Thread 0x000002654c02a7c0 DEOPT UNPACKING pc=0x0000026534c320a3 sp=0x000000d3376fe260 mode 2
Event: 4047.457 Thread 0x000002654c02a7c0 Uncommon trap: trap_request=0xffffffc6 fr.pc=0x000002653dbb006c relative=0x000000000000074c
Event: 4047.457 Thread 0x000002654c02a7c0 Uncommon trap: reason=bimorphic_or_optimized_type_check action=maybe_recompile pc=0x000002653dbb006c method=org.eclipse.jdt.internal.compiler.lookup.Scope.isBoxingCompatibleWith(Lorg/eclipse/jdt/internal/compiler/lookup/TypeBinding;Lorg/eclipse/jdt/intern
Event: 4047.457 Thread 0x000002654c02a7c0 DEOPT PACKING pc=0x000002653dbb006c sp=0x000000d3376fe940
Event: 4047.457 Thread 0x000002654c02a7c0 DEOPT UNPACKING pc=0x0000026534c320a3 sp=0x000000d3376fe8d8 mode 2
Event: 4047.945 Thread 0x000002654c02a7c0 Uncommon trap: trap_request=0xffffffc6 fr.pc=0x000002653dbb006c relative=0x000000000000074c
Event: 4047.945 Thread 0x000002654c02a7c0 Uncommon trap: reason=bimorphic_or_optimized_type_check action=maybe_recompile pc=0x000002653dbb006c method=org.eclipse.jdt.internal.compiler.lookup.Scope.isBoxingCompatibleWith(Lorg/eclipse/jdt/internal/compiler/lookup/TypeBinding;Lorg/eclipse/jdt/intern
Event: 4047.945 Thread 0x000002654c02a7c0 DEOPT PACKING pc=0x000002653dbb006c sp=0x000000d3376fe940
Event: 4047.945 Thread 0x000002654c02a7c0 DEOPT UNPACKING pc=0x0000026534c320a3 sp=0x000000d3376fe8d8 mode 2
Event: 4050.010 Thread 0x000002654a269000 DEOPT PACKING pc=0x0000026536bd2c7b sp=0x000000d3399fe900
Event: 4050.010 Thread 0x000002654a269000 DEOPT UNPACKING pc=0x0000026534c32843 sp=0x000000d3399fde28 mode 0

Classes unloaded (20 events):
Event: 2992.909 Thread 0x0000026545c9a3e0 Unloading class 0x000000010084f280 'org/apache/maven/plugin/compiler/TestCompilerMojo'
Event: 2992.909 Thread 0x0000026545c9a3e0 Unloading class 0x000000010084f000 'org/apache/maven/plugin/compiler/HelpMojo'
Event: 2992.909 Thread 0x0000026545c9a3e0 Unloading class 0x000000010084eb28 'org/apache/maven/plugin/compiler/CompilerMojo'
Event: 2992.909 Thread 0x0000026545c9a3e0 Unloading class 0x000000010084e800 'org/apache/maven/plugin/compiler/AbstractCompilerMojo'
Event: 2992.909 Thread 0x0000026545c9a3e0 Unloading class 0x000000010083a400 'jdk/internal/reflect/GeneratedConstructorAccessor52'
Event: 3909.643 Thread 0x0000026545c9a3e0 Unloading class 0x000000010090cc00 'jdk/internal/reflect/GeneratedSerializationConstructorAccessor44'
Event: 3909.643 Thread 0x0000026545c9a3e0 Unloading class 0x000000010090d400 'jdk/internal/reflect/GeneratedSerializationConstructorAccessor43'
Event: 3909.643 Thread 0x0000026545c9a3e0 Unloading class 0x000000010090d800 'jdk/internal/reflect/GeneratedSerializationConstructorAccessor42'
Event: 3909.643 Thread 0x0000026545c9a3e0 Unloading class 0x000000010091e400 'jdk/internal/reflect/GeneratedMethodAccessor88'
Event: 3909.643 Thread 0x0000026545c9a3e0 Unloading class 0x0000000100928400 'jdk/internal/reflect/GeneratedMethodAccessor87'
Event: 3909.643 Thread 0x0000026545c9a3e0 Unloading class 0x0000000100929800 'jdk/internal/reflect/GeneratedMethodAccessor86'
Event: 3909.643 Thread 0x0000026545c9a3e0 Unloading class 0x000000010083a400 'jdk/internal/reflect/GeneratedMethodAccessor85'
Event: 3909.643 Thread 0x0000026545c9a3e0 Unloading class 0x00000001007f9c00 'jdk/internal/reflect/GeneratedMethodAccessor84'
Event: 3909.643 Thread 0x0000026545c9a3e0 Unloading class 0x00000001007f8c00 'jdk/internal/reflect/GeneratedMethodAccessor83'
Event: 3909.643 Thread 0x0000026545c9a3e0 Unloading class 0x00000001007b9800 'jdk/internal/reflect/GeneratedMethodAccessor82'
Event: 3909.643 Thread 0x0000026545c9a3e0 Unloading class 0x00000001007b8c00 'jdk/internal/reflect/GeneratedMethodAccessor81'
Event: 3909.643 Thread 0x0000026545c9a3e0 Unloading class 0x00000001007f8400 'jdk/internal/reflect/GeneratedMethodAccessor80'
Event: 3909.643 Thread 0x0000026545c9a3e0 Unloading class 0x0000000100740800 'jdk/internal/reflect/GeneratedMethodAccessor79'
Event: 3909.643 Thread 0x0000026545c9a3e0 Unloading class 0x0000000100988c00 'jdk/internal/reflect/GeneratedMethodAccessor78'
Event: 3909.643 Thread 0x0000026545c9a3e0 Unloading class 0x0000000100934000 'jdk/internal/reflect/GeneratedMethodAccessor77'

Classes redefined (0 events):
No events

Internal exceptions (20 events):
Event: 4040.433 Thread 0x000002654a266e50 Exception <a 'java/lang/NullPointerException'{0x00000000eaed4d58}> (0x00000000eaed4d58) 
thrown [e:\jenkins\tmp\workspace\build\src\src\hotspot\share\runtime\sharedRuntime.cpp, line 628]
Event: 4040.433 Thread 0x000002654a266e50 Implicit null exception at 0x0000026536d7ea3f to 0x0000026536d838ca
Event: 4040.433 Thread 0x000002654a266e50 Exception <a 'java/lang/NullPointerException'{0x00000000eaed5410}> (0x00000000eaed5410) 
thrown [e:\jenkins\tmp\workspace\build\src\src\hotspot\share\runtime\sharedRuntime.cpp, line 628]
Event: 4040.433 Thread 0x000002654a266e50 Implicit null exception at 0x0000026536d7ea3f to 0x0000026536d838ca
Event: 4040.433 Thread 0x000002654a266e50 Exception <a 'java/lang/NullPointerException'{0x00000000eaed56e8}> (0x00000000eaed56e8) 
thrown [e:\jenkins\tmp\workspace\build\src\src\hotspot\share\runtime\sharedRuntime.cpp, line 628]
Event: 4040.433 Thread 0x000002654a266e50 Implicit null exception at 0x0000026536d7ea3f to 0x0000026536d838ca
Event: 4040.433 Thread 0x000002654a266e50 Exception <a 'java/lang/NullPointerException'{0x00000000eaed59c0}> (0x00000000eaed59c0) 
thrown [e:\jenkins\tmp\workspace\build\src\src\hotspot\share\runtime\sharedRuntime.cpp, line 628]
Event: 4041.227 Thread 0x000002654c02a7c0 Exception <a 'java/lang/ArrayIndexOutOfBoundsException'{0x00000000eae98328}> (0x00000000eae98328) 
thrown [e:\jenkins\tmp\workspace\build\src\src\hotspot\share\runtime\sharedRuntime.cpp, line 628]
Event: 4043.039 Thread 0x000002654a269000 Implicit null exception at 0x0000026536d7ea3f to 0x0000026536d838ca
Event: 4043.039 Thread 0x000002654a269000 Exception <a 'java/lang/NullPointerException'{0x00000000eacf33c8}> (0x00000000eacf33c8) 
thrown [e:\jenkins\tmp\workspace\build\src\src\hotspot\share\runtime\sharedRuntime.cpp, line 628]
Event: 4043.039 Thread 0x000002654a269000 Implicit null exception at 0x0000026536d7ea3f to 0x0000026536d838ca
Event: 4043.039 Thread 0x000002654a269000 Exception <a 'java/lang/NullPointerException'{0x00000000eacf36a0}> (0x00000000eacf36a0) 
thrown [e:\jenkins\tmp\workspace\build\src\src\hotspot\share\runtime\sharedRuntime.cpp, line 628]
Event: 4043.039 Thread 0x000002654a269000 Implicit null exception at 0x0000026536d7ea3f to 0x0000026536d838ca
Event: 4043.039 Thread 0x000002654a269000 Exception <a 'java/lang/NullPointerException'{0x00000000eacf3978}> (0x00000000eacf3978) 
thrown [e:\jenkins\tmp\workspace\build\src\src\hotspot\share\runtime\sharedRuntime.cpp, line 628]
Event: 4043.039 Thread 0x000002654a269000 Implicit null exception at 0x0000026536d7ea3f to 0x0000026536d838ca
Event: 4043.039 Thread 0x000002654a269000 Exception <a 'java/lang/NullPointerException'{0x00000000eacf4288}> (0x00000000eacf4288) 
thrown [e:\jenkins\tmp\workspace\build\src\src\hotspot\share\runtime\sharedRuntime.cpp, line 628]
Event: 4043.039 Thread 0x000002654a269000 Implicit null exception at 0x0000026536d7ea3f to 0x0000026536d838ca
Event: 4043.039 Thread 0x000002654a269000 Exception <a 'java/lang/NullPointerException'{0x00000000eacf4560}> (0x00000000eacf4560) 
thrown [e:\jenkins\tmp\workspace\build\src\src\hotspot\share\runtime\sharedRuntime.cpp, line 628]
Event: 4043.039 Thread 0x000002654a269000 Implicit null exception at 0x0000026536d7ea3f to 0x0000026536d838ca
Event: 4043.040 Thread 0x000002654a269000 Exception <a 'java/lang/NullPointerException'{0x00000000eacf4838}> (0x00000000eacf4838) 
thrown [e:\jenkins\tmp\workspace\build\src\src\hotspot\share\runtime\sharedRuntime.cpp, line 628]

VM Operations (20 events):
Event: 4050.008 Executing VM operation: ParallelGCFailedAllocation done
Event: 4050.013 Executing VM operation: ParallelGCFailedAllocation
Event: 4050.013 Executing VM operation: ParallelGCFailedAllocation done
Event: 4050.018 Executing VM operation: ParallelGCFailedAllocation
Event: 4050.019 Executing VM operation: ParallelGCFailedAllocation done
Event: 4050.023 Executing VM operation: ParallelGCFailedAllocation
Event: 4050.024 Executing VM operation: ParallelGCFailedAllocation done
Event: 4050.287 Executing VM operation: ParallelGCFailedAllocation
Event: 4050.287 Executing VM operation: ParallelGCFailedAllocation done
Event: 4050.568 Executing VM operation: ParallelGCFailedAllocation
Event: 4050.569 Executing VM operation: ParallelGCFailedAllocation done
Event: 4050.579 Executing VM operation: ParallelGCFailedAllocation
Event: 4050.582 Executing VM operation: ParallelGCFailedAllocation done
Event: 4050.586 Executing VM operation: ParallelGCFailedAllocation
Event: 4050.592 Executing VM operation: ParallelGCFailedAllocation done
Event: 4050.596 Executing VM operation: ParallelGCFailedAllocation
Event: 4050.607 Executing VM operation: ParallelGCFailedAllocation done
Event: 4050.611 Executing VM operation: ParallelGCFailedAllocation
Event: 4050.622 Executing VM operation: ParallelGCFailedAllocation done
Event: 4050.630 Executing VM operation: ParallelGCFailedAllocation

Events (20 events):
Event: 4031.382 Thread 0x0000026547d817c0 flushing nmethod 0x000002653e1c9990
Event: 4031.382 Thread 0x0000026547d817c0 flushing nmethod 0x000002653e1d1210
Event: 4031.382 Thread 0x0000026547d817c0 flushing nmethod 0x000002653e24d210
Event: 4031.382 Thread 0x0000026547d817c0 flushing nmethod 0x000002653e2eef10
Event: 4031.382 Thread 0x0000026547d817c0 flushing nmethod 0x000002653e32f390
Event: 4031.382 Thread 0x0000026547d817c0 flushing nmethod 0x000002653e355910
Event: 4031.382 Thread 0x0000026547d817c0 flushing nmethod 0x000002653e392690
Event: 4031.385 Thread 0x0000026547d817c0 flushing nmethod 0x0000026535b83690
Event: 4031.386 Thread 0x0000026547d817c0 flushing nmethod 0x0000026535d5f110
Event: 4031.389 Thread 0x0000026547d817c0 flushing nmethod 0x000002653679d490
Event: 4031.390 Thread 0x0000026547d817c0 flushing nmethod 0x0000026536d52e10
Event: 4031.392 Thread 0x0000026547d817c0 flushing nmethod 0x00000265371ad910
Event: 4031.392 Thread 0x0000026547d817c0 flushing nmethod 0x00000265373ac290
Event: 4031.395 Thread 0x0000026547d817c0 flushing nmethod 0x0000026537c4c210
Event: 4033.109 Thread 0x0000026559bf19d0 Thread added: 0x0000026559bf19d0
Event: 4033.111 Thread 0x0000026559bf19d0 Thread exited: 0x0000026559bf19d0
Event: 4040.429 Thread 0x0000026547ee5ba0 Thread added: 0x0000026547ee5ba0
Event: 4040.430 Thread 0x0000026547ee5ba0 Thread exited: 0x0000026547ee5ba0
Event: 4043.031 Thread 0x0000026547ee5ba0 Thread added: 0x0000026547ee5ba0
Event: 4043.033 Thread 0x0000026547ee5ba0 Thread exited: 0x0000026547ee5ba0


Dynamic libraries:
0x00007ff69e8d0000 - 0x00007ff69e8de000 	c:\Users\ajsan\.vscode\extensions\redhat.java-1.2.0\jre\17.0.1-win32-x86_64\bin\java.exe
0x00007ffce0490000 - 0x00007ffce0685000 	C:\Windows\SYSTEM32\ntdll.dll
0x00007ffcdec00000 - 0x00007ffcdecbe000 	C:\Windows\System32\KERNEL32.DLL
0x00007ffcddc60000 - 0x00007ffcddf28000 	C:\Windows\System32\KERNELBASE.dll
0x00007ffcde3d0000 - 0x00007ffcde4d0000 	C:\Windows\System32\ucrtbase.dll
0x00007ffcbd9b0000 - 0x00007ffcbd9c9000 	c:\Users\ajsan\.vscode\extensions\redhat.java-1.2.0\jre\17.0.1-win32-x86_64\bin\VCRUNTIME140.dll
0x00007ffcd8aa0000 - 0x00007ffcd8ab8000 	c:\Users\ajsan\.vscode\extensions\redhat.java-1.2.0\jre\17.0.1-win32-x86_64\bin\jli.dll
0x00007ffcdf080000 - 0x00007ffcdf221000 	C:\Windows\System32\USER32.dll
0x00007ffcddf30000 - 0x00007ffcddf52000 	C:\Windows\System32\win32u.dll
0x00007ffcde5b0000 - 0x00007ffcde5db000 	C:\Windows\System32\GDI32.dll
0x00007ffcde2c0000 - 0x00007ffcde3cd000 	C:\Windows\System32\gdi32full.dll
0x00007ffcde170000 - 0x00007ffcde20d000 	C:\Windows\System32\msvcp_win.dll
0x00007ffcc9420000 - 0x00007ffcc96ba000 	C:\Windows\WinSxS\amd64_microsoft.windows.common-controls_6595b64144ccf1df_6.0.19041.1110_none_60b5254171f9507e\COMCTL32.dll
0x00007ffcdf3e0000 - 0x00007ffcdf47e000 	C:\Windows\System32\msvcrt.dll
0x00007ffcdeb50000 - 0x00007ffcdeb80000 	C:\Windows\System32\IMM32.DLL
0x00007ffcd18d0000 - 0x00007ffcd18dc000 	c:\Users\ajsan\.vscode\extensions\redhat.java-1.2.0\jre\17.0.1-win32-x86_64\bin\vcruntime140_1.dll
0x00007ffc7e3a0000 - 0x00007ffc7e431000 	c:\Users\ajsan\.vscode\extensions\redhat.java-1.2.0\jre\17.0.1-win32-x86_64\bin\msvcp140.dll
0x00007ffc79120000 - 0x00007ffc79d66000 	c:\Users\ajsan\.vscode\extensions\redhat.java-1.2.0\jre\17.0.1-win32-x86_64\bin\server\jvm.dll
0x00007ffcdfa80000 - 0x00007ffcdfb2e000 	C:\Windows\System32\ADVAPI32.dll
0x00007ffcdecc0000 - 0x00007ffcded5c000 	C:\Windows\System32\sechost.dll
0x00007ffce0320000 - 0x00007ffce0445000 	C:\Windows\System32\RPCRT4.dll
0x00007ffcdeb40000 - 0x00007ffcdeb48000 	C:\Windows\System32\PSAPI.DLL
0x00007ffcd7a30000 - 0x00007ffcd7a3a000 	C:\Windows\SYSTEM32\VERSION.dll
0x00007ffcb8360000 - 0x00007ffcb8387000 	C:\Windows\SYSTEM32\WINMM.dll
0x00007ffcd9430000 - 0x00007ffcd9439000 	C:\Windows\SYSTEM32\WSOCK32.dll
0x00007ffcde5e0000 - 0x00007ffcde64b000 	C:\Windows\System32\WS2_32.dll
0x00007ffcdc440000 - 0x00007ffcdc452000 	C:\Windows\SYSTEM32\kernel.appcore.dll
0x00007ffcd13e0000 - 0x00007ffcd13ea000 	c:\Users\ajsan\.vscode\extensions\redhat.java-1.2.0\jre\17.0.1-win32-x86_64\bin\jimage.dll
0x00007ffcdb920000 - 0x00007ffcdbb04000 	C:\Windows\SYSTEM32\DBGHELP.DLL
0x00007ffccdb20000 - 0x00007ffccdb4c000 	C:\Windows\SYSTEM32\dbgcore.DLL
0x00007ffcddba0000 - 0x00007ffcddc22000 	C:\Windows\System32\bcryptPrimitives.dll
0x00007ffcb5040000 - 0x00007ffcb5065000 	c:\Users\ajsan\.vscode\extensions\redhat.java-1.2.0\jre\17.0.1-win32-x86_64\bin\java.dll
0x00007ffcd8870000 - 0x00007ffcd8888000 	c:\Users\ajsan\.vscode\extensions\redhat.java-1.2.0\jre\17.0.1-win32-x86_64\bin\zip.dll
0x00007ffcdfb30000 - 0x00007ffce0274000 	C:\Windows\System32\SHELL32.dll
0x00007ffcdbbb0000 - 0x00007ffcdc345000 	C:\Windows\SYSTEM32\windows.storage.dll
0x00007ffcde760000 - 0x00007ffcdeab5000 	C:\Windows\System32\combase.dll
0x00007ffcdd5f0000 - 0x00007ffcdd61e000 	C:\Windows\SYSTEM32\Wldp.dll
0x00007ffcdefd0000 - 0x00007ffcdf07d000 	C:\Windows\System32\SHCORE.dll
0x00007ffcdef70000 - 0x00007ffcdefc5000 	C:\Windows\System32\shlwapi.dll
0x00007ffcddae0000 - 0x00007ffcddaff000 	C:\Windows\SYSTEM32\profapi.dll
0x00007ffcc9710000 - 0x00007ffcc9729000 	C:\Users\ajsan\.vscode\extensions\redhat.java-1.2.0\jre\17.0.1-win32-x86_64\bin\net.dll
0x00007ffcd1410000 - 0x00007ffcd151c000 	C:\Windows\SYSTEM32\WINHTTP.dll
0x00007ffcdd350000 - 0x00007ffcdd3ba000 	C:\Windows\system32\mswsock.dll
0x00007ffcbe4f0000 - 0x00007ffcbe505000 	C:\Users\ajsan\.vscode\extensions\redhat.java-1.2.0\jre\17.0.1-win32-x86_64\bin\nio.dll
0x00007ffcdd550000 - 0x00007ffcdd568000 	C:\Windows\SYSTEM32\CRYPTSP.dll
0x00007ffcdcc00000 - 0x00007ffcdcc34000 	C:\Windows\system32\rsaenh.dll
0x00007ffcddc30000 - 0x00007ffcddc57000 	C:\Windows\System32\bcrypt.dll
0x00007ffcddaa0000 - 0x00007ffcddace000 	C:\Windows\SYSTEM32\USERENV.dll
0x00007ffcdd540000 - 0x00007ffcdd54c000 	C:\Windows\SYSTEM32\CRYPTBASE.dll
0x00007ffcdcff0000 - 0x00007ffcdd02b000 	C:\Windows\SYSTEM32\IPHLPAPI.DLL
0x00007ffce0310000 - 0x00007ffce0318000 	C:\Windows\System32\NSI.dll
0x00007ffcd5ce0000 - 0x00007ffcd5cf7000 	C:\Windows\SYSTEM32\dhcpcsvc6.DLL
0x00007ffcd5da0000 - 0x00007ffcd5dbd000 	C:\Windows\SYSTEM32\dhcpcsvc.DLL
0x00007ffcdd040000 - 0x00007ffcdd10b000 	C:\Windows\SYSTEM32\DNSAPI.dll
0x00007ffcb2af0000 - 0x00007ffcb2b2e000 	C:\Users\ajsan\AppData\Roaming\Code\User\globalStorage\redhat.java\1.2.0\config_win\org.eclipse.equinox.launcher\org.eclipse.equinox.launcher.win32.win32.x86_64_1.2.400.v20211117-0650\eclipse_11602.dll
0x00007ffcded60000 - 0x00007ffcdee8a000 	C:\Windows\System32\ole32.dll
0x00007ffcd8860000 - 0x00007ffcd8870000 	c:\Users\ajsan\.vscode\extensions\redhat.java-1.2.0\jre\17.0.1-win32-x86_64\bin\verify.dll
0x00007ffcb5750000 - 0x00007ffcb5761000 	C:\Users\ajsan\AppData\Roaming\Code\User\globalStorage\redhat.java\1.2.0\config_win\org.eclipse.osgi\22\0\.cp\jWinHttp-1.0.0.dll
0x00007ffcd0d90000 - 0x00007ffcd0d99000 	C:\Users\ajsan\.vscode\extensions\redhat.java-1.2.0\jre\17.0.1-win32-x86_64\bin\management.dll
0x00007ffccdb70000 - 0x00007ffccdb7b000 	C:\Users\ajsan\.vscode\extensions\redhat.java-1.2.0\jre\17.0.1-win32-x86_64\bin\management_ext.dll
0x00007ffcd9490000 - 0x00007ffcd949e000 	C:\Users\ajsan\.vscode\extensions\redhat.java-1.2.0\jre\17.0.1-win32-x86_64\bin\sunmscapi.dll
0x00007ffcddfc0000 - 0x00007ffcde116000 	C:\Windows\System32\CRYPT32.dll
0x00007ffcdd660000 - 0x00007ffcdd687000 	C:\Windows\SYSTEM32\ncrypt.dll
0x00007ffcdd620000 - 0x00007ffcdd65b000 	C:\Windows\SYSTEM32\NTASN1.dll
0x00007ffcd08d0000 - 0x00007ffcd08da000 	C:\Windows\System32\rasadhlp.dll
0x00007ffcd11e0000 - 0x00007ffcd125f000 	C:\Windows\System32\fwpuclnt.dll
0x00007ffcd9480000 - 0x00007ffcd9487000 	C:\Windows\system32\wshunix.dll

dbghelp: loaded successfully - version: 4.0.5 - missing functions: none
symbol engine: initialized successfully - sym options: 0x614 - pdb path: .;c:\Users\ajsan\.vscode\extensions\redhat.java-1.2.0\jre\17.0.1-win32-x86_64\bin;C:\Windows\SYSTEM32;C:\Windows\WinSxS\amd64_microsoft.windows.common-controls_6595b64144ccf1df_6.0.19041.1110_none_60b5254171f9507e;c:\Users\ajsan\.vscode\extensions\redhat.java-1.2.0\jre\17.0.1-win32-x86_64\bin\server;C:\Users\ajsan\AppData\Roaming\Code\User\globalStorage\redhat.java\1.2.0\config_win\org.eclipse.equinox.launcher\org.eclipse.equinox.launcher.win32.win32.x86_64_1.2.400.v20211117-0650;C:\Users\ajsan\AppData\Roaming\Code\User\globalStorage\redhat.java\1.2.0\config_win\org.eclipse.osgi\22\0\.cp

VM Arguments:
jvm_args: --add-modules=ALL-SYSTEM --add-opens=java.base/java.util=ALL-UNNAMED --add-opens=java.base/java.lang=ALL-UNNAMED -Declipse.application=org.eclipse.jdt.ls.core.id1 -Dosgi.bundles.defaultStartLevel=4 -Declipse.product=org.eclipse.jdt.ls.core.product -Djava.import.generatesMetadataFilesAtProjectRoot=false -Dfile.encoding=utf8 -DwatchParentProcess=false -XX:+UseParallelGC -XX:GCTimeRatio=4 -XX:AdaptiveSizePolicyWeight=90 -Dsun.zip.disableMemoryMapping=true -Xmx1G -Xms100m -XX:+HeapDumpOnOutOfMemoryError -XX:HeapDumpPath=c:\Users\ajsan\AppData\Roaming\Code\User\workspaceStorage\b6d053adb5709f7da4896fcc41309df9\redhat.java 
java_command: c:\Users\ajsan\.vscode\extensions\redhat.java-1.2.0\server\plugins\org.eclipse.equinox.launcher_1.6.400.v20210924-0641.jar -configuration c:\Users\ajsan\AppData\Roaming\Code\User\globalStorage\redhat.java\1.2.0\config_win -data c:\Users\ajsan\AppData\Roaming\Code\User\workspaceStorage\b6d053adb5709f7da4896fcc41309df9\redhat.java\jdt_ws
java_class_path (initial): c:\Users\ajsan\.vscode\extensions\redhat.java-1.2.0\server\plugins\org.eclipse.equinox.launcher_1.6.400.v20210924-0641.jar
Launcher Type: SUN_STANDARD

[Global flags]
    uintx AdaptiveSizePolicyWeight                 = 90                                        {product} {command line}
     intx CICompilerCount                          = 3                                         {product} {ergonomic}
    uintx GCTimeRatio                              = 4                                         {product} {command line}
     bool HeapDumpOnOutOfMemoryError               = true                                   {manageable} {command line}
    ccstr HeapDumpPath                             = c:\Users\ajsan\AppData\Roaming\Code\User\workspaceStorage\b6d053adb5709f7da4896fcc41309df9\redhat.java         {manageable} {command line}
   size_t InitialHeapSize                          = 104857600                                 {product} {command line}
   size_t MaxHeapSize                              = 1073741824                                {product} {command line}
   size_t MaxNewSize                               = 357564416                                 {product} {ergonomic}
   size_t MinHeapDeltaBytes                        = 524288                                    {product} {ergonomic}
   size_t MinHeapSize                              = 104857600                                 {product} {command line}
   size_t NewSize                                  = 34603008                                  {product} {ergonomic}
    uintx NonNMethodCodeHeapSize                   = 5832780                                {pd product} {ergonomic}
    uintx NonProfiledCodeHeapSize                  = 122912730                              {pd product} {ergonomic}
   size_t OldSize                                  = 70254592                                  {product} {ergonomic}
    uintx ProfiledCodeHeapSize                     = 122912730                              {pd product} {ergonomic}
    uintx ReservedCodeCacheSize                    = 251658240                              {pd product} {ergonomic}
     bool SegmentedCodeCache                       = true                                      {product} {ergonomic}
   size_t SoftMaxHeapSize                          = 1073741824                             {manageable} {ergonomic}
     bool UseCompressedClassPointers               = true                           {product lp64_product} {ergonomic}
     bool UseCompressedOops                        = true                           {product lp64_product} {ergonomic}
     bool UseLargePagesIndividualAllocation        = false                                  {pd product} {ergonomic}
     bool UseParallelGC                            = true                                      {product} {command line}

Logging:
Log output configuration:
 #0: stdout all=warning uptime,level,tags
 #1: stderr all=off uptime,level,tags

Environment Variables:
PATH=C:\Users\ajsan\bin;C:\Program Files\Git\mingw64\bin;C:\Program Files\Git\usr\local\bin;C:\Program Files\Git\usr\bin;C:\Program Files\Git\usr\bin;C:\Program Files\Git\mingw64\bin;C:\Program Files\Git\usr\bin;C:\Users\ajsan\bin;C:\Program Files\Eclipse Foundation\jdk-11.0.12.7-hotspot\bin;C:\Program Files (x86)\Razer\ChromaBroadcast\bin;C:\Program Files\Razer\ChromaBroadcast\bin;C:\Windows\system32;C:\Windows;C:\Windows\System32\Wbem;C:\Windows\System32\WindowsPowerShell\v1.0;C:\Windows\System32\OpenSSH;C:\Windows\system32\config\systemprofile\AppData\Local\Microsoft\WindowsApps;C:\Maven\bin;C:\Program Files\Git\cmd;C:\Program Files\nodejs;C:\Users\ajsan\AppData\Local\Programs\Python\Python310\Scripts;C:\Users\ajsan\AppData\Local\Programs\Python\Python310;C:\Users\ajsan\AppData\Local\Microsoft\WindowsApps;C:\Users\ajsan\AppData\Roaming\npm;C:\Users\ajsan\AppData\Local\Programs\Microsoft VS Code\bin;C:\Program Files\Git\usr\bin\vendor_perl;C:\Program Files\Git\usr\bin\core_perl
USERNAME=Arthur
SHELL=C:\Program Files\Git\usr\bin\bash.exe
DISPLAY=needs-to-be-defined
LC_CTYPE=pt_BR.UTF-8
OS=Windows_NT
PROCESSOR_IDENTIFIER=Intel64 Family 6 Model 158 Stepping 13, GenuineIntel



---------------  S Y S T E M  ---------------

OS:
 Windows 10 , 64 bit Build 19041 (10.0.19041.1466)
OS uptime: 0 days 6:18 hours

CPU: total 6 (initial active 6) (6 cores per cpu, 1 threads per core) family 6 model 158 stepping 13 microcode 0xb8, cx8, cmov, fxsr, mmx, 3dnowpref, sse, sse2, sse3, ssse3, sse4.1, sse4.2, popcnt, lzcnt, tsc, tscinvbit, avx, avx2, aes, erms, clmul, bmi1, bmi2, rtm, adx, fma, vzeroupper, clflush, clflushopt

Memory: 4k page, system-wide physical 15290M (7193M free)
TotalPageFile size 19258M (AvailPageFile size 7567M)
current process WorkingSet (physical memory assigned to process): 526M, peak: 630M
current process commit charge ("private bytes"): 515M, peak: 622M

vm_info: OpenJDK 64-Bit Server VM (17.0.1+12) for windows-amd64 JRE (17.0.1+12), built on Oct 20 2021 07:42:55 by "" with MS VC++ 16.7 (VS2019)

END.
